#
# There is insufficient memory for the Java Runtime Environment to continue.
# Native memory allocation (malloc) failed to allocate 896016 bytes for Chunk::new
# Possible reasons:
#   The system is out of physical RAM or swap space
#   The process is running with CompressedOops enabled, and the Java Heap may be blocking the growth of the native heap
# Possible solutions:
#   Reduce memory load on the system
#   Increase physical memory or swap space
#   Check if swap backing store is full
#   Decrease Java heap size (-Xmx/-Xms)
#   Decrease number of Java threads
#   Decrease Java thread stack sizes (-Xss)
#   Set larger code cache with -XX:ReservedCodeCacheSize=
#   JVM is running with Unscaled Compressed Oops mode in which the Java heap is
#     placed in the first 4GB address space. The Java Heap base address is the
#     maximum limit for the native heap growth. Please use -XX:HeapBaseMinAddress
#     to set the Java Heap base and to place the Java Heap above 4GB virtual address.
# This output file may be truncated or incomplete.
#
#  Out of Memory Error (arena.cpp:189), pid=8692, tid=3360
#
# JRE version: OpenJDK Runtime Environment (17.0.6) (build 17.0.6+0-b2043.56-10027231)
# Java VM: OpenJDK 64-Bit Server VM (17.0.6+0-b2043.56-10027231, mixed mode, tiered, compressed oops, compressed class ptrs, g1 gc, windows-amd64)
# No core dump will be written. Minidumps are not enabled by default on client versions of Windows
#

---------------  S U M M A R Y ------------

Command Line: --add-opens=java.base/java.util=ALL-UNNAMED --add-opens=java.base/java.lang=ALL-UNNAMED --add-opens=java.base/java.lang.invoke=ALL-UNNAMED --add-opens=java.prefs/java.util.prefs=ALL-UNNAMED --add-opens=java.base/java.nio.charset=ALL-UNNAMED --add-opens=java.base/java.net=ALL-UNNAMED --add-opens=java.base/java.util.concurrent.atomic=ALL-UNNAMED -Xmx2048m -Dfile.encoding=UTF-8 -Duser.country=US -Duser.language=en -Duser.variant org.gradle.launcher.daemon.bootstrap.GradleDaemon 8.0

Host: 11th Gen Intel(R) Core(TM) i5-1135G7 @ 2.40GHz, 8 cores, 15G,  Windows 10 , 64 bit Build 19041 (10.0.19041.2251)
Time: Mon Oct  2 04:16:06 2023 W. Central Africa Standard Time elapsed time: 90.608529 seconds (0d 0h 1m 30s)

---------------  T H R E A D  ---------------

Current thread (0x000002354087f950):  JavaThread "C2 CompilerThread0" daemon [_thread_in_native, id=3360, stack(0x000000ff6fa00000,0x000000ff6fb00000)]


Current CompileTask:
C2:  90608 13949       4       javax.management.ObjectName::construct (1135 bytes)

Stack: [0x000000ff6fa00000,0x000000ff6fb00000]
Native frames: (J=compiled Java code, j=interpreted, Vv=VM code, C=native code)
V  [jvm.dll+0x683c9a]
V  [jvm.dll+0x8427a4]
V  [jvm.dll+0x843f9e]
V  [jvm.dll+0x844603]
V  [jvm.dll+0x249b75]
V  [jvm.dll+0xabcac]
V  [jvm.dll+0xac27c]
V  [jvm.dll+0x2b0eef]
V  [jvm.dll+0x58a267]
V  [jvm.dll+0x2243b2]
V  [jvm.dll+0x22478f]
V  [jvm.dll+0x21e055]
V  [jvm.dll+0x21b51b]
V  [jvm.dll+0x1a4fdd]
V  [jvm.dll+0x22b098]
V  [jvm.dll+0x229159]
V  [jvm.dll+0x7f81ec]
V  [jvm.dll+0x7f274a]
V  [jvm.dll+0x682ad5]
C  [ucrtbase.dll+0x21bb2]
C  [KERNEL32.DLL+0x174b4]
C  [ntdll.dll+0x526a1]


---------------  P R O C E S S  ---------------

Threads class SMR info:
_java_thread_list=0x00000235435f7080, length=142, elements={
0x000002352412d670, 0x0000023540830dd0, 0x0000023540833040, 0x00000235408783c0,
0x000002354087ac90, 0x000002354087d560, 0x000002354087e5c0, 0x000002354087f950,
0x0000023540880aa0, 0x0000023540885040, 0x0000023540a1e760, 0x0000023540a22c40,
0x00000235424c87e0, 0x000002354374fec0, 0x0000023541713880, 0x0000023543bc04f0,
0x0000023543416ee0, 0x000002354197a5c0, 0x0000023543a70c90, 0x0000023543c12cc0,
0x0000023543b2bd60, 0x0000023543b2d0a0, 0x0000023543b2c230, 0x0000023543b2a080,
0x0000023543b2cbd0, 0x0000023543b2d570, 0x0000023543b2da40, 0x0000023543b2a550,
0x0000023543b2aa20, 0x0000023543b2b890, 0x0000023543b2aef0, 0x0000023543b2b3c0,
0x000002354527f090, 0x0000023545279ec0, 0x0000023545277840, 0x000002354527e220,
0x000002354527a860, 0x00000235452799f0, 0x000002354527e6f0, 0x000002354527c540,
0x000002354527c070, 0x000002354527ca10, 0x0000023545277d10, 0x000002354527ebc0,
0x00000235452786b0, 0x000002354527ad30, 0x000002354527b200, 0x000002354527b6d0,
0x0000023545278b80, 0x000002354527bba0, 0x0000023545279050, 0x000002354527cee0,
0x0000023545279520, 0x000002354527d3b0, 0x000002354527d880, 0x0000023543b324c0,
0x0000023543b37b60, 0x0000023543b37690, 0x0000023543b371c0, 0x0000023543b36cf0,
0x0000023543b33330, 0x0000023543b33800, 0x0000023543b34670, 0x0000023543b36350,
0x0000023543b341a0, 0x0000023543b34b40, 0x0000023543b31650, 0x0000023543b36820,
0x0000023543b38500, 0x0000023543b359b0, 0x0000023543b38030, 0x0000023543b31b20,
0x0000023543b30cb0, 0x0000023543b31ff0, 0x0000023543b32990, 0x0000023543b31180,
0x0000023543b35e80, 0x0000023543b32e60, 0x0000023543b35010, 0x0000023543b354e0,
0x0000023543b33cd0, 0x0000023545a4e3e0, 0x0000023545a4d570, 0x0000023545a4f250,
0x0000023545a4da40, 0x0000023545a50a60, 0x0000023545a52270, 0x0000023545a4d0a0,
0x0000023545a4f720, 0x0000023545a4fbf0, 0x0000023545a52c10, 0x0000023545a530e0,
0x0000023545a50590, 0x0000023545a535b0, 0x0000023545a4df10, 0x0000023545a51400,
0x0000023545a54420, 0x0000023545a518d0, 0x0000023545a500c0, 0x0000023545a4e8b0,
0x0000023545a53f50, 0x0000023545a4ed80, 0x0000023545a50f30, 0x0000023545a548f0,
0x0000023545a52740, 0x0000023545a53a80, 0x0000023545a51da0, 0x00000235456e0b30,
0x00000235456db960, 0x00000235456e1000, 0x00000235456dc300, 0x00000235456e19a0,
0x00000235456e2ce0, 0x00000235456dcca0, 0x00000235456e2340, 0x00000235456e2810,
0x00000235456dee50, 0x00000235456dd640, 0x00000235456ddb10, 0x00000235456e14d0,
0x00000235456dc7d0, 0x00000235456dbe30, 0x00000235456ddfe0, 0x00000235456de4b0,
0x00000235456de980, 0x0000023547788c30, 0x0000023547783590, 0x00000235477813e0,
0x0000023547783a60, 0x00000235477878f0, 0x0000023547787dc0, 0x0000023547782bf0,
0x00000235477848d0, 0x0000023547786a80, 0x0000023547784da0, 0x0000023547784400,
0x0000023547782250, 0x0000023547786f50, 0x0000023547787420, 0x00000235477830c0,
0x0000023547783f30, 0x0000023547785740
}

Java Threads: ( => current thread )
  0x000002352412d670 JavaThread "main" [_thread_blocked, id=9680, stack(0x000000ff6ed00000,0x000000ff6ee00000)]
  0x0000023540830dd0 JavaThread "Reference Handler" daemon [_thread_blocked, id=15316, stack(0x000000ff6f400000,0x000000ff6f500000)]
  0x0000023540833040 JavaThread "Finalizer" daemon [_thread_blocked, id=15504, stack(0x000000ff6f500000,0x000000ff6f600000)]
  0x00000235408783c0 JavaThread "Signal Dispatcher" daemon [_thread_blocked, id=5988, stack(0x000000ff6f600000,0x000000ff6f700000)]
  0x000002354087ac90 JavaThread "Attach Listener" daemon [_thread_blocked, id=4576, stack(0x000000ff6f700000,0x000000ff6f800000)]
  0x000002354087d560 JavaThread "Service Thread" daemon [_thread_blocked, id=6740, stack(0x000000ff6f800000,0x000000ff6f900000)]
  0x000002354087e5c0 JavaThread "Monitor Deflation Thread" daemon [_thread_blocked, id=3316, stack(0x000000ff6f900000,0x000000ff6fa00000)]
=>0x000002354087f950 JavaThread "C2 CompilerThread0" daemon [_thread_in_native, id=3360, stack(0x000000ff6fa00000,0x000000ff6fb00000)]
  0x0000023540880aa0 JavaThread "C1 CompilerThread0" daemon [_thread_blocked, id=8512, stack(0x000000ff6fb00000,0x000000ff6fc00000)]
  0x0000023540885040 JavaThread "Sweeper thread" daemon [_thread_blocked, id=11060, stack(0x000000ff6fc00000,0x000000ff6fd00000)]
  0x0000023540a1e760 JavaThread "Common-Cleaner" daemon [_thread_blocked, id=6480, stack(0x000000ff6fd00000,0x000000ff6fe00000)]
  0x0000023540a22c40 JavaThread "Notification Thread" daemon [_thread_blocked, id=15388, stack(0x000000ff6fe00000,0x000000ff6ff00000)]
  0x00000235424c87e0 JavaThread "Daemon health stats" [_thread_blocked, id=9912, stack(0x000000ff70700000,0x000000ff70800000)]
  0x000002354374fec0 JavaThread "Incoming local TCP Connector on port 60712" [_thread_in_native, id=2340, stack(0x000000ff70800000,0x000000ff70900000)]
  0x0000023541713880 JavaThread "Daemon periodic checks" [_thread_blocked, id=10828, stack(0x000000ff70900000,0x000000ff70a00000)]
  0x0000023543bc04f0 JavaThread "Daemon" [_thread_blocked, id=5932, stack(0x000000ff70a00000,0x000000ff70b00000)]
  0x0000023543416ee0 JavaThread "Handler for socket connection from /127.0.0.1:60712 to /127.0.0.1:60713" [_thread_in_native, id=15728, stack(0x000000ff70b00000,0x000000ff70c00000)]
  0x000002354197a5c0 JavaThread "Cancel handler" [_thread_blocked, id=11912, stack(0x000000ff70c00000,0x000000ff70d00000)]
  0x0000023543a70c90 JavaThread "Daemon worker" [_thread_blocked, id=3980, stack(0x000000ff70d00000,0x000000ff70e00000)]
  0x0000023543c12cc0 JavaThread "Asynchronous log dispatcher for DefaultDaemonConnection: socket connection from /127.0.0.1:60712 to /127.0.0.1:60713" [_thread_blocked, id=14484, stack(0x000000ff70e00000,0x000000ff70f00000)]
  0x0000023543b2bd60 JavaThread "Daemon client event forwarder" [_thread_blocked, id=9396, stack(0x000000ff71000000,0x000000ff71100000)]
  0x0000023543b2d0a0 JavaThread "Cache worker for journal cache (C:\Users\ahmed\.gradle\caches\journal-1)" [_thread_blocked, id=9980, stack(0x000000ff71400000,0x000000ff71500000)]
  0x0000023543b2c230 JavaThread "File lock request listener" [_thread_in_native, id=5124, stack(0x000000ff71500000,0x000000ff71600000)]
  0x0000023543b2a080 JavaThread "Cache worker for file hash cache (C:\Users\ahmed\.gradle\caches\8.0\fileHashes)" [_thread_blocked, id=10644, stack(0x000000ff71600000,0x000000ff71700000)]
  0x0000023543b2cbd0 JavaThread "File watcher server" daemon [_thread_in_native, id=9392, stack(0x000000ff71800000,0x000000ff71900000)]
  0x0000023543b2d570 JavaThread "File watcher consumer" daemon [_thread_blocked, id=11248, stack(0x000000ff71900000,0x000000ff71a00000)]
  0x0000023543b2da40 JavaThread "Cache worker for checksums cache (C:\Users\ahmed\AndroidStudioProjects\MyApplication\.gradle\8.0\checksums)" [_thread_blocked, id=12036, stack(0x000000ff71a00000,0x000000ff71b00000)]
  0x0000023543b2a550 JavaThread "Cache worker for cache directory md-rule (C:\Users\ahmed\.gradle\caches\8.0\md-rule)" [_thread_blocked, id=12820, stack(0x000000ff71b00000,0x000000ff71c00000)]
  0x0000023543b2aa20 JavaThread "Cache worker for file content cache (C:\Users\ahmed\.gradle\caches\8.0\fileContent)" [_thread_blocked, id=5268, stack(0x000000ff71c00000,0x000000ff71d00000)]
  0x0000023543b2b890 JavaThread "Cache worker for file hash cache (C:\Users\ahmed\AndroidStudioProjects\MyApplication\.gradle\8.0\fileHashes)" [_thread_blocked, id=4312, stack(0x000000ff71d00000,0x000000ff71e00000)]
  0x0000023543b2aef0 JavaThread "Cache worker for cache directory md-supplier (C:\Users\ahmed\.gradle\caches\8.0\md-supplier)" [_thread_blocked, id=3956, stack(0x000000ff71e00000,0x000000ff71f00000)]
  0x0000023543b2b3c0 JavaThread "Cache worker for execution history cache (C:\Users\ahmed\.gradle\caches\8.0\executionHistory)" [_thread_blocked, id=10440, stack(0x000000ff71f00000,0x000000ff72000000)]
  0x000002354527f090 JavaThread "jar transforms" [_thread_blocked, id=11164, stack(0x000000ff72000000,0x000000ff72100000)]
  0x0000023545279ec0 JavaThread "jar transforms Thread 2" [_thread_blocked, id=1604, stack(0x000000ff72100000,0x000000ff72200000)]
  0x0000023545277840 JavaThread "Cache worker for kotlin-dsl (C:\Users\ahmed\.gradle\caches\8.0\kotlin-dsl)" [_thread_blocked, id=15920, stack(0x000000ff72200000,0x000000ff72300000)]
  0x000002354527e220 JavaThread "jar transforms Thread 3" [_thread_blocked, id=15484, stack(0x000000ff72300000,0x000000ff72400000)]
  0x000002354527a860 JavaThread "jar transforms Thread 4" [_thread_blocked, id=3632, stack(0x000000ff72400000,0x000000ff72500000)]
  0x00000235452799f0 JavaThread "Cache worker for dependencies-accessors (C:\Users\ahmed\AndroidStudioProjects\MyApplication\.gradle\8.0\dependencies-accessors)" [_thread_blocked, id=2344, stack(0x000000ff72500000,0x000000ff72600000)]
  0x000002354527e6f0 JavaThread "Cache worker for Build Output Cleanup Cache (C:\Users\ahmed\AndroidStudioProjects\MyApplication\.gradle\buildOutputCleanup)" [_thread_blocked, id=6148, stack(0x000000ff72600000,0x000000ff72700000)]
  0x000002354527c540 JavaThread "jar transforms Thread 5" [_thread_blocked, id=15296, stack(0x000000ff72700000,0x000000ff72800000)]
  0x000002354527c070 JavaThread "Unconstrained build operations" [_thread_blocked, id=8808, stack(0x000000ff72800000,0x000000ff72900000)]
  0x000002354527ca10 JavaThread "Unconstrained build operations Thread 2" [_thread_blocked, id=4980, stack(0x000000ff72900000,0x000000ff72a00000)]
  0x0000023545277d10 JavaThread "Unconstrained build operations Thread 3" [_thread_blocked, id=13092, stack(0x000000ff72a00000,0x000000ff72b00000)]
  0x000002354527ebc0 JavaThread "Unconstrained build operations Thread 4" [_thread_blocked, id=9028, stack(0x000000ff72b00000,0x000000ff72c00000)]
  0x00000235452786b0 JavaThread "Unconstrained build operations Thread 5" [_thread_blocked, id=1320, stack(0x000000ff72c00000,0x000000ff72d00000)]
  0x000002354527ad30 JavaThread "Unconstrained build operations Thread 6" [_thread_blocked, id=15220, stack(0x000000ff72d00000,0x000000ff72e00000)]
  0x000002354527b200 JavaThread "Unconstrained build operations Thread 7" [_thread_blocked, id=13544, stack(0x000000ff72e00000,0x000000ff72f00000)]
  0x000002354527b6d0 JavaThread "Unconstrained build operations Thread 8" [_thread_blocked, id=12808, stack(0x000000ff72f00000,0x000000ff73000000)]
  0x0000023545278b80 JavaThread "Unconstrained build operations Thread 9" [_thread_blocked, id=8372, stack(0x000000ff73000000,0x000000ff73100000)]
  0x000002354527bba0 JavaThread "Unconstrained build operations Thread 10" [_thread_blocked, id=13680, stack(0x000000ff73100000,0x000000ff73200000)]
  0x0000023545279050 JavaThread "Unconstrained build operations Thread 11" [_thread_blocked, id=1780, stack(0x000000ff73200000,0x000000ff73300000)]
  0x000002354527cee0 JavaThread "Unconstrained build operations Thread 12" [_thread_blocked, id=10920, stack(0x000000ff73300000,0x000000ff73400000)]
  0x0000023545279520 JavaThread "Unconstrained build operations Thread 13" [_thread_blocked, id=8216, stack(0x000000ff73400000,0x000000ff73500000)]
  0x000002354527d3b0 JavaThread "Unconstrained build operations Thread 14" [_thread_blocked, id=12456, stack(0x000000ff73500000,0x000000ff73600000)]
  0x000002354527d880 JavaThread "Unconstrained build operations Thread 15" [_thread_blocked, id=3592, stack(0x000000ff73600000,0x000000ff73700000)]
  0x0000023543b324c0 JavaThread "Unconstrained build operations Thread 16" [_thread_blocked, id=6704, stack(0x000000ff73700000,0x000000ff73800000)]
  0x0000023543b37b60 JavaThread "Unconstrained build operations Thread 17" [_thread_blocked, id=6584, stack(0x000000ff73800000,0x000000ff73900000)]
  0x0000023543b37690 JavaThread "Unconstrained build operations Thread 18" [_thread_in_native, id=8040, stack(0x000000ff73900000,0x000000ff73a00000)]
  0x0000023543b371c0 JavaThread "Unconstrained build operations Thread 19" [_thread_blocked, id=5392, stack(0x000000ff73a00000,0x000000ff73b00000)]
  0x0000023543b36cf0 JavaThread "Unconstrained build operations Thread 20" [_thread_blocked, id=10104, stack(0x000000ff73b00000,0x000000ff73c00000)]
  0x0000023543b33330 JavaThread "Unconstrained build operations Thread 21" [_thread_blocked, id=1424, stack(0x000000ff73c00000,0x000000ff73d00000)]
  0x0000023543b33800 JavaThread "Unconstrained build operations Thread 22" [_thread_blocked, id=2488, stack(0x000000ff73d00000,0x000000ff73e00000)]
  0x0000023543b34670 JavaThread "Unconstrained build operations Thread 23" [_thread_blocked, id=15328, stack(0x000000ff73e00000,0x000000ff73f00000)]
  0x0000023543b36350 JavaThread "Unconstrained build operations Thread 24" [_thread_blocked, id=11520, stack(0x000000ff73f00000,0x000000ff74000000)]
  0x0000023543b341a0 JavaThread "Unconstrained build operations Thread 25" [_thread_blocked, id=6768, stack(0x000000ff74000000,0x000000ff74100000)]
  0x0000023543b34b40 JavaThread "Unconstrained build operations Thread 26" [_thread_blocked, id=14964, stack(0x000000ff74100000,0x000000ff74200000)]
  0x0000023543b31650 JavaThread "Unconstrained build operations Thread 27" [_thread_blocked, id=14660, stack(0x000000ff74200000,0x000000ff74300000)]
  0x0000023543b36820 JavaThread "Unconstrained build operations Thread 28" [_thread_blocked, id=6444, stack(0x000000ff74300000,0x000000ff74400000)]
  0x0000023543b38500 JavaThread "Unconstrained build operations Thread 29" [_thread_blocked, id=8724, stack(0x000000ff74400000,0x000000ff74500000)]
  0x0000023543b359b0 JavaThread "Unconstrained build operations Thread 30" [_thread_blocked, id=13904, stack(0x000000ff74500000,0x000000ff74600000)]
  0x0000023543b38030 JavaThread "Unconstrained build operations Thread 31" [_thread_blocked, id=14316, stack(0x000000ff74600000,0x000000ff74700000)]
  0x0000023543b31b20 JavaThread "Unconstrained build operations Thread 32" [_thread_blocked, id=11716, stack(0x000000ff74700000,0x000000ff74800000)]
  0x0000023543b30cb0 JavaThread "Unconstrained build operations Thread 33" [_thread_blocked, id=15260, stack(0x000000ff74800000,0x000000ff74900000)]
  0x0000023543b31ff0 JavaThread "Unconstrained build operations Thread 34" [_thread_blocked, id=2432, stack(0x000000ff74900000,0x000000ff74a00000)]
  0x0000023543b32990 JavaThread "Unconstrained build operations Thread 35" [_thread_blocked, id=5520, stack(0x000000ff74a00000,0x000000ff74b00000)]
  0x0000023543b31180 JavaThread "Unconstrained build operations Thread 36" [_thread_blocked, id=7948, stack(0x000000ff74b00000,0x000000ff74c00000)]
  0x0000023543b35e80 JavaThread "Unconstrained build operations Thread 37" [_thread_blocked, id=12216, stack(0x000000ff74c00000,0x000000ff74d00000)]
  0x0000023543b32e60 JavaThread "Unconstrained build operations Thread 38" [_thread_blocked, id=4488, stack(0x000000ff74d00000,0x000000ff74e00000)]
  0x0000023543b35010 JavaThread "Unconstrained build operations Thread 39" [_thread_blocked, id=11792, stack(0x000000ff74e00000,0x000000ff74f00000)]
  0x0000023543b354e0 JavaThread "Unconstrained build operations Thread 40" [_thread_blocked, id=11088, stack(0x000000ff74f00000,0x000000ff75000000)]
  0x0000023543b33cd0 JavaThread "Unconstrained build operations Thread 41" [_thread_blocked, id=16328, stack(0x000000ff75000000,0x000000ff75100000)]
  0x0000023545a4e3e0 JavaThread "Unconstrained build operations Thread 42" [_thread_blocked, id=10300, stack(0x000000ff75100000,0x000000ff75200000)]
  0x0000023545a4d570 JavaThread "Unconstrained build operations Thread 43" [_thread_blocked, id=6764, stack(0x000000ff75200000,0x000000ff75300000)]
  0x0000023545a4f250 JavaThread "Unconstrained build operations Thread 44" [_thread_blocked, id=10812, stack(0x000000ff75300000,0x000000ff75400000)]
  0x0000023545a4da40 JavaThread "Unconstrained build operations Thread 45" [_thread_blocked, id=14976, stack(0x000000ff75400000,0x000000ff75500000)]
  0x0000023545a50a60 JavaThread "Unconstrained build operations Thread 46" [_thread_blocked, id=8012, stack(0x000000ff75500000,0x000000ff75600000)]
  0x0000023545a52270 JavaThread "Unconstrained build operations Thread 47" [_thread_blocked, id=11904, stack(0x000000ff75600000,0x000000ff75700000)]
  0x0000023545a4d0a0 JavaThread "Unconstrained build operations Thread 48" [_thread_blocked, id=11136, stack(0x000000ff75700000,0x000000ff75800000)]
  0x0000023545a4f720 JavaThread "Unconstrained build operations Thread 49" [_thread_blocked, id=10188, stack(0x000000ff75800000,0x000000ff75900000)]
  0x0000023545a4fbf0 JavaThread "Unconstrained build operations Thread 50" [_thread_blocked, id=11952, stack(0x000000ff75900000,0x000000ff75a00000)]
  0x0000023545a52c10 JavaThread "Unconstrained build operations Thread 51" [_thread_blocked, id=11104, stack(0x000000ff75a00000,0x000000ff75b00000)]
  0x0000023545a530e0 JavaThread "Unconstrained build operations Thread 52" [_thread_blocked, id=10284, stack(0x000000ff75b00000,0x000000ff75c00000)]
  0x0000023545a50590 JavaThread "Unconstrained build operations Thread 53" [_thread_blocked, id=13612, stack(0x000000ff75c00000,0x000000ff75d00000)]
  0x0000023545a535b0 JavaThread "Unconstrained build operations Thread 54" [_thread_blocked, id=9528, stack(0x000000ff75d00000,0x000000ff75e00000)]
  0x0000023545a4df10 JavaThread "Unconstrained build operations Thread 55" [_thread_blocked, id=5608, stack(0x000000ff75e00000,0x000000ff75f00000)]
  0x0000023545a51400 JavaThread "Unconstrained build operations Thread 56" [_thread_blocked, id=15276, stack(0x000000ff75f00000,0x000000ff76000000)]
  0x0000023545a54420 JavaThread "Unconstrained build operations Thread 57" [_thread_blocked, id=15148, stack(0x000000ff76000000,0x000000ff76100000)]
  0x0000023545a518d0 JavaThread "Unconstrained build operations Thread 58" [_thread_blocked, id=6604, stack(0x000000ff76100000,0x000000ff76200000)]
  0x0000023545a500c0 JavaThread "Unconstrained build operations Thread 59" [_thread_blocked, id=9032, stack(0x000000ff76200000,0x000000ff76300000)]
  0x0000023545a4e8b0 JavaThread "Unconstrained build operations Thread 60" [_thread_blocked, id=3952, stack(0x000000ff76300000,0x000000ff76400000)]
  0x0000023545a53f50 JavaThread "Unconstrained build operations Thread 61" [_thread_blocked, id=412, stack(0x000000ff76400000,0x000000ff76500000)]
  0x0000023545a4ed80 JavaThread "Unconstrained build operations Thread 62" [_thread_blocked, id=1808, stack(0x000000ff76500000,0x000000ff76600000)]
  0x0000023545a50f30 JavaThread "Unconstrained build operations Thread 63" [_thread_blocked, id=2276, stack(0x000000ff76600000,0x000000ff76700000)]
  0x0000023545a548f0 JavaThread "Unconstrained build operations Thread 64" [_thread_blocked, id=4668, stack(0x000000ff76700000,0x000000ff76800000)]
  0x0000023545a52740 JavaThread "Unconstrained build operations Thread 65" [_thread_blocked, id=3192, stack(0x000000ff76800000,0x000000ff76900000)]
  0x0000023545a53a80 JavaThread "Unconstrained build operations Thread 66" [_thread_in_native, id=13088, stack(0x000000ff76900000,0x000000ff76a00000)]
  0x0000023545a51da0 JavaThread "Unconstrained build operations Thread 67" [_thread_blocked, id=12316, stack(0x000000ff76a00000,0x000000ff76b00000)]
  0x00000235456e0b30 JavaThread "Unconstrained build operations Thread 68" [_thread_blocked, id=12312, stack(0x000000ff76b00000,0x000000ff76c00000)]
  0x00000235456db960 JavaThread "Unconstrained build operations Thread 69" [_thread_blocked, id=11900, stack(0x000000ff76c00000,0x000000ff76d00000)]
  0x00000235456e1000 JavaThread "Unconstrained build operations Thread 70" [_thread_blocked, id=13220, stack(0x000000ff76d00000,0x000000ff76e00000)]
  0x00000235456dc300 JavaThread "Unconstrained build operations Thread 71" [_thread_blocked, id=15592, stack(0x000000ff76e00000,0x000000ff76f00000)]
  0x00000235456e19a0 JavaThread "Unconstrained build operations Thread 72" [_thread_blocked, id=15740, stack(0x000000ff76f00000,0x000000ff77000000)]
  0x00000235456e2ce0 JavaThread "Unconstrained build operations Thread 73" [_thread_blocked, id=7116, stack(0x000000ff77000000,0x000000ff77100000)]
  0x00000235456dcca0 JavaThread "Unconstrained build operations Thread 74" [_thread_blocked, id=9904, stack(0x000000ff77100000,0x000000ff77200000)]
  0x00000235456e2340 JavaThread "Unconstrained build operations Thread 75" [_thread_blocked, id=12112, stack(0x000000ff77200000,0x000000ff77300000)]
  0x00000235456e2810 JavaThread "Unconstrained build operations Thread 76" [_thread_blocked, id=11064, stack(0x000000ff77300000,0x000000ff77400000)]
  0x00000235456dee50 JavaThread "Unconstrained build operations Thread 77" [_thread_blocked, id=11424, stack(0x000000ff77400000,0x000000ff77500000)]
  0x00000235456dd640 JavaThread "Unconstrained build operations Thread 78" [_thread_blocked, id=13168, stack(0x000000ff77500000,0x000000ff77600000)]
  0x00000235456ddb10 JavaThread "Unconstrained build operations Thread 79" [_thread_blocked, id=7020, stack(0x000000ff77600000,0x000000ff77700000)]
  0x00000235456e14d0 JavaThread "Unconstrained build operations Thread 80" [_thread_blocked, id=3668, stack(0x000000ff77700000,0x000000ff77800000)]
  0x00000235456dc7d0 JavaThread "jar transforms Thread 6" [_thread_blocked, id=16092, stack(0x000000ff77800000,0x000000ff77900000)]
  0x00000235456dbe30 JavaThread "jar transforms Thread 7" [_thread_blocked, id=13780, stack(0x000000ff77900000,0x000000ff77a00000)]
  0x00000235456ddfe0 JavaThread "jar transforms Thread 8" [_thread_blocked, id=11508, stack(0x000000ff77a00000,0x000000ff77b00000)]
  0x00000235456de4b0 JavaThread "build event listener" [_thread_blocked, id=15992, stack(0x000000ff77b00000,0x000000ff77c00000)]
  0x00000235456de980 JavaThread "Memory manager" [_thread_blocked, id=4888, stack(0x000000ff77c00000,0x000000ff77d00000)]
  0x0000023547788c30 JavaThread "included builds" [_thread_blocked, id=15100, stack(0x000000ff77d00000,0x000000ff77e00000)]
  0x0000023547783590 JavaThread "Execution worker" [_thread_blocked, id=9232, stack(0x000000ff77e00000,0x000000ff77f00000)]
  0x00000235477813e0 JavaThread "Execution worker Thread 2" [_thread_blocked, id=1972, stack(0x000000ff77f00000,0x000000ff78000000)]
  0x0000023547783a60 JavaThread "Execution worker Thread 3" [_thread_blocked, id=9072, stack(0x000000ff78000000,0x000000ff78100000)]
  0x00000235477878f0 JavaThread "Execution worker Thread 4" [_thread_blocked, id=5488, stack(0x000000ff78100000,0x000000ff78200000)]
  0x0000023547787dc0 JavaThread "Execution worker Thread 5" [_thread_blocked, id=2928, stack(0x000000ff78200000,0x000000ff78300000)]
  0x0000023547782bf0 JavaThread "Execution worker Thread 6" [_thread_blocked, id=1632, stack(0x000000ff78300000,0x000000ff78400000)]
  0x00000235477848d0 JavaThread "Execution worker Thread 7" [_thread_blocked, id=6928, stack(0x000000ff78400000,0x000000ff78500000)]
  0x0000023547786a80 JavaThread "Cache worker for execution history cache (C:\Users\ahmed\AndroidStudioProjects\MyApplication\.gradle\8.0\executionHistory)" [_thread_blocked, id=7900, stack(0x000000ff78500000,0x000000ff78600000)]
  0x0000023547784da0 JavaThread "WorkerExecutor Queue" [_thread_blocked, id=16168, stack(0x000000ff78700000,0x000000ff78800000)]
  0x0000023547784400 JavaThread "WorkerExecutor Queue Thread 2" [_thread_blocked, id=7720, stack(0x000000ff78800000,0x000000ff78900000)]
  0x0000023547782250 JavaThread "WorkerExecutor Queue Thread 3" [_thread_blocked, id=5560, stack(0x000000ff78900000,0x000000ff78a00000)]
  0x0000023547786f50 JavaThread "WorkerExecutor Queue Thread 4" [_thread_blocked, id=2736, stack(0x000000ff78a00000,0x000000ff78b00000)]
  0x0000023547787420 JavaThread "WorkerExecutor Queue Thread 6" [_thread_blocked, id=14024, stack(0x000000ff78c00000,0x000000ff78d00000)]
  0x00000235477830c0 JavaThread "WorkerExecutor Queue Thread 7" [_thread_blocked, id=3624, stack(0x000000ff78d00000,0x000000ff78e00000)]
  0x0000023547783f30 JavaThread "WorkerExecutor Queue Thread 8" [_thread_blocked, id=8620, stack(0x000000ff78e00000,0x000000ff78f00000)]
  0x0000023547785740 JavaThread "WorkerExecutor Queue Thread 9" [_thread_blocked, id=12056, stack(0x000000ff78f00000,0x000000ff79000000)]

Other Threads:
  0x000002353ff79760 VMThread "VM Thread" [stack: 0x000000ff6f300000,0x000000ff6f400000] [id=10548]
  0x00000235241ab670 WatcherThread [stack: 0x000000ff6ff00000,0x000000ff70000000] [id=6964]
  0x000002352418a950 GCTaskThread "GC Thread#0" [stack: 0x000000ff6ee00000,0x000000ff6ef00000] [id=13744]
  0x0000023541183460 GCTaskThread "GC Thread#1" [stack: 0x000000ff70100000,0x000000ff70200000] [id=664]
  0x0000023541759650 GCTaskThread "GC Thread#2" [stack: 0x000000ff70200000,0x000000ff70300000] [id=15420]
  0x0000023541759900 GCTaskThread "GC Thread#3" [stack: 0x000000ff70300000,0x000000ff70400000] [id=11004]
  0x0000023540dbee80 GCTaskThread "GC Thread#4" [stack: 0x000000ff70400000,0x000000ff70500000] [id=7728]
  0x0000023540dbf130 GCTaskThread "GC Thread#5" [stack: 0x000000ff70500000,0x000000ff70600000] [id=1848]
  0x000002354396b450 GCTaskThread "GC Thread#6" [stack: 0x000000ff71100000,0x000000ff71200000] [id=10716]
  0x0000023543541590 GCTaskThread "GC Thread#7" [stack: 0x000000ff71200000,0x000000ff71300000] [id=5972]
  0x000002352419b7a0 ConcurrentGCThread "G1 Main Marker" [stack: 0x000000ff6ef00000,0x000000ff6f000000] [id=7008]
  0x000002352419c860 ConcurrentGCThread "G1 Conc#0" [stack: 0x000000ff6f000000,0x000000ff6f100000] [id=13628]
  0x0000023543c05060 ConcurrentGCThread "G1 Conc#1" [stack: 0x000000ff71300000,0x000000ff71400000] [id=9384]
  0x00000235241fdf30 ConcurrentGCThread "G1 Refine#0" [stack: 0x000000ff6f100000,0x000000ff6f200000] [id=16032]
  0x000002354675e970 ConcurrentGCThread "G1 Refine#1" [stack: 0x000000ff71700000,0x000000ff71800000] [id=3772]
  0x00000235241fe860 ConcurrentGCThread "G1 Service" [stack: 0x000000ff6f200000,0x000000ff6f300000] [id=3092]

Threads with active compile tasks:
C2 CompilerThread0    90636 13949       4       javax.management.ObjectName::construct (1135 bytes)

VM state: not at safepoint (normal execution)

VM Mutex/Monitor currently owned by a thread: None

Heap address: 0x0000000080000000, size: 2048 MB, Compressed Oops mode: 32-bit

CDS archive(s) not mapped
Compressed class space mapped at: 0x0000000100000000-0x0000000140000000, reserved size: 1073741824
Narrow klass base: 0x0000000000000000, Narrow klass shift: 3, Narrow klass range: 0x140000000

GC Precious Log:
 CPUs: 8 total, 8 available
 Memory: 16126M
 Large Page Support: Disabled
 NUMA Support: Disabled
 Compressed Oops: Enabled (32-bit)
 Heap Region Size: 1M
 Heap Min Capacity: 8M
 Heap Initial Capacity: 252M
 Heap Max Capacity: 2G
 Pre-touch: Disabled
 Parallel Workers: 8
 Concurrent Workers: 2
 Concurrent Refinement Workers: 8
 Periodic GC: Disabled

Heap:
 garbage-first heap   total 188416K, used 149206K [0x0000000080000000, 0x0000000100000000)
  region size 1024K, 62 young (63488K), 3 survivors (3072K)
 Metaspace       used 110975K, committed 111744K, reserved 1146880K
  class space    used 14951K, committed 15296K, reserved 1048576K

Heap Regions: E=young(eden), S=young(survivor), O=old, HS=humongous(starts), HC=humongous(continues), CS=collection set, F=free, OA=open archive, CA=closed archive, TAMS=top-at-mark-start (previous, next)
|   0|0x0000000080000000, 0x0000000080100000, 0x0000000080100000|100%|HS|  |TAMS 0x0000000080100000, 0x0000000080000000| Complete 
|   1|0x0000000080100000, 0x0000000080200000, 0x0000000080200000|100%|HC|  |TAMS 0x0000000080200000, 0x0000000080100000| Complete 
|   2|0x0000000080200000, 0x0000000080300000, 0x0000000080300000|100%|HC|  |TAMS 0x0000000080300000, 0x0000000080200000| Complete 
|   3|0x0000000080300000, 0x0000000080400000, 0x0000000080400000|100%|HC|  |TAMS 0x0000000080400000, 0x0000000080300000| Complete 
|   4|0x0000000080400000, 0x0000000080500000, 0x0000000080500000|100%| O|  |TAMS 0x0000000080500000, 0x0000000080400000| Untracked 
|   5|0x0000000080500000, 0x0000000080600000, 0x0000000080600000|100%| O|  |TAMS 0x0000000080600000, 0x0000000080500000| Untracked 
|   6|0x0000000080600000, 0x0000000080700000, 0x0000000080700000|100%| O|  |TAMS 0x0000000080700000, 0x0000000080600000| Untracked 
|   7|0x0000000080700000, 0x0000000080800000, 0x0000000080800000|100%| O|  |TAMS 0x0000000080800000, 0x0000000080700000| Untracked 
|   8|0x0000000080800000, 0x0000000080900000, 0x0000000080900000|100%| O|  |TAMS 0x0000000080900000, 0x0000000080800000| Untracked 
|   9|0x0000000080900000, 0x0000000080a00000, 0x0000000080a00000|100%| O|  |TAMS 0x0000000080a00000, 0x0000000080900000| Untracked 
|  10|0x0000000080a00000, 0x0000000080b00000, 0x0000000080b00000|100%| O|  |TAMS 0x0000000080b00000, 0x0000000080a00000| Untracked 
|  11|0x0000000080b00000, 0x0000000080c00000, 0x0000000080c00000|100%| O|  |TAMS 0x0000000080c00000, 0x0000000080b00000| Untracked 
|  12|0x0000000080c00000, 0x0000000080d00000, 0x0000000080d00000|100%| O|  |TAMS 0x0000000080d00000, 0x0000000080c00000| Untracked 
|  13|0x0000000080d00000, 0x0000000080e00000, 0x0000000080e00000|100%| O|  |TAMS 0x0000000080e00000, 0x0000000080d00000| Untracked 
|  14|0x0000000080e00000, 0x0000000080f00000, 0x0000000080f00000|100%| O|  |TAMS 0x0000000080f00000, 0x0000000080e00000| Untracked 
|  15|0x0000000080f00000, 0x0000000081000000, 0x0000000081000000|100%| O|  |TAMS 0x0000000081000000, 0x0000000080f00000| Untracked 
|  16|0x0000000081000000, 0x0000000081100000, 0x0000000081100000|100%| O|  |TAMS 0x0000000081100000, 0x0000000081000000| Untracked 
|  17|0x0000000081100000, 0x0000000081200000, 0x0000000081200000|100%| O|  |TAMS 0x0000000081200000, 0x0000000081100000| Untracked 
|  18|0x0000000081200000, 0x0000000081300000, 0x0000000081300000|100%| O|  |TAMS 0x0000000081300000, 0x0000000081200000| Untracked 
|  19|0x0000000081300000, 0x0000000081400000, 0x0000000081400000|100%| O|  |TAMS 0x0000000081400000, 0x0000000081300000| Untracked 
|  20|0x0000000081400000, 0x0000000081500000, 0x0000000081500000|100%|HS|  |TAMS 0x0000000081500000, 0x0000000081400000| Complete 
|  21|0x0000000081500000, 0x0000000081600000, 0x0000000081600000|100%| O|  |TAMS 0x0000000081600000, 0x0000000081500000| Untracked 
|  22|0x0000000081600000, 0x0000000081700000, 0x0000000081700000|100%| O|  |TAMS 0x0000000081700000, 0x0000000081600000| Untracked 
|  23|0x0000000081700000, 0x0000000081800000, 0x0000000081800000|100%| O|  |TAMS 0x0000000081800000, 0x0000000081700000| Untracked 
|  24|0x0000000081800000, 0x0000000081900000, 0x0000000081900000|100%| O|  |TAMS 0x0000000081900000, 0x0000000081800000| Untracked 
|  25|0x0000000081900000, 0x0000000081a00000, 0x0000000081a00000|100%| O|  |TAMS 0x0000000081a00000, 0x0000000081900000| Untracked 
|  26|0x0000000081a00000, 0x0000000081b00000, 0x0000000081b00000|100%| O|  |TAMS 0x0000000081b00000, 0x0000000081a00000| Untracked 
|  27|0x0000000081b00000, 0x0000000081c00000, 0x0000000081c00000|100%| O|  |TAMS 0x0000000081c00000, 0x0000000081b00000| Untracked 
|  28|0x0000000081c00000, 0x0000000081d00000, 0x0000000081d00000|100%|HS|  |TAMS 0x0000000081d00000, 0x0000000081c00000| Complete 
|  29|0x0000000081d00000, 0x0000000081e00000, 0x0000000081e00000|100%|HS|  |TAMS 0x0000000081e00000, 0x0000000081d00000| Complete 
|  30|0x0000000081e00000, 0x0000000081f00000, 0x0000000081f00000|100%| O|  |TAMS 0x0000000081f00000, 0x0000000081e00000| Untracked 
|  31|0x0000000081f00000, 0x0000000082000000, 0x0000000082000000|100%| O|  |TAMS 0x0000000082000000, 0x0000000081f00000| Untracked 
|  32|0x0000000082000000, 0x0000000082100000, 0x0000000082100000|100%| O|  |TAMS 0x0000000082100000, 0x0000000082000000| Untracked 
|  33|0x0000000082100000, 0x0000000082200000, 0x0000000082200000|100%| O|  |TAMS 0x0000000082200000, 0x0000000082100000| Untracked 
|  34|0x0000000082200000, 0x0000000082300000, 0x0000000082300000|100%| O|  |TAMS 0x0000000082300000, 0x0000000082200000| Untracked 
|  35|0x0000000082300000, 0x0000000082400000, 0x0000000082400000|100%| O|  |TAMS 0x0000000082400000, 0x0000000082300000| Untracked 
|  36|0x0000000082400000, 0x0000000082500000, 0x0000000082500000|100%| O|  |TAMS 0x0000000082500000, 0x0000000082400000| Untracked 
|  37|0x0000000082500000, 0x0000000082600000, 0x0000000082600000|100%| O|  |TAMS 0x0000000082600000, 0x0000000082500000| Untracked 
|  38|0x0000000082600000, 0x0000000082700000, 0x0000000082700000|100%| O|  |TAMS 0x0000000082700000, 0x0000000082600000| Untracked 
|  39|0x0000000082700000, 0x0000000082800000, 0x0000000082800000|100%| O|  |TAMS 0x0000000082800000, 0x0000000082700000| Untracked 
|  40|0x0000000082800000, 0x0000000082900000, 0x0000000082900000|100%| O|  |TAMS 0x0000000082900000, 0x0000000082800000| Untracked 
|  41|0x0000000082900000, 0x0000000082a00000, 0x0000000082a00000|100%| O|  |TAMS 0x0000000082a00000, 0x0000000082900000| Untracked 
|  42|0x0000000082a00000, 0x0000000082b00000, 0x0000000082b00000|100%| O|  |TAMS 0x0000000082b00000, 0x0000000082a00000| Untracked 
|  43|0x0000000082b00000, 0x0000000082c00000, 0x0000000082c00000|100%| O|  |TAMS 0x0000000082c00000, 0x0000000082b00000| Untracked 
|  44|0x0000000082c00000, 0x0000000082d00000, 0x0000000082d00000|100%| O|  |TAMS 0x0000000082d00000, 0x0000000082c00000| Untracked 
|  45|0x0000000082d00000, 0x0000000082e00000, 0x0000000082e00000|100%| O|  |TAMS 0x0000000082e00000, 0x0000000082d00000| Untracked 
|  46|0x0000000082e00000, 0x0000000082f00000, 0x0000000082f00000|100%| O|  |TAMS 0x0000000082f00000, 0x0000000082e00000| Untracked 
|  47|0x0000000082f00000, 0x0000000083000000, 0x0000000083000000|100%| O|  |TAMS 0x0000000083000000, 0x0000000082f00000| Untracked 
|  48|0x0000000083000000, 0x0000000083100000, 0x0000000083100000|100%| O|  |TAMS 0x0000000083100000, 0x0000000083000000| Untracked 
|  49|0x0000000083100000, 0x0000000083200000, 0x0000000083200000|100%| O|  |TAMS 0x0000000083200000, 0x0000000083100000| Untracked 
|  50|0x0000000083200000, 0x0000000083300000, 0x0000000083300000|100%| O|  |TAMS 0x0000000083300000, 0x0000000083200000| Untracked 
|  51|0x0000000083300000, 0x0000000083300000, 0x0000000083400000|  0%| F|  |TAMS 0x0000000083300000, 0x0000000083300000| Untracked 
|  52|0x0000000083400000, 0x0000000083500000, 0x0000000083500000|100%| O|  |TAMS 0x0000000083500000, 0x0000000083400000| Untracked 
|  53|0x0000000083500000, 0x0000000083600000, 0x0000000083600000|100%| O|  |TAMS 0x0000000083600000, 0x0000000083500000| Untracked 
|  54|0x0000000083600000, 0x0000000083700000, 0x0000000083700000|100%| O|  |TAMS 0x0000000083700000, 0x0000000083600000| Untracked 
|  55|0x0000000083700000, 0x0000000083800000, 0x0000000083800000|100%| O|  |TAMS 0x0000000083800000, 0x0000000083700000| Untracked 
|  56|0x0000000083800000, 0x0000000083900000, 0x0000000083900000|100%| O|  |TAMS 0x0000000083900000, 0x0000000083800000| Untracked 
|  57|0x0000000083900000, 0x0000000083a00000, 0x0000000083a00000|100%| O|  |TAMS 0x0000000083a00000, 0x0000000083900000| Untracked 
|  58|0x0000000083a00000, 0x0000000083b00000, 0x0000000083b00000|100%| O|  |TAMS 0x0000000083b00000, 0x0000000083a00000| Untracked 
|  59|0x0000000083b00000, 0x0000000083c00000, 0x0000000083c00000|100%| O|  |TAMS 0x0000000083c00000, 0x0000000083b00000| Untracked 
|  60|0x0000000083c00000, 0x0000000083d00000, 0x0000000083d00000|100%| O|  |TAMS 0x0000000083d00000, 0x0000000083c00000| Untracked 
|  61|0x0000000083d00000, 0x0000000083e00000, 0x0000000083e00000|100%| O|  |TAMS 0x0000000083e00000, 0x0000000083d00000| Untracked 
|  62|0x0000000083e00000, 0x0000000083f00000, 0x0000000083f00000|100%| O|  |TAMS 0x0000000083f00000, 0x0000000083e00000| Untracked 
|  63|0x0000000083f00000, 0x0000000084000000, 0x0000000084000000|100%| O|  |TAMS 0x0000000084000000, 0x0000000083f00000| Untracked 
|  64|0x0000000084000000, 0x0000000084100000, 0x0000000084100000|100%| O|  |TAMS 0x0000000084100000, 0x0000000084000000| Untracked 
|  65|0x0000000084100000, 0x0000000084200000, 0x0000000084200000|100%| O|  |TAMS 0x0000000084100000, 0x0000000084100000| Untracked 
|  66|0x0000000084200000, 0x0000000084300000, 0x0000000084300000|100%| O|  |TAMS 0x0000000084300000, 0x0000000084200000| Untracked 
|  67|0x0000000084300000, 0x0000000084400000, 0x0000000084400000|100%| O|  |TAMS 0x0000000084400000, 0x0000000084300000| Untracked 
|  68|0x0000000084400000, 0x0000000084500000, 0x0000000084500000|100%| O|  |TAMS 0x0000000084500000, 0x0000000084400000| Untracked 
|  69|0x0000000084500000, 0x0000000084600000, 0x0000000084600000|100%| O|  |TAMS 0x0000000084600000, 0x0000000084500000| Untracked 
|  70|0x0000000084600000, 0x0000000084700000, 0x0000000084700000|100%| O|  |TAMS 0x0000000084700000, 0x0000000084600000| Untracked 
|  71|0x0000000084700000, 0x0000000084800000, 0x0000000084800000|100%| O|  |TAMS 0x0000000084800000, 0x0000000084700000| Untracked 
|  72|0x0000000084800000, 0x0000000084900000, 0x0000000084900000|100%| O|  |TAMS 0x0000000084900000, 0x0000000084800000| Untracked 
|  73|0x0000000084900000, 0x0000000084a00000, 0x0000000084a00000|100%| O|  |TAMS 0x0000000084a00000, 0x0000000084900000| Untracked 
|  74|0x0000000084a00000, 0x0000000084b00000, 0x0000000084b00000|100%| O|  |TAMS 0x0000000084b00000, 0x0000000084a00000| Untracked 
|  75|0x0000000084b00000, 0x0000000084c00000, 0x0000000084c00000|100%| O|  |TAMS 0x0000000084c00000, 0x0000000084b00000| Untracked 
|  76|0x0000000084c00000, 0x0000000084d00000, 0x0000000084d00000|100%| O|  |TAMS 0x0000000084d00000, 0x0000000084c00000| Untracked 
|  77|0x0000000084d00000, 0x0000000084e00000, 0x0000000084e00000|100%| O|  |TAMS 0x0000000084e00000, 0x0000000084d00000| Untracked 
|  78|0x0000000084e00000, 0x0000000084f00000, 0x0000000084f00000|100%| O|  |TAMS 0x0000000084f00000, 0x0000000084e00000| Untracked 
|  79|0x0000000084f00000, 0x0000000085000000, 0x0000000085000000|100%| O|  |TAMS 0x0000000085000000, 0x0000000084f00000| Untracked 
|  80|0x0000000085000000, 0x0000000085100000, 0x0000000085100000|100%| O|  |TAMS 0x0000000085100000, 0x0000000085000000| Untracked 
|  81|0x0000000085100000, 0x0000000085200000, 0x0000000085200000|100%| O|  |TAMS 0x0000000085200000, 0x0000000085100000| Untracked 
|  82|0x0000000085200000, 0x0000000085300000, 0x0000000085300000|100%| O|  |TAMS 0x0000000085300000, 0x0000000085200000| Untracked 
|  83|0x0000000085300000, 0x0000000085400000, 0x0000000085400000|100%| O|  |TAMS 0x0000000085400000, 0x0000000085300000| Untracked 
|  84|0x0000000085400000, 0x0000000085500000, 0x0000000085500000|100%| O|  |TAMS 0x00000000854f6400, 0x0000000085400000| Untracked 
|  85|0x0000000085500000, 0x0000000085600000, 0x0000000085600000|100%| O|  |TAMS 0x0000000085500000, 0x0000000085500000| Untracked 
|  86|0x0000000085600000, 0x0000000085608000, 0x0000000085700000|  3%| O|  |TAMS 0x0000000085600000, 0x0000000085600000| Untracked 
|  87|0x0000000085700000, 0x0000000085700000, 0x0000000085800000|  0%| F|  |TAMS 0x0000000085700000, 0x0000000085700000| Untracked 
|  88|0x0000000085800000, 0x0000000085800000, 0x0000000085900000|  0%| F|  |TAMS 0x0000000085800000, 0x0000000085800000| Untracked 
|  89|0x0000000085900000, 0x0000000085900000, 0x0000000085a00000|  0%| F|  |TAMS 0x0000000085900000, 0x0000000085900000| Untracked 
|  90|0x0000000085a00000, 0x0000000085a00000, 0x0000000085b00000|  0%| F|  |TAMS 0x0000000085a00000, 0x0000000085a00000| Untracked 
|  91|0x0000000085b00000, 0x0000000085b00000, 0x0000000085c00000|  0%| F|  |TAMS 0x0000000085b00000, 0x0000000085b00000| Untracked 
|  92|0x0000000085c00000, 0x0000000085c00000, 0x0000000085d00000|  0%| F|  |TAMS 0x0000000085c00000, 0x0000000085c00000| Untracked 
|  93|0x0000000085d00000, 0x0000000085d00000, 0x0000000085e00000|  0%| F|  |TAMS 0x0000000085d00000, 0x0000000085d00000| Untracked 
|  94|0x0000000085e00000, 0x0000000085e00000, 0x0000000085f00000|  0%| F|  |TAMS 0x0000000085e00000, 0x0000000085e00000| Untracked 
|  95|0x0000000085f00000, 0x0000000085f00000, 0x0000000086000000|  0%| F|  |TAMS 0x0000000085f00000, 0x0000000085f00000| Untracked 
|  96|0x0000000086000000, 0x0000000086000000, 0x0000000086100000|  0%| F|  |TAMS 0x0000000086000000, 0x0000000086000000| Untracked 
|  97|0x0000000086100000, 0x0000000086100000, 0x0000000086200000|  0%| F|  |TAMS 0x0000000086100000, 0x0000000086100000| Untracked 
|  98|0x0000000086200000, 0x0000000086200000, 0x0000000086300000|  0%| F|  |TAMS 0x0000000086200000, 0x0000000086200000| Untracked 
|  99|0x0000000086300000, 0x0000000086300000, 0x0000000086400000|  0%| F|  |TAMS 0x0000000086300000, 0x0000000086300000| Untracked 
| 100|0x0000000086400000, 0x0000000086400000, 0x0000000086500000|  0%| F|  |TAMS 0x0000000086400000, 0x0000000086400000| Untracked 
| 101|0x0000000086500000, 0x0000000086500000, 0x0000000086600000|  0%| F|  |TAMS 0x0000000086500000, 0x0000000086500000| Untracked 
| 102|0x0000000086600000, 0x0000000086600000, 0x0000000086700000|  0%| F|  |TAMS 0x0000000086600000, 0x0000000086600000| Untracked 
| 103|0x0000000086700000, 0x0000000086700000, 0x0000000086800000|  0%| F|  |TAMS 0x0000000086700000, 0x0000000086700000| Untracked 
| 104|0x0000000086800000, 0x0000000086800000, 0x0000000086900000|  0%| F|  |TAMS 0x0000000086800000, 0x0000000086800000| Untracked 
| 105|0x0000000086900000, 0x0000000086900000, 0x0000000086a00000|  0%| F|  |TAMS 0x0000000086900000, 0x0000000086900000| Untracked 
| 106|0x0000000086a00000, 0x0000000086a00000, 0x0000000086b00000|  0%| F|  |TAMS 0x0000000086a00000, 0x0000000086a00000| Untracked 
| 107|0x0000000086b00000, 0x0000000086b00000, 0x0000000086c00000|  0%| F|  |TAMS 0x0000000086b00000, 0x0000000086b00000| Untracked 
| 108|0x0000000086c00000, 0x0000000086c00000, 0x0000000086d00000|  0%| F|  |TAMS 0x0000000086c00000, 0x0000000086c00000| Untracked 
| 109|0x0000000086d00000, 0x0000000086d00000, 0x0000000086e00000|  0%| F|  |TAMS 0x0000000086d00000, 0x0000000086d00000| Untracked 
| 110|0x0000000086e00000, 0x0000000086e00000, 0x0000000086f00000|  0%| F|  |TAMS 0x0000000086e00000, 0x0000000086e00000| Untracked 
| 111|0x0000000086f00000, 0x0000000086fadb88, 0x0000000087000000| 67%| S|CS|TAMS 0x0000000086f00000, 0x0000000086f00000| Complete 
| 112|0x0000000087000000, 0x0000000087100000, 0x0000000087100000|100%| S|CS|TAMS 0x0000000087000000, 0x0000000087000000| Complete 
| 113|0x0000000087100000, 0x0000000087100000, 0x0000000087200000|  0%| F|  |TAMS 0x0000000087100000, 0x0000000087100000| Untracked 
| 114|0x0000000087200000, 0x0000000087300000, 0x0000000087300000|100%| S|CS|TAMS 0x0000000087200000, 0x0000000087200000| Complete 
| 115|0x0000000087300000, 0x0000000087300000, 0x0000000087400000|  0%| F|  |TAMS 0x0000000087300000, 0x0000000087300000| Untracked 
| 116|0x0000000087400000, 0x0000000087400000, 0x0000000087500000|  0%| F|  |TAMS 0x0000000087400000, 0x0000000087400000| Untracked 
| 117|0x0000000087500000, 0x0000000087500000, 0x0000000087600000|  0%| F|  |TAMS 0x0000000087500000, 0x0000000087500000| Untracked 
| 118|0x0000000087600000, 0x0000000087600000, 0x0000000087700000|  0%| F|  |TAMS 0x0000000087600000, 0x0000000087600000| Untracked 
| 119|0x0000000087700000, 0x0000000087700000, 0x0000000087800000|  0%| F|  |TAMS 0x0000000087700000, 0x0000000087700000| Untracked 
| 120|0x0000000087800000, 0x0000000087800000, 0x0000000087900000|  0%| F|  |TAMS 0x0000000087800000, 0x0000000087800000| Untracked 
| 121|0x0000000087900000, 0x0000000087900000, 0x0000000087a00000|  0%| F|  |TAMS 0x0000000087900000, 0x0000000087900000| Untracked 
| 122|0x0000000087a00000, 0x0000000087a00000, 0x0000000087b00000|  0%| F|  |TAMS 0x0000000087a00000, 0x0000000087a00000| Untracked 
| 123|0x0000000087b00000, 0x0000000087b00000, 0x0000000087c00000|  0%| F|  |TAMS 0x0000000087b00000, 0x0000000087b00000| Untracked 
| 124|0x0000000087c00000, 0x0000000087c00000, 0x0000000087d00000|  0%| F|  |TAMS 0x0000000087c00000, 0x0000000087c00000| Untracked 
| 125|0x0000000087d00000, 0x0000000087df9e40, 0x0000000087e00000| 97%| E|  |TAMS 0x0000000087d00000, 0x0000000087d00000| Complete 
| 126|0x0000000087e00000, 0x0000000087f00000, 0x0000000087f00000|100%| E|CS|TAMS 0x0000000087e00000, 0x0000000087e00000| Complete 
| 127|0x0000000087f00000, 0x0000000088000000, 0x0000000088000000|100%| E|CS|TAMS 0x0000000087f00000, 0x0000000087f00000| Complete 
| 128|0x0000000088000000, 0x0000000088100000, 0x0000000088100000|100%| E|CS|TAMS 0x0000000088000000, 0x0000000088000000| Complete 
| 129|0x0000000088100000, 0x0000000088200000, 0x0000000088200000|100%| E|CS|TAMS 0x0000000088100000, 0x0000000088100000| Complete 
| 130|0x0000000088200000, 0x0000000088300000, 0x0000000088300000|100%| E|CS|TAMS 0x0000000088200000, 0x0000000088200000| Complete 
| 131|0x0000000088300000, 0x0000000088400000, 0x0000000088400000|100%| E|CS|TAMS 0x0000000088300000, 0x0000000088300000| Complete 
| 132|0x0000000088400000, 0x0000000088500000, 0x0000000088500000|100%| E|CS|TAMS 0x0000000088400000, 0x0000000088400000| Complete 
| 133|0x0000000088500000, 0x0000000088600000, 0x0000000088600000|100%| E|CS|TAMS 0x0000000088500000, 0x0000000088500000| Complete 
| 134|0x0000000088600000, 0x0000000088700000, 0x0000000088700000|100%| E|CS|TAMS 0x0000000088600000, 0x0000000088600000| Complete 
| 135|0x0000000088700000, 0x0000000088800000, 0x0000000088800000|100%| E|CS|TAMS 0x0000000088700000, 0x0000000088700000| Complete 
| 136|0x0000000088800000, 0x0000000088900000, 0x0000000088900000|100%| E|CS|TAMS 0x0000000088800000, 0x0000000088800000| Complete 
| 137|0x0000000088900000, 0x0000000088a00000, 0x0000000088a00000|100%| E|CS|TAMS 0x0000000088900000, 0x0000000088900000| Complete 
| 138|0x0000000088a00000, 0x0000000088b00000, 0x0000000088b00000|100%| E|CS|TAMS 0x0000000088a00000, 0x0000000088a00000| Complete 
| 139|0x0000000088b00000, 0x0000000088c00000, 0x0000000088c00000|100%| E|CS|TAMS 0x0000000088b00000, 0x0000000088b00000| Complete 
| 140|0x0000000088c00000, 0x0000000088d00000, 0x0000000088d00000|100%| E|CS|TAMS 0x0000000088c00000, 0x0000000088c00000| Complete 
| 141|0x0000000088d00000, 0x0000000088e00000, 0x0000000088e00000|100%| E|CS|TAMS 0x0000000088d00000, 0x0000000088d00000| Complete 
| 142|0x0000000088e00000, 0x0000000088f00000, 0x0000000088f00000|100%| E|CS|TAMS 0x0000000088e00000, 0x0000000088e00000| Complete 
| 143|0x0000000088f00000, 0x0000000089000000, 0x0000000089000000|100%| E|CS|TAMS 0x0000000088f00000, 0x0000000088f00000| Complete 
| 144|0x0000000089000000, 0x0000000089100000, 0x0000000089100000|100%| E|CS|TAMS 0x0000000089000000, 0x0000000089000000| Complete 
| 145|0x0000000089100000, 0x0000000089200000, 0x0000000089200000|100%| E|CS|TAMS 0x0000000089100000, 0x0000000089100000| Complete 
| 146|0x0000000089200000, 0x0000000089300000, 0x0000000089300000|100%| E|CS|TAMS 0x0000000089200000, 0x0000000089200000| Complete 
| 147|0x0000000089300000, 0x0000000089400000, 0x0000000089400000|100%| E|CS|TAMS 0x0000000089300000, 0x0000000089300000| Complete 
| 148|0x0000000089400000, 0x0000000089500000, 0x0000000089500000|100%| E|CS|TAMS 0x0000000089400000, 0x0000000089400000| Complete 
| 149|0x0000000089500000, 0x0000000089600000, 0x0000000089600000|100%| E|CS|TAMS 0x0000000089500000, 0x0000000089500000| Complete 
| 150|0x0000000089600000, 0x0000000089700000, 0x0000000089700000|100%| E|CS|TAMS 0x0000000089600000, 0x0000000089600000| Complete 
| 151|0x0000000089700000, 0x0000000089800000, 0x0000000089800000|100%| E|CS|TAMS 0x0000000089700000, 0x0000000089700000| Complete 
| 152|0x0000000089800000, 0x0000000089900000, 0x0000000089900000|100%| E|CS|TAMS 0x0000000089800000, 0x0000000089800000| Complete 
| 153|0x0000000089900000, 0x0000000089a00000, 0x0000000089a00000|100%| E|CS|TAMS 0x0000000089900000, 0x0000000089900000| Complete 
| 154|0x0000000089a00000, 0x0000000089b00000, 0x0000000089b00000|100%| E|CS|TAMS 0x0000000089a00000, 0x0000000089a00000| Complete 
| 155|0x0000000089b00000, 0x0000000089c00000, 0x0000000089c00000|100%| E|CS|TAMS 0x0000000089b00000, 0x0000000089b00000| Complete 
| 156|0x0000000089c00000, 0x0000000089d00000, 0x0000000089d00000|100%| E|CS|TAMS 0x0000000089c00000, 0x0000000089c00000| Complete 
| 157|0x0000000089d00000, 0x0000000089e00000, 0x0000000089e00000|100%| E|CS|TAMS 0x0000000089d00000, 0x0000000089d00000| Complete 
| 158|0x0000000089e00000, 0x0000000089f00000, 0x0000000089f00000|100%| E|CS|TAMS 0x0000000089e00000, 0x0000000089e00000| Complete 
| 159|0x0000000089f00000, 0x000000008a000000, 0x000000008a000000|100%| E|CS|TAMS 0x0000000089f00000, 0x0000000089f00000| Complete 
| 160|0x000000008a000000, 0x000000008a100000, 0x000000008a100000|100%| E|CS|TAMS 0x000000008a000000, 0x000000008a000000| Complete 
| 161|0x000000008a100000, 0x000000008a200000, 0x000000008a200000|100%| E|CS|TAMS 0x000000008a100000, 0x000000008a100000| Complete 
| 162|0x000000008a200000, 0x000000008a300000, 0x000000008a300000|100%| E|CS|TAMS 0x000000008a200000, 0x000000008a200000| Complete 
| 163|0x000000008a300000, 0x000000008a400000, 0x000000008a400000|100%| E|CS|TAMS 0x000000008a300000, 0x000000008a300000| Complete 
| 164|0x000000008a400000, 0x000000008a500000, 0x000000008a500000|100%| E|CS|TAMS 0x000000008a400000, 0x000000008a400000| Complete 
| 165|0x000000008a500000, 0x000000008a600000, 0x000000008a600000|100%| E|CS|TAMS 0x000000008a500000, 0x000000008a500000| Complete 
| 166|0x000000008a600000, 0x000000008a700000, 0x000000008a700000|100%| E|CS|TAMS 0x000000008a600000, 0x000000008a600000| Complete 
| 167|0x000000008a700000, 0x000000008a800000, 0x000000008a800000|100%| E|CS|TAMS 0x000000008a700000, 0x000000008a700000| Complete 
| 168|0x000000008a800000, 0x000000008a900000, 0x000000008a900000|100%| E|CS|TAMS 0x000000008a800000, 0x000000008a800000| Complete 
| 169|0x000000008a900000, 0x000000008aa00000, 0x000000008aa00000|100%| E|CS|TAMS 0x000000008a900000, 0x000000008a900000| Complete 
| 170|0x000000008aa00000, 0x000000008ab00000, 0x000000008ab00000|100%| E|CS|TAMS 0x000000008aa00000, 0x000000008aa00000| Complete 
| 171|0x000000008ab00000, 0x000000008ac00000, 0x000000008ac00000|100%| E|CS|TAMS 0x000000008ab00000, 0x000000008ab00000| Complete 
| 172|0x000000008ac00000, 0x000000008ad00000, 0x000000008ad00000|100%| E|CS|TAMS 0x000000008ac00000, 0x000000008ac00000| Complete 
| 173|0x000000008ad00000, 0x000000008ae00000, 0x000000008ae00000|100%| E|CS|TAMS 0x000000008ad00000, 0x000000008ad00000| Complete 
| 200|0x000000008c800000, 0x000000008c900000, 0x000000008c900000|100%| E|CS|TAMS 0x000000008c800000, 0x000000008c800000| Complete 
| 201|0x000000008c900000, 0x000000008ca00000, 0x000000008ca00000|100%| E|CS|TAMS 0x000000008c900000, 0x000000008c900000| Complete 
| 202|0x000000008ca00000, 0x000000008cb00000, 0x000000008cb00000|100%| E|CS|TAMS 0x000000008ca00000, 0x000000008ca00000| Complete 
| 203|0x000000008cb00000, 0x000000008cc00000, 0x000000008cc00000|100%| E|CS|TAMS 0x000000008cb00000, 0x000000008cb00000| Complete 
| 204|0x000000008cc00000, 0x000000008cd00000, 0x000000008cd00000|100%| E|CS|TAMS 0x000000008cc00000, 0x000000008cc00000| Complete 
| 205|0x000000008cd00000, 0x000000008ce00000, 0x000000008ce00000|100%| E|CS|TAMS 0x000000008cd00000, 0x000000008cd00000| Complete 
| 206|0x000000008ce00000, 0x000000008cf00000, 0x000000008cf00000|100%| E|CS|TAMS 0x000000008ce00000, 0x000000008ce00000| Complete 
| 207|0x000000008cf00000, 0x000000008d000000, 0x000000008d000000|100%| E|CS|TAMS 0x000000008cf00000, 0x000000008cf00000| Complete 
| 208|0x000000008d000000, 0x000000008d100000, 0x000000008d100000|100%| E|CS|TAMS 0x000000008d000000, 0x000000008d000000| Complete 
| 251|0x000000008fb00000, 0x000000008fc00000, 0x000000008fc00000|100%| E|CS|TAMS 0x000000008fb00000, 0x000000008fb00000| Complete 

Card table byte_map: [0x0000023538c90000,0x0000023539090000] _byte_map_base: 0x0000023538890000

Marking Bits (Prev, Next): (CMBitMap*) 0x000002352418aeb0, (CMBitMap*) 0x000002352418ae70
 Prev Bits: [0x000002353b490000, 0x000002353d490000)
 Next Bits: [0x0000023539490000, 0x000002353b490000)

Polling page: 0x0000023524200000

Metaspace:

Usage:
  Non-class:     93.77 MB used.
      Class:     14.60 MB used.
       Both:    108.37 MB used.

Virtual space:
  Non-class space:       96.00 MB reserved,      94.19 MB ( 98%) committed,  12 nodes.
      Class space:        1.00 GB reserved,      14.94 MB (  1%) committed,  1 nodes.
             Both:        1.09 GB reserved,     109.12 MB ( 10%) committed. 

Chunk freelists:
   Non-Class:  997.00 KB
       Class:  1.07 MB
        Both:  2.05 MB

MaxMetaspaceSize: unlimited
CompressedClassSpaceSize: 1.00 GB
Initial GC threshold: 21.00 MB
Current GC threshold: 178.38 MB
CDS: off
MetaspaceReclaimPolicy: balanced
 - commit_granule_bytes: 65536.
 - commit_granule_words: 8192.
 - virtual_space_node_default_size: 1048576.
 - enlarge_chunks_in_place: 1.
 - new_chunks_are_fully_committed: 0.
 - uncommit_free_chunks: 1.
 - use_allocation_guard: 0.
 - handle_deallocations: 1.


Internal statistics:

num_allocs_failed_limit: 15.
num_arena_births: 1210.
num_arena_deaths: 0.
num_vsnodes_births: 13.
num_vsnodes_deaths: 0.
num_space_committed: 1745.
num_space_uncommitted: 0.
num_chunks_returned_to_freelist: 15.
num_chunks_taken_from_freelist: 5207.
num_chunk_merges: 15.
num_chunk_splits: 3447.
num_chunks_enlarged: 2304.
num_purges: 0.
num_inconsistent_stats: 0.

CodeHeap 'non-profiled nmethods': size=120000Kb used=7831Kb max_used=8201Kb free=112168Kb
 bounds [0x00000235308e0000, 0x00000235310f0000, 0x0000023537e10000]
CodeHeap 'profiled nmethods': size=120000Kb used=21941Kb max_used=24125Kb free=98058Kb
 bounds [0x0000023528e10000, 0x000002352a5a0000, 0x0000023530340000]
CodeHeap 'non-nmethods': size=5760Kb used=2468Kb max_used=2528Kb free=3292Kb
 bounds [0x0000023530340000, 0x00000235305c0000, 0x00000235308e0000]
 total_blobs=12523 nmethods=11521 adapters=914
 compilation: enabled
              stopped_count=0, restarted_count=0
 full_count=0

Compilation events (20 events):
Event: 78.362 Thread 0x000002354087f950 nmethod 13940 0x00000235308eef90 code [0x00000235308ef120, 0x00000235308ef318]
Event: 78.362 Thread 0x000002354087f950 13938   !   4       sun.nio.ch.SocketChannelImpl::beginWrite (52 bytes)
Event: 78.363 Thread 0x000002354087f950 nmethod 13938 0x000002353097b410 code [0x000002353097b5a0, 0x000002353097b898]
Event: 80.476 Thread 0x0000023540880aa0 13941       3       java.util.HashMap$Values::spliterator (16 bytes)
Event: 80.476 Thread 0x0000023540880aa0 nmethod 13941 0x00000235290e3190 code [0x00000235290e3340, 0x00000235290e3508]
Event: 80.476 Thread 0x0000023540880aa0 13942       3       java.util.HashMap$ValueSpliterator::<init> (12 bytes)
Event: 80.476 Thread 0x0000023540880aa0 nmethod 13942 0x0000023528fa9f10 code [0x0000023528faa0c0, 0x0000023528faa2f8]
Event: 80.900 Thread 0x000002354087f950 13943   !   4       org.gradle.launcher.daemon.server.SynchronizedDispatchConnection::dispatchAndFlush (118 bytes)
Event: 80.952 Thread 0x000002354087f950 nmethod 13943 0x0000023530ed5b10 code [0x0000023530ed5ea0, 0x0000023530ed7fd0]
Event: 81.766 Thread 0x0000023540880aa0 13944       1       org.gradle.cache.internal.filelock.LockOptionsBuilder::getMode (5 bytes)
Event: 81.766 Thread 0x0000023540880aa0 nmethod 13944 0x0000023530e4bb90 code [0x0000023530e4bd20, 0x0000023530e4bdf8]
Event: 81.766 Thread 0x0000023540880aa0 13945       3       org.gradle.internal.serialize.AbstractDecoder::readSmallInt (5 bytes)
Event: 81.767 Thread 0x0000023540880aa0 nmethod 13945 0x0000023529125490 code [0x0000023529125640, 0x0000023529125808]
Event: 82.171 Thread 0x0000023540880aa0 13946       3       sun.util.logging.internal.LoggingProviderImpl$JULWrapper::toJUL (40 bytes)
Event: 82.172 Thread 0x0000023540880aa0 nmethod 13946 0x0000023529122010 code [0x00000235291221c0, 0x0000023529122378]
Event: 87.673 Thread 0x0000023540880aa0 13947   !   3       java.util.concurrent.LinkedBlockingQueue::poll (128 bytes)
Event: 87.675 Thread 0x0000023540880aa0 nmethod 13947 0x0000023529f8c090 code [0x0000023529f8c480, 0x0000023529f8e118]
Event: 88.334 Thread 0x000002354087f950 13948       4       java.util.concurrent.locks.LockSupport::parkNanos (29 bytes)
Event: 88.336 Thread 0x000002354087f950 nmethod 13948 0x0000023530b02090 code [0x0000023530b02220, 0x0000023530b02408]
Event: 90.474 Thread 0x000002354087f950 13949       4       javax.management.ObjectName::construct (1135 bytes)

GC Heap History (20 events):
Event: 12.637 GC heap before
{Heap before GC invocations=22 (full 0):
 garbage-first heap   total 156672K, used 124928K [0x0000000080000000, 0x0000000100000000)
  region size 1024K, 56 young (57344K), 8 survivors (8192K)
 Metaspace       used 98495K, committed 99200K, reserved 1138688K
  class space    used 13429K, committed 13760K, reserved 1048576K
}
Event: 12.646 GC heap after
{Heap after GC invocations=23 (full 0):
 garbage-first heap   total 156672K, used 82209K [0x0000000080000000, 0x0000000100000000)
  region size 1024K, 6 young (6144K), 6 survivors (6144K)
 Metaspace       used 98495K, committed 99200K, reserved 1138688K
  class space    used 13429K, committed 13760K, reserved 1048576K
}
Event: 13.493 GC heap before
{Heap before GC invocations=23 (full 0):
 garbage-first heap   total 156672K, used 105761K [0x0000000080000000, 0x0000000100000000)
  region size 1024K, 31 young (31744K), 6 survivors (6144K)
 Metaspace       used 100423K, committed 101120K, reserved 1138688K
  class space    used 13674K, committed 14016K, reserved 1048576K
}
Event: 13.500 GC heap after
{Heap after GC invocations=24 (full 0):
 garbage-first heap   total 156672K, used 85241K [0x0000000080000000, 0x0000000100000000)
  region size 1024K, 4 young (4096K), 4 survivors (4096K)
 Metaspace       used 100423K, committed 101120K, reserved 1138688K
  class space    used 13674K, committed 14016K, reserved 1048576K
}
Event: 14.381 GC heap before
{Heap before GC invocations=25 (full 0):
 garbage-first heap   total 156672K, used 126201K [0x0000000080000000, 0x0000000100000000)
  region size 1024K, 44 young (45056K), 4 survivors (4096K)
 Metaspace       used 105663K, committed 106368K, reserved 1146880K
  class space    used 14397K, committed 14720K, reserved 1048576K
}
Event: 14.389 GC heap after
{Heap after GC invocations=26 (full 0):
 garbage-first heap   total 156672K, used 86950K [0x0000000080000000, 0x0000000100000000)
  region size 1024K, 5 young (5120K), 5 survivors (5120K)
 Metaspace       used 105663K, committed 106368K, reserved 1146880K
  class space    used 14397K, committed 14720K, reserved 1048576K
}
Event: 14.457 GC heap before
{Heap before GC invocations=26 (full 0):
 garbage-first heap   total 156672K, used 87974K [0x0000000080000000, 0x0000000100000000)
  region size 1024K, 7 young (7168K), 5 survivors (5120K)
 Metaspace       used 105764K, committed 106496K, reserved 1146880K
  class space    used 14406K, committed 14784K, reserved 1048576K
}
Event: 14.462 GC heap after
{Heap after GC invocations=27 (full 0):
 garbage-first heap   total 156672K, used 86647K [0x0000000080000000, 0x0000000100000000)
  region size 1024K, 1 young (1024K), 1 survivors (1024K)
 Metaspace       used 105764K, committed 106496K, reserved 1146880K
  class space    used 14406K, committed 14784K, reserved 1048576K
}
Event: 15.027 GC heap before
{Heap before GC invocations=27 (full 0):
 garbage-first heap   total 156672K, used 128631K [0x0000000080000000, 0x0000000100000000)
  region size 1024K, 41 young (41984K), 1 survivors (1024K)
 Metaspace       used 108725K, committed 109504K, reserved 1146880K
  class space    used 14806K, committed 15168K, reserved 1048576K
}
Event: 15.032 GC heap after
{Heap after GC invocations=28 (full 0):
 garbage-first heap   total 156672K, used 88163K [0x0000000080000000, 0x0000000100000000)
  region size 1024K, 3 young (3072K), 3 survivors (3072K)
 Metaspace       used 108725K, committed 109504K, reserved 1146880K
  class space    used 14806K, committed 15168K, reserved 1048576K
}
Event: 15.375 GC heap before
{Heap before GC invocations=29 (full 0):
 garbage-first heap   total 188416K, used 125027K [0x0000000080000000, 0x0000000100000000)
  region size 1024K, 40 young (40960K), 3 survivors (3072K)
 Metaspace       used 108947K, committed 109696K, reserved 1146880K
  class space    used 14808K, committed 15168K, reserved 1048576K
}
Event: 15.379 GC heap after
{Heap after GC invocations=30 (full 0):
 garbage-first heap   total 188416K, used 88653K [0x0000000080000000, 0x0000000100000000)
  region size 1024K, 3 young (3072K), 3 survivors (3072K)
 Metaspace       used 108947K, committed 109696K, reserved 1146880K
  class space    used 14808K, committed 15168K, reserved 1048576K
}
Event: 15.448 GC heap before
{Heap before GC invocations=30 (full 0):
 garbage-first heap   total 188416K, used 93773K [0x0000000080000000, 0x0000000100000000)
  region size 1024K, 9 young (9216K), 3 survivors (3072K)
 Metaspace       used 109138K, committed 109952K, reserved 1146880K
  class space    used 14833K, committed 15232K, reserved 1048576K
}
Event: 15.451 GC heap after
{Heap after GC invocations=31 (full 0):
 garbage-first heap   total 188416K, used 88046K [0x0000000080000000, 0x0000000100000000)
  region size 1024K, 1 young (1024K), 1 survivors (1024K)
 Metaspace       used 109138K, committed 109952K, reserved 1146880K
  class space    used 14833K, committed 15232K, reserved 1048576K
}
Event: 21.177 GC heap before
{Heap before GC invocations=31 (full 0):
 garbage-first heap   total 188416K, used 155630K [0x0000000080000000, 0x0000000100000000)
  region size 1024K, 67 young (68608K), 1 survivors (1024K)
 Metaspace       used 110892K, committed 111616K, reserved 1146880K
  class space    used 14948K, committed 15296K, reserved 1048576K
}
Event: 21.180 GC heap after
{Heap after GC invocations=32 (full 0):
 garbage-first heap   total 188416K, used 89534K [0x0000000080000000, 0x0000000100000000)
  region size 1024K, 3 young (3072K), 3 survivors (3072K)
 Metaspace       used 110892K, committed 111616K, reserved 1146880K
  class space    used 14948K, committed 15296K, reserved 1048576K
}
Event: 51.854 GC heap before
{Heap before GC invocations=32 (full 0):
 garbage-first heap   total 188416K, used 156094K [0x0000000080000000, 0x0000000100000000)
  region size 1024K, 68 young (69632K), 3 survivors (3072K)
 Metaspace       used 110956K, committed 111744K, reserved 1146880K
  class space    used 14950K, committed 15296K, reserved 1048576K
}
Event: 51.858 GC heap after
{Heap after GC invocations=33 (full 0):
 garbage-first heap   total 188416K, used 89753K [0x0000000080000000, 0x0000000100000000)
  region size 1024K, 3 young (3072K), 3 survivors (3072K)
 Metaspace       used 110956K, committed 111744K, reserved 1146880K
  class space    used 14950K, committed 15296K, reserved 1048576K
}
Event: 72.588 GC heap before
{Heap before GC invocations=33 (full 0):
 garbage-first heap   total 188416K, used 158361K [0x0000000080000000, 0x0000000100000000)
  region size 1024K, 70 young (71680K), 3 survivors (3072K)
 Metaspace       used 110965K, committed 111744K, reserved 1146880K
  class space    used 14950K, committed 15296K, reserved 1048576K
}
Event: 72.590 GC heap after
{Heap after GC invocations=34 (full 0):
 garbage-first heap   total 188416K, used 89814K [0x0000000080000000, 0x0000000100000000)
  region size 1024K, 3 young (3072K), 3 survivors (3072K)
 Metaspace       used 110965K, committed 111744K, reserved 1146880K
  class space    used 14950K, committed 15296K, reserved 1048576K
}

Dll operation events (2 events):
Event: 0.008 Loaded shared library C:\Program Files\Android\Android Studio\jbr\bin\java.dll
Event: 0.426 Loaded shared library C:\Program Files\Android\Android Studio\jbr\bin\verify.dll

Deoptimization events (20 events):
Event: 77.707 Thread 0x0000023543b2bd60 Uncommon trap: trap_request=0xffffffde fr.pc=0x0000023530e5d56c relative=0x0000000000000a8c
Event: 77.707 Thread 0x0000023543b2bd60 Uncommon trap: reason=class_check action=maybe_recompile pc=0x0000023530e5d56c method=java.util.HashMap.removeNode(ILjava/lang/Object;Ljava/lang/Object;ZZ)Ljava/util/HashMap$Node; @ 68 c2
Event: 77.707 Thread 0x0000023543b2bd60 DEOPT PACKING pc=0x0000023530e5d56c sp=0x000000ff710fed50
Event: 77.707 Thread 0x0000023543b2bd60 DEOPT UNPACKING pc=0x000002353039a1a3 sp=0x000000ff710fece8 mode 2
Event: 77.709 Thread 0x0000023543b2bd60 Uncommon trap: trap_request=0xffffff45 fr.pc=0x00000235310973e4 relative=0x0000000000000464
Event: 77.709 Thread 0x0000023543b2bd60 Uncommon trap: reason=unstable_if action=reinterpret pc=0x00000235310973e4 method=sun.nio.ch.SocketChannelImpl.write(Ljava/nio/ByteBuffer;)I @ 90 c2
Event: 77.709 Thread 0x0000023543b2bd60 DEOPT PACKING pc=0x00000235310973e4 sp=0x000000ff710ff0b0
Event: 77.709 Thread 0x0000023543b2bd60 DEOPT UNPACKING pc=0x000002353039a1a3 sp=0x000000ff710fefe0 mode 2
Event: 78.016 Thread 0x0000023543b2bd60 Uncommon trap: trap_request=0xffffffde fr.pc=0x0000023530e5d56c relative=0x0000000000000a8c
Event: 78.016 Thread 0x0000023543b2bd60 Uncommon trap: reason=class_check action=maybe_recompile pc=0x0000023530e5d56c method=java.util.HashMap.removeNode(ILjava/lang/Object;Ljava/lang/Object;ZZ)Ljava/util/HashMap$Node; @ 68 c2
Event: 78.016 Thread 0x0000023543b2bd60 DEOPT PACKING pc=0x0000023530e5d56c sp=0x000000ff710fed10
Event: 78.016 Thread 0x0000023543b2bd60 DEOPT UNPACKING pc=0x000002353039a1a3 sp=0x000000ff710feca8 mode 2
Event: 78.327 Thread 0x0000023543b2bd60 Uncommon trap: trap_request=0xffffffde fr.pc=0x0000023530e5d56c relative=0x0000000000000a8c
Event: 78.327 Thread 0x0000023543b2bd60 Uncommon trap: reason=class_check action=maybe_recompile pc=0x0000023530e5d56c method=java.util.HashMap.removeNode(ILjava/lang/Object;Ljava/lang/Object;ZZ)Ljava/util/HashMap$Node; @ 68 c2
Event: 78.327 Thread 0x0000023543b2bd60 DEOPT PACKING pc=0x0000023530e5d56c sp=0x000000ff710fed10
Event: 78.327 Thread 0x0000023543b2bd60 DEOPT UNPACKING pc=0x000002353039a1a3 sp=0x000000ff710feca8 mode 2
Event: 87.480 Thread 0x0000023543b2bd60 Uncommon trap: trap_request=0xffffff45 fr.pc=0x00000235310b930c relative=0x0000000000001fec
Event: 87.480 Thread 0x0000023543b2bd60 Uncommon trap: reason=unstable_if action=reinterpret pc=0x00000235310b930c method=java.util.concurrent.locks.AbstractQueuedSynchronizer$ConditionObject.awaitNanos(J)J @ 97 c2
Event: 87.481 Thread 0x0000023543b2bd60 DEOPT PACKING pc=0x00000235310b930c sp=0x000000ff710ff270
Event: 87.481 Thread 0x0000023543b2bd60 DEOPT UNPACKING pc=0x000002353039a1a3 sp=0x000000ff710ff170 mode 2

Classes unloaded (0 events):
No events

Classes redefined (0 events):
No events

Internal exceptions (20 events):
Event: 15.339 Thread 0x0000023543b324c0 Exception <a 'sun/nio/fs/WindowsException'{0x000000008a4f8a98}> (0x000000008a4f8a98) 
thrown [s\src\hotspot\share\prims\jni.cpp, line 517]
Event: 15.339 Thread 0x0000023543b324c0 Exception <a 'sun/nio/fs/WindowsException'{0x000000008a4f8eb8}> (0x000000008a4f8eb8) 
thrown [s\src\hotspot\share\prims\jni.cpp, line 517]
Event: 15.345 Thread 0x0000023543b38030 Exception <a 'sun/nio/fs/WindowsException'{0x000000008a4e8088}> (0x000000008a4e8088) 
thrown [s\src\hotspot\share\prims\jni.cpp, line 517]
Event: 15.345 Thread 0x0000023543b38030 Exception <a 'sun/nio/fs/WindowsException'{0x000000008a4e8128}> (0x000000008a4e8128) 
thrown [s\src\hotspot\share\prims\jni.cpp, line 517]
Event: 15.345 Thread 0x0000023543b38030 Exception <a 'sun/nio/fs/WindowsException'{0x000000008a4e8530}> (0x000000008a4e8530) 
thrown [s\src\hotspot\share\prims\jni.cpp, line 517]
Event: 15.357 Thread 0x0000023543b32e60 Exception <a 'sun/nio/fs/WindowsException'{0x000000008a3f4338}> (0x000000008a3f4338) 
thrown [s\src\hotspot\share\prims\jni.cpp, line 517]
Event: 15.357 Thread 0x0000023543b32e60 Exception <a 'sun/nio/fs/WindowsException'{0x000000008a3f43d8}> (0x000000008a3f43d8) 
thrown [s\src\hotspot\share\prims\jni.cpp, line 517]
Event: 15.357 Thread 0x0000023543b32e60 Exception <a 'sun/nio/fs/WindowsException'{0x000000008a3f4798}> (0x000000008a3f4798) 
thrown [s\src\hotspot\share\prims\jni.cpp, line 517]
Event: 15.357 Thread 0x00000235456ddb10 Exception <a 'sun/nio/fs/WindowsException'{0x000000008a3b8bc0}> (0x000000008a3b8bc0) 
thrown [s\src\hotspot\share\prims\jni.cpp, line 517]
Event: 15.357 Thread 0x00000235456ddb10 Exception <a 'sun/nio/fs/WindowsException'{0x000000008a3b8c60}> (0x000000008a3b8c60) 
thrown [s\src\hotspot\share\prims\jni.cpp, line 517]
Event: 15.357 Thread 0x00000235456ddb10 Exception <a 'sun/nio/fs/WindowsException'{0x000000008a3b9048}> (0x000000008a3b9048) 
thrown [s\src\hotspot\share\prims\jni.cpp, line 517]
Event: 15.366 Thread 0x0000023543b359b0 Exception <a 'sun/nio/fs/WindowsException'{0x000000008a1335a0}> (0x000000008a1335a0) 
thrown [s\src\hotspot\share\prims\jni.cpp, line 517]
Event: 15.367 Thread 0x0000023543b359b0 Exception <a 'sun/nio/fs/WindowsException'{0x000000008a133640}> (0x000000008a133640) 
thrown [s\src\hotspot\share\prims\jni.cpp, line 517]
Event: 15.367 Thread 0x0000023543b359b0 Exception <a 'sun/nio/fs/WindowsException'{0x000000008a133a48}> (0x000000008a133a48) 
thrown [s\src\hotspot\share\prims\jni.cpp, line 517]
Event: 15.398 Thread 0x00000235477848d0 Implicit null exception at 0x0000023530904745 to 0x0000023530905458
Event: 15.418 Thread 0x00000235477848d0 Implicit null exception at 0x0000023530ce417c to 0x0000023530ce4404
Event: 15.419 Thread 0x00000235477848d0 Implicit null exception at 0x0000023530f0312d to 0x0000023530f03520
Event: 15.421 Thread 0x00000235477848d0 Implicit null exception at 0x0000023530f026d0 to 0x0000023530f02719
Event: 15.989 Thread 0x0000023543b2bd60 Exception <a 'java/lang/NoSuchMethodError'{0x000000008946e5a0}: static Lorg/gradle/internal/build/event/types/DefaultStatusEvent;.<clinit>()V> (0x000000008946e5a0) 
thrown [s\src\hotspot\share\prims\jni.cpp, line 1108]
Event: 77.465 Thread 0x0000023543b2bd60 Implicit null exception at 0x0000023531073f4e to 0x000002353107439c

VM Operations (20 events):
Event: 45.443 Executing VM operation: Cleanup
Event: 45.444 Executing VM operation: Cleanup done
Event: 46.455 Executing VM operation: Cleanup
Event: 46.456 Executing VM operation: Cleanup done
Event: 48.477 Executing VM operation: Cleanup
Event: 48.477 Executing VM operation: Cleanup done
Event: 51.854 Executing VM operation: G1CollectForAllocation
Event: 51.858 Executing VM operation: G1CollectForAllocation done
Event: 55.894 Executing VM operation: Cleanup
Event: 55.894 Executing VM operation: Cleanup done
Event: 57.914 Executing VM operation: Cleanup
Event: 57.914 Executing VM operation: Cleanup done
Event: 72.588 Executing VM operation: G1CollectForAllocation
Event: 72.590 Executing VM operation: G1CollectForAllocation done
Event: 77.659 Executing VM operation: Cleanup
Event: 77.659 Executing VM operation: Cleanup done
Event: 78.670 Executing VM operation: Cleanup
Event: 78.670 Executing VM operation: Cleanup done
Event: 81.700 Executing VM operation: Cleanup
Event: 81.701 Executing VM operation: Cleanup done

Events (20 events):
Event: 28.288 Thread 0x0000023540885040 flushing nmethod 0x000002352a519510
Event: 28.288 Thread 0x0000023540885040 flushing nmethod 0x000002352a519b90
Event: 28.288 Thread 0x0000023540885040 flushing nmethod 0x000002352a51d890
Event: 28.288 Thread 0x0000023540885040 flushing nmethod 0x000002352a51f690
Event: 28.288 Thread 0x0000023540885040 flushing nmethod 0x000002352a51ff10
Event: 28.288 Thread 0x0000023540885040 flushing nmethod 0x000002352a528f90
Event: 28.288 Thread 0x0000023540885040 flushing nmethod 0x000002352a529a90
Event: 28.288 Thread 0x0000023540885040 flushing nmethod 0x000002352a52a790
Event: 28.288 Thread 0x0000023540885040 flushing nmethod 0x000002352a52cb90
Event: 28.288 Thread 0x0000023540885040 flushing nmethod 0x000002352a52ff90
Event: 28.288 Thread 0x0000023540885040 flushing nmethod 0x000002352a533e90
Event: 28.288 Thread 0x0000023540885040 flushing nmethod 0x000002352a535390
Event: 28.288 Thread 0x0000023540885040 flushing nmethod 0x000002352a542490
Event: 28.288 Thread 0x0000023540885040 flushing nmethod 0x000002352a56ed10
Event: 28.288 Thread 0x0000023540885040 flushing nmethod 0x000002352a570990
Event: 28.288 Thread 0x0000023540885040 flushing nmethod 0x000002352a576210
Event: 28.288 Thread 0x0000023540885040 flushing nmethod 0x000002352a577a10
Event: 28.288 Thread 0x0000023540885040 flushing nmethod 0x000002352a581290
Event: 28.288 Thread 0x0000023540885040 flushing nmethod 0x000002352a586a10
Event: 61.855 Thread 0x0000023543b2c700 Thread exited: 0x0000023543b2c700


Dynamic libraries:
0x00007ff7d7780000 - 0x00007ff7d778a000 	C:\Program Files\Android\Android Studio\jbr\bin\java.exe
0x00007ffec9c30000 - 0x00007ffec9e28000 	C:\Windows\SYSTEM32\ntdll.dll
0x00007ffec8ad0000 - 0x00007ffec8b8f000 	C:\Windows\System32\KERNEL32.DLL
0x00007ffec7800000 - 0x00007ffec7ad2000 	C:\Windows\System32\KERNELBASE.dll
0x00007ffec7ae0000 - 0x00007ffec7be0000 	C:\Windows\System32\ucrtbase.dll
0x00007ffe60ef0000 - 0x00007ffe60f07000 	C:\Program Files\Android\Android Studio\jbr\bin\jli.dll
0x00007ffeb4470000 - 0x00007ffeb448b000 	C:\Program Files\Android\Android Studio\jbr\bin\VCRUNTIME140.dll
0x00007ffec8b90000 - 0x00007ffec8d2d000 	C:\Windows\System32\USER32.dll
0x00007ffec7710000 - 0x00007ffec7732000 	C:\Windows\System32\win32u.dll
0x00007ffeaf220000 - 0x00007ffeaf4ba000 	C:\Windows\WinSxS\amd64_microsoft.windows.common-controls_6595b64144ccf1df_6.0.19041.1110_none_60b5254171f9507e\COMCTL32.dll
0x00007ffec9bb0000 - 0x00007ffec9bdb000 	C:\Windows\System32\GDI32.dll
0x00007ffec9b10000 - 0x00007ffec9bae000 	C:\Windows\System32\msvcrt.dll
0x00007ffec74e0000 - 0x00007ffec75ef000 	C:\Windows\System32\gdi32full.dll
0x00007ffec7be0000 - 0x00007ffec7c7d000 	C:\Windows\System32\msvcp_win.dll
0x00007ffec9790000 - 0x00007ffec97c2000 	C:\Windows\System32\IMM32.DLL
0x00007ffec2a90000 - 0x00007ffec2a9c000 	C:\Program Files\Android\Android Studio\jbr\bin\vcruntime140_1.dll
0x00007ffe97170000 - 0x00007ffe971fd000 	C:\Program Files\Android\Android Studio\jbr\bin\msvcp140.dll
0x00007ffe61230000 - 0x00007ffe61e9e000 	C:\Program Files\Android\Android Studio\jbr\bin\server\jvm.dll
0x00007ffec97d0000 - 0x00007ffec987e000 	C:\Windows\System32\ADVAPI32.dll
0x00007ffec8da0000 - 0x00007ffec8e3c000 	C:\Windows\System32\sechost.dll
0x00007ffec8f10000 - 0x00007ffec9035000 	C:\Windows\System32\RPCRT4.dll
0x00007ffead320000 - 0x00007ffead329000 	C:\Windows\SYSTEM32\WSOCK32.dll
0x00007ffeb7c60000 - 0x00007ffeb7c6a000 	C:\Windows\SYSTEM32\VERSION.dll
0x00007ffeb63b0000 - 0x00007ffeb63d7000 	C:\Windows\SYSTEM32\WINMM.dll
0x00007ffec9a40000 - 0x00007ffec9aab000 	C:\Windows\System32\WS2_32.dll
0x00007ffec5b80000 - 0x00007ffec5b92000 	C:\Windows\SYSTEM32\kernel.appcore.dll
0x00007ffe717f0000 - 0x00007ffe717fa000 	C:\Program Files\Android\Android Studio\jbr\bin\jimage.dll
0x00007ffec4f20000 - 0x00007ffec5104000 	C:\Windows\SYSTEM32\DBGHELP.DLL
0x00007ffeafc70000 - 0x00007ffeafc9c000 	C:\Windows\SYSTEM32\dbgcore.DLL
0x00007ffec7770000 - 0x00007ffec77f2000 	C:\Windows\System32\bcryptPrimitives.dll
0x00007ffe61200000 - 0x00007ffe61225000 	C:\Program Files\Android\Android Studio\jbr\bin\java.dll
0x00007ffe6deb0000 - 0x00007ffe6dec8000 	C:\Program Files\Android\Android Studio\jbr\bin\zip.dll
0x00007ffec7e30000 - 0x00007ffec8573000 	C:\Windows\System32\SHELL32.dll
0x00007ffec53d0000 - 0x00007ffec5b62000 	C:\Windows\SYSTEM32\windows.storage.dll
0x00007ffec8580000 - 0x00007ffec88d4000 	C:\Windows\System32\combase.dll
0x00007ffec6d90000 - 0x00007ffec6dc0000 	C:\Windows\SYSTEM32\Wldp.dll
0x00007ffec9600000 - 0x00007ffec96ad000 	C:\Windows\System32\SHCORE.dll
0x00007ffec90a0000 - 0x00007ffec90f5000 	C:\Windows\System32\shlwapi.dll
0x00007ffec7270000 - 0x00007ffec728f000 	C:\Windows\SYSTEM32\profapi.dll
0x00007ffe611e0000 - 0x00007ffe611f9000 	C:\Program Files\Android\Android Studio\jbr\bin\net.dll
0x00007ffec25b0000 - 0x00007ffec26bc000 	C:\Windows\SYSTEM32\WINHTTP.dll
0x00007ffec6af0000 - 0x00007ffec6b5a000 	C:\Windows\system32\mswsock.dll
0x00007ffe611c0000 - 0x00007ffe611d6000 	C:\Program Files\Android\Android Studio\jbr\bin\nio.dll
0x00007ffe60f40000 - 0x00007ffe60f50000 	C:\Program Files\Android\Android Studio\jbr\bin\verify.dll
0x00007ffec14c0000 - 0x00007ffec14e7000 	C:\Users\ahmed\.gradle\native\68d5fa5c4cc2d200863cafc0d521ce42e7d3e7ee720ec0a83991735586a16f82\windows-amd64\native-platform.dll
0x00007ffe94960000 - 0x00007ffe94aa4000 	C:\Users\ahmed\.gradle\native\e376f236ea51e6404a007f0833ffe2c6e607c4080706a723a18a27aeea778392\windows-amd64\native-platform-file-events.dll
0x00007ffea0190000 - 0x00007ffea0199000 	C:\Program Files\Android\Android Studio\jbr\bin\management.dll
0x00007ffe60f30000 - 0x00007ffe60f3b000 	C:\Program Files\Android\Android Studio\jbr\bin\management_ext.dll
0x00007ffec9be0000 - 0x00007ffec9be8000 	C:\Windows\System32\PSAPI.DLL
0x00007ffec6ce0000 - 0x00007ffec6cf8000 	C:\Windows\SYSTEM32\CRYPTSP.dll
0x00007ffec63a0000 - 0x00007ffec63d4000 	C:\Windows\system32\rsaenh.dll
0x00007ffec7740000 - 0x00007ffec7767000 	C:\Windows\System32\bcrypt.dll
0x00007ffec7230000 - 0x00007ffec725e000 	C:\Windows\SYSTEM32\USERENV.dll
0x00007ffec6d00000 - 0x00007ffec6d0c000 	C:\Windows\SYSTEM32\CRYPTBASE.dll
0x00007ffec6790000 - 0x00007ffec67cb000 	C:\Windows\SYSTEM32\IPHLPAPI.DLL
0x00007ffec9a30000 - 0x00007ffec9a38000 	C:\Windows\System32\NSI.dll
0x00007ffebfcd0000 - 0x00007ffebfce7000 	C:\Windows\SYSTEM32\dhcpcsvc6.DLL
0x00007ffebfcb0000 - 0x00007ffebfccd000 	C:\Windows\SYSTEM32\dhcpcsvc.DLL
0x00007ffec67d0000 - 0x00007ffec689a000 	C:\Windows\SYSTEM32\DNSAPI.dll
0x00007ffe60f20000 - 0x00007ffe60f27000 	C:\Windows\system32\wshunix.dll
0x00007ffeac200000 - 0x00007ffeac217000 	c:\Windows\System32\wlidnsp.dll
0x0000000056ab0000 - 0x0000000056ad6000 	C:\Program Files\Bonjour\mdnsNSP.dll
0x00007ffec0f70000 - 0x00007ffec0f7a000 	C:\Windows\System32\rasadhlp.dll
0x00007ffebf580000 - 0x00007ffebf600000 	C:\Windows\System32\fwpuclnt.dll
0x00007ffec64e0000 - 0x00007ffec6513000 	C:\Windows\SYSTEM32\ntmarta.dll

dbghelp: loaded successfully - version: 4.0.5 - missing functions: none
symbol engine: initialized successfully - sym options: 0x614 - pdb path: .;C:\Program Files\Android\Android Studio\jbr\bin;C:\Windows\SYSTEM32;C:\Windows\WinSxS\amd64_microsoft.windows.common-controls_6595b64144ccf1df_6.0.19041.1110_none_60b5254171f9507e;C:\Program Files\Android\Android Studio\jbr\bin\server;C:\Users\ahmed\.gradle\native\68d5fa5c4cc2d200863cafc0d521ce42e7d3e7ee720ec0a83991735586a16f82\windows-amd64;C:\Users\ahmed\.gradle\native\e376f236ea51e6404a007f0833ffe2c6e607c4080706a723a18a27aeea778392\windows-amd64;C:\Program Files\Bonjour

VM Arguments:
jvm_args: --add-opens=java.base/java.util=ALL-UNNAMED --add-opens=java.base/java.lang=ALL-UNNAMED --add-opens=java.base/java.lang.invoke=ALL-UNNAMED --add-opens=java.prefs/java.util.prefs=ALL-UNNAMED --add-opens=java.base/java.nio.charset=ALL-UNNAMED --add-opens=java.base/java.net=ALL-UNNAMED --add-opens=java.base/java.util.concurrent.atomic=ALL-UNNAMED -Xmx2048m -Dfile.encoding=UTF-8 -Duser.country=US -Duser.language=en -Duser.variant 
java_command: org.gradle.launcher.daemon.bootstrap.GradleDaemon 8.0
java_class_path (initial): C:\Users\ahmed\.gradle\wrapper\dists\gradle-8.0-bin\ca5e32bp14vu59qr306oxotwh\gradle-8.0\lib\gradle-launcher-8.0.jar
Launcher Type: SUN_STANDARD

[Global flags]
     intx CICompilerCount                          = 4                                         {product} {ergonomic}
     uint ConcGCThreads                            = 2                                         {product} {ergonomic}
     uint G1ConcRefinementThreads                  = 8                                         {product} {ergonomic}
   size_t G1HeapRegionSize                         = 1048576                                   {product} {ergonomic}
    uintx GCDrainStackTargetSize                   = 64                                        {product} {ergonomic}
   size_t InitialHeapSize                          = 264241152                                 {product} {ergonomic}
   size_t MarkStackSize                            = 4194304                                   {product} {ergonomic}
   size_t MaxHeapSize                              = 2147483648                                {product} {command line}
   size_t MaxNewSize                               = 1287651328                                {product} {ergonomic}
   size_t MinHeapDeltaBytes                        = 1048576                                   {product} {ergonomic}
   size_t MinHeapSize                              = 8388608                                   {product} {ergonomic}
    uintx NonNMethodCodeHeapSize                   = 5839372                                {pd product} {ergonomic}
    uintx NonProfiledCodeHeapSize                  = 122909434                              {pd product} {ergonomic}
    uintx ProfiledCodeHeapSize                     = 122909434                              {pd product} {ergonomic}
    uintx ReservedCodeCacheSize                    = 251658240                              {pd product} {ergonomic}
     bool SegmentedCodeCache                       = true                                      {product} {ergonomic}
   size_t SoftMaxHeapSize                          = 2147483648                             {manageable} {ergonomic}
     bool UseCompressedClassPointers               = true                           {product lp64_product} {ergonomic}
     bool UseCompressedOops                        = true                           {product lp64_product} {ergonomic}
     bool UseG1GC                                  = true                                      {product} {ergonomic}
     bool UseLargePagesIndividualAllocation        = false                                  {pd product} {ergonomic}

Logging:
Log output configuration:
 #0: stdout all=warning uptime,level,tags
 #1: stderr all=off uptime,level,tags

Environment Variables:
PATH=C:\Program Files\Python310\Scripts\;C:\Program Files\Python310\;C:\Program Files\Microsoft MPI\Bin\;D:\oracle\app\oracle\product\11.2.0\server\bin;C:\Program Files (x86)\Common Files\Oracle\Java\javapath;C:\Windows\system32;C:\Windows;C:\Windows\System32\Wbem;C:\Windows\System32\WindowsPowerShell\v1.0\;C:\Windows\System32\OpenSSH\;C:\Program Files\Microsoft VS Code\bin;C:\xampp\php;C:\Program Files\Java;C:\ProgramData\ComposerSetup\bin;C:\Users\ahmed\scoop\apps\symfony-cli\5.5.1;C:\Program Files\Git\cmd;C:\Program Files (x86)\Microsoft SQL Server\160\Tools\Binn\;C:\Program Files\Microsoft SQL Server\160\Tools\Binn\;C:\Program Files\Microsoft SQL Server\Client SDK\ODBC\170\Tools\Binn\;C:\Program Files\Microsoft SQL Server\160\DTS\Binn\;C:\Program Files (x86)\Microsoft SQL Server\160\DTS\Binn\;C:\Program Files\Azure Data Studio\bin;D:\nvm;D:\nodejs;D:\MogoDB\Server\6.0\data;C:\Program Files\Microsoft SQL Server\130\Tools\Binn\;C:\Program Files (x86)\Microsoft SQL Server\110\DTS\Binn\;C:\Program Files (x86)\Microsoft SQL Server\120\DTS\Binn\;C:\Program Files (x86)\Microsoft SQL Server\130\DTS\Binn\;C:\Program Files (x86)\Microsoft SQL Server\140\DTS\Binn\;C:\Program Files (x86)\Microsoft SQL Server\150\DTS\Binn\;C:\Program Files\Microsoft MPI\Bin\;D:\oracle\app\oracle\product\11.2.0\server\bin;C:\Program Files (x86)\Common Files\Oracle\Java\javapath;C:\Windows\system32;C:\Windows;C:\Windows\System32\Wbem;C:\Windows\System32\WindowsPowerShell\v1.0\;C:\Windows\System32\OpenSSH\;C:\Program Files\Microsoft VS Code\bin;C:\xampp\php;C:\Program Files\Java;C:\Program Files\nodejs\;C:\ProgramData\ComposerSetup\bin;C:\Users\ahmed\scoop\apps\symfony-cli\5.5.1;C:\Program Files\Git\cmd;C:\Program Files (x86)\Microsoft SQL Server\160\Tools\Binn\;C:\Program Files\Microsoft SQL Server\160\Tools\Binn\;C:\Program Files\Microsoft SQL Server\Client SDK\ODBC\170\Tools\Binn\;C:\Program Files\Microsoft SQL Server\160\DTS\Binn\;C:\Program Files (x86)\Microsoft SQL Server\160\DTS\Binn\;C:\Pr
USERNAME=ahmed
OS=Windows_NT
PROCESSOR_IDENTIFIER=Intel64 Family 6 Model 140 Stepping 1, GenuineIntel
TMP=C:\Users\ahmed\AppData\Local\Temp
TEMP=C:\Users\ahmed\AppData\Local\Temp


JNI global refs:
JNI global refs: 26, weak refs: 0

JNI global refs memory usage: 843, weak refs: 841


---------------  S Y S T E M  ---------------

OS:
 Windows 10 , 64 bit Build 19041 (10.0.19041.2251)
OS uptime: 0 days 3:39 hours

CPU: total 8 (initial active 8) (4 cores per cpu, 2 threads per core) family 6 model 140 stepping 1 microcode 0xa4, cx8, cmov, fxsr, ht, mmx, 3dnowpref, sse, sse2, sse3, ssse3, sse4.1, sse4.2, popcnt, lzcnt, tsc, tscinvbit, avx, avx2, aes, erms, clmul, bmi1, bmi2, adx, avx512f, avx512dq, avx512cd, avx512bw, avx512vl, sha, fma, vzeroupper, avx512_vpopcntdq, avx512_vpclmulqdq, avx512_vaes, avx512_vnni, clflush, clflushopt, clwb, avx512_vbmi2, avx512_vbmi

Memory: 4k page, system-wide physical 16126M (1974M free)
TotalPageFile size 16126M (AvailPageFile size 5M)
current process WorkingSet (physical memory assigned to process): 461M, peak: 492M
current process commit charge ("private bytes"): 495M, peak: 525M

vm_info: OpenJDK 64-Bit Server VM (17.0.6+0-b2043.56-10027231) for windows-amd64 JRE (17.0.6+0-b2043.56-10027231), built on Apr 28 2023 00:43:19 by "androidbuild" with MS VC++ 16.10 / 16.11 (VS2019)

END.
