#
# There is insufficient memory for the Java Runtime Environment to continue.
# Native memory allocation (malloc) failed to allocate 1046512 bytes for Chunk::new
# Possible reasons:
#   The system is out of physical RAM or swap space
#   The process is running with CompressedOops enabled, and the Java Heap may be blocking the growth of the native heap
# Possible solutions:
#   Reduce memory load on the system
#   Increase physical memory or swap space
#   Check if swap backing store is full
#   Decrease Java heap size (-Xmx/-Xms)
#   Decrease number of Java threads
#   Decrease Java thread stack sizes (-Xss)
#   Set larger code cache with -XX:ReservedCodeCacheSize=
#   JVM is running with Unscaled Compressed Oops mode in which the Java heap is
#     placed in the first 4GB address space. The Java Heap base address is the
#     maximum limit for the native heap growth. Please use -XX:HeapBaseMinAddress
#     to set the Java Heap base and to place the Java Heap above 4GB virtual address.
# This output file may be truncated or incomplete.
#
#  Out of Memory Error (arena.cpp:189), pid=14604, tid=8620
#
# JRE version: OpenJDK Runtime Environment (17.0.6) (build 17.0.6+0-b2043.56-10027231)
# Java VM: OpenJDK 64-Bit Server VM (17.0.6+0-b2043.56-10027231, mixed mode, tiered, compressed oops, compressed class ptrs, g1 gc, windows-amd64)
# No core dump will be written. Minidumps are not enabled by default on client versions of Windows
#

---------------  S U M M A R Y ------------

Command Line: --add-opens=java.base/java.util=ALL-UNNAMED --add-opens=java.base/java.lang=ALL-UNNAMED --add-opens=java.base/java.lang.invoke=ALL-UNNAMED --add-opens=java.prefs/java.util.prefs=ALL-UNNAMED --add-opens=java.base/java.nio.charset=ALL-UNNAMED --add-opens=java.base/java.net=ALL-UNNAMED --add-opens=java.base/java.util.concurrent.atomic=ALL-UNNAMED -Xmx2048m -Dfile.encoding=UTF-8 -Duser.country=US -Duser.language=en -Duser.variant org.gradle.launcher.daemon.bootstrap.GradleDaemon 8.0

Host: 11th Gen Intel(R) Core(TM) i5-1135G7 @ 2.40GHz, 8 cores, 15G,  Windows 10 , 64 bit Build 19041 (10.0.19041.2251)
Time: Mon Oct  2 04:14:15 2023 W. Central Africa Standard Time elapsed time: 16.446003 seconds (0d 0h 0m 16s)

---------------  T H R E A D  ---------------

Current thread (0x00000168f507cea0):  JavaThread "C2 CompilerThread0" daemon [_thread_in_native, id=8620, stack(0x0000005ecdf00000,0x0000005ece000000)]


Current CompileTask:
C2:  16446 11551       4       org.gradle.cache.internal.btree.CachingBlockStore::read (56 bytes)

Stack: [0x0000005ecdf00000,0x0000005ece000000]
Native frames: (J=compiled Java code, j=interpreted, Vv=VM code, C=native code)
V  [jvm.dll+0x683c9a]
V  [jvm.dll+0x8427a4]
V  [jvm.dll+0x843f9e]
V  [jvm.dll+0x844603]
V  [jvm.dll+0x249b75]
V  [jvm.dll+0xabcac]
V  [jvm.dll+0xac27c]
V  [jvm.dll+0x368857]
V  [jvm.dll+0x1bd0b8]
V  [jvm.dll+0x21c359]
V  [jvm.dll+0x21b621]
V  [jvm.dll+0x1a4fdd]
V  [jvm.dll+0x22b098]
V  [jvm.dll+0x229159]
V  [jvm.dll+0x7f81ec]
V  [jvm.dll+0x7f274a]
V  [jvm.dll+0x682ad5]
C  [ucrtbase.dll+0x21bb2]
C  [KERNEL32.DLL+0x174b4]
C  [ntdll.dll+0x526a1]


---------------  P R O C E S S  ---------------

Threads class SMR info:
_java_thread_list=0x00000168ff11baa0, length=127, elements={
0x00000168d867dff0, 0x00000168f5031040, 0x00000168f5032910, 0x00000168f5069310,
0x00000168f5069bd0, 0x00000168f507b3e0, 0x00000168f507bca0, 0x00000168f507cea0,
0x00000168f508ab90, 0x00000168f508e990, 0x00000168f521a770, 0x00000168f521ac40,
0x00000168f7cea180, 0x00000168f78c6d90, 0x00000168f5fec090, 0x00000168f7a08ca0,
0x00000168f6a43ce0, 0x00000168f67e02a0, 0x00000168f6921040, 0x00000168f7b158b0,
0x00000168f7b17590, 0x00000168f7b17a60, 0x00000168f7b140a0, 0x00000168f7b14570,
0x00000168f7b16250, 0x00000168f7b16720, 0x00000168f7b16bf0, 0x00000168f7b170c0,
0x00000168f7b14a40, 0x00000168f7b14f10, 0x00000168f999bd40, 0x00000168f99996c0,
0x00000168f999aa00, 0x00000168f999aed0, 0x00000168f999fbd0, 0x00000168f999e890,
0x00000168f999f700, 0x00000168f999b3a0, 0x00000168f999d080, 0x00000168f999ed60,
0x00000168f999c210, 0x00000168f999cbb0, 0x00000168f999da20, 0x00000168f999a060,
0x00000168fcf817a0, 0x00000168fcf7d440, 0x00000168fcf82140, 0x00000168fcf7cf70,
0x00000168fcf7fac0, 0x00000168fcf842f0, 0x00000168fcf7dde0, 0x00000168fcf7e2b0,
0x00000168fcf847c0, 0x00000168fcf82610, 0x00000168fcf83e20, 0x00000168fcf82ae0,
0x00000168fcf83950, 0x00000168fcf82fb0, 0x00000168fcf7ff90, 0x00000168fcf7d910,
0x00000168fcf7f120, 0x00000168fcf83480, 0x00000168fcf7e780, 0x00000168fcf7ec50,
0x00000168fcf7f5f0, 0x00000168fcf80460, 0x00000168fcf81c70, 0x00000168fcf80930,
0x00000168fcf80e00, 0x00000168fcf812d0, 0x00000168f97f9410, 0x00000168f97fcdd0,
0x00000168f97fc900, 0x00000168f97ff450, 0x00000168f97ff920, 0x00000168f97f8f40,
0x00000168f97fbf60, 0x00000168f97ffdf0, 0x00000168f97fb5c0, 0x00000168f97f8a70,
0x00000168f97fe110, 0x00000168f98002c0, 0x00000168f97fe5e0, 0x00000168f97fd2a0,
0x00000168f97f98e0, 0x00000168f97f9db0, 0x00000168f97fef80, 0x00000168f97fd770,
0x00000168f97fa280, 0x00000168f97fb0f0, 0x00000168f97fa750, 0x00000168f97fdc40,
0x00000168f97fba90, 0x00000168f97fc430, 0x00000168f97feab0, 0x00000168f97fac20,
0x00000168fa9d9530, 0x00000168fa9d7850, 0x00000168fa9d81f0, 0x00000168fa9d51d0,
0x00000168fa9d3020, 0x00000168fa9d2680, 0x00000168fa9d6040, 0x00000168fa9d7d20,
0x00000168fa9d56a0, 0x00000168fa9d69e0, 0x00000168fa9d9060, 0x00000168fa9d1ce0,
0x00000168fa9d2b50, 0x00000168fa9d5b70, 0x00000168fa9d4d00, 0x00000168fa9d6510,
0x00000168fa9d8b90, 0x00000168fa9d21b0, 0x00000168fa9d6eb0, 0x00000168fa9d34f0,
0x00000168fa9d7380, 0x00000168fa9d39c0, 0x00000168fa9d86c0, 0x00000168fa9d3e90,
0x00000168fa9d4360, 0x00000168fa9d4830, 0x00000168fd0a1790, 0x00000168fd0a5150,
0x00000168fd0a2600, 0x00000168fd0a2fa0, 0x00000168fcdfafc0
}

Java Threads: ( => current thread )
  0x00000168d867dff0 JavaThread "main" [_thread_blocked, id=9528, stack(0x0000005ecd200000,0x0000005ecd300000)]
  0x00000168f5031040 JavaThread "Reference Handler" daemon [_thread_blocked, id=7948, stack(0x0000005ecd900000,0x0000005ecda00000)]
  0x00000168f5032910 JavaThread "Finalizer" daemon [_thread_blocked, id=12216, stack(0x0000005ecda00000,0x0000005ecdb00000)]
  0x00000168f5069310 JavaThread "Signal Dispatcher" daemon [_thread_blocked, id=4488, stack(0x0000005ecdb00000,0x0000005ecdc00000)]
  0x00000168f5069bd0 JavaThread "Attach Listener" daemon [_thread_blocked, id=11792, stack(0x0000005ecdc00000,0x0000005ecdd00000)]
  0x00000168f507b3e0 JavaThread "Service Thread" daemon [_thread_blocked, id=11088, stack(0x0000005ecdd00000,0x0000005ecde00000)]
  0x00000168f507bca0 JavaThread "Monitor Deflation Thread" daemon [_thread_blocked, id=16328, stack(0x0000005ecde00000,0x0000005ecdf00000)]
=>0x00000168f507cea0 JavaThread "C2 CompilerThread0" daemon [_thread_in_native, id=8620, stack(0x0000005ecdf00000,0x0000005ece000000)]
  0x00000168f508ab90 JavaThread "C1 CompilerThread0" daemon [_thread_blocked, id=10300, stack(0x0000005ece000000,0x0000005ece100000)]
  0x00000168f508e990 JavaThread "Sweeper thread" daemon [_thread_blocked, id=6764, stack(0x0000005ece100000,0x0000005ece200000)]
  0x00000168f521a770 JavaThread "Common-Cleaner" daemon [_thread_blocked, id=10812, stack(0x0000005ece200000,0x0000005ece300000)]
  0x00000168f521ac40 JavaThread "Notification Thread" daemon [_thread_blocked, id=14976, stack(0x0000005ece300000,0x0000005ece400000)]
  0x00000168f7cea180 JavaThread "Daemon health stats" [_thread_blocked, id=10284, stack(0x0000005ecec00000,0x0000005eced00000)]
  0x00000168f78c6d90 JavaThread "Incoming local TCP Connector on port 60686" [_thread_in_native, id=13612, stack(0x0000005eceb00000,0x0000005ecec00000)]
  0x00000168f5fec090 JavaThread "Daemon periodic checks" [_thread_blocked, id=5608, stack(0x0000005eced00000,0x0000005ecee00000)]
  0x00000168f7a08ca0 JavaThread "Daemon" [_thread_blocked, id=15276, stack(0x0000005ecee00000,0x0000005ecef00000)]
  0x00000168f6a43ce0 JavaThread "Handler for socket connection from /127.0.0.1:60686 to /127.0.0.1:60687" [_thread_in_native, id=15148, stack(0x0000005ecef00000,0x0000005ecf000000)]
  0x00000168f67e02a0 JavaThread "Cancel handler" [_thread_blocked, id=6604, stack(0x0000005ecf000000,0x0000005ecf100000)]
  0x00000168f6921040 JavaThread "Daemon worker" [_thread_in_vm, id=9032, stack(0x0000005ecf100000,0x0000005ecf200000)]
  0x00000168f7b158b0 JavaThread "Asynchronous log dispatcher for DefaultDaemonConnection: socket connection from /127.0.0.1:60686 to /127.0.0.1:60687" [_thread_blocked, id=13088, stack(0x0000005ecf200000,0x0000005ecf300000)]
  0x00000168f7b17590 JavaThread "Stdin handler" [_thread_blocked, id=3952, stack(0x0000005ecf300000,0x0000005ecf400000)]
  0x00000168f7b17a60 JavaThread "Daemon client event forwarder" [_thread_blocked, id=1316, stack(0x0000005ecf400000,0x0000005ecf500000)]
  0x00000168f7b140a0 JavaThread "Cache worker for journal cache (C:\Users\ahmed\.gradle\caches\journal-1)" [_thread_blocked, id=4668, stack(0x0000005ecf800000,0x0000005ecf900000)]
  0x00000168f7b14570 JavaThread "File lock request listener" [_thread_in_native, id=3192, stack(0x0000005ecf900000,0x0000005ecfa00000)]
  0x00000168f7b16250 JavaThread "Cache worker for file hash cache (C:\Users\ahmed\.gradle\caches\8.0\fileHashes)" [_thread_blocked, id=12316, stack(0x0000005ecfa00000,0x0000005ecfb00000)]
  0x00000168f7b16720 JavaThread "File watcher server" daemon [_thread_in_native, id=11900, stack(0x0000005ecfc00000,0x0000005ecfd00000)]
  0x00000168f7b16bf0 JavaThread "File watcher consumer" daemon [_thread_blocked, id=13220, stack(0x0000005ecfd00000,0x0000005ecfe00000)]
  0x00000168f7b170c0 JavaThread "Cache worker for checksums cache (C:\Users\ahmed\AndroidStudioProjects\MyApplication\.gradle\8.0\checksums)" [_thread_blocked, id=15592, stack(0x0000005ecfe00000,0x0000005ecff00000)]
  0x00000168f7b14a40 JavaThread "Cache worker for cache directory md-rule (C:\Users\ahmed\.gradle\caches\8.0\md-rule)" [_thread_blocked, id=15740, stack(0x0000005ecff00000,0x0000005ed0000000)]
  0x00000168f7b14f10 JavaThread "Cache worker for file content cache (C:\Users\ahmed\.gradle\caches\8.0\fileContent)" [_thread_blocked, id=7116, stack(0x0000005ed0000000,0x0000005ed0100000)]
  0x00000168f999bd40 JavaThread "Cache worker for file hash cache (C:\Users\ahmed\AndroidStudioProjects\MyApplication\.gradle\8.0\fileHashes)" [_thread_blocked, id=12112, stack(0x0000005ed0100000,0x0000005ed0200000)]
  0x00000168f99996c0 JavaThread "Cache worker for cache directory md-supplier (C:\Users\ahmed\.gradle\caches\8.0\md-supplier)" [_thread_blocked, id=11064, stack(0x0000005ed0200000,0x0000005ed0300000)]
  0x00000168f999aa00 JavaThread "Cache worker for execution history cache (C:\Users\ahmed\.gradle\caches\8.0\executionHistory)" [_thread_blocked, id=12312, stack(0x0000005ecfb00000,0x0000005ecfc00000)]
  0x00000168f999aed0 JavaThread "jar transforms" [_thread_blocked, id=13168, stack(0x0000005ed0300000,0x0000005ed0400000)]
  0x00000168f999fbd0 JavaThread "jar transforms Thread 2" [_thread_blocked, id=7020, stack(0x0000005ed0500000,0x0000005ed0600000)]
  0x00000168f999e890 JavaThread "Cache worker for kotlin-dsl (C:\Users\ahmed\.gradle\caches\8.0\kotlin-dsl)" [_thread_blocked, id=16092, stack(0x0000005ed0700000,0x0000005ed0800000)]
  0x00000168f999f700 JavaThread "jar transforms Thread 3" [_thread_blocked, id=13780, stack(0x0000005ed0800000,0x0000005ed0900000)]
  0x00000168f999b3a0 JavaThread "jar transforms Thread 4" [_thread_blocked, id=11508, stack(0x0000005ed0900000,0x0000005ed0a00000)]
  0x00000168f999d080 JavaThread "Cache worker for dependencies-accessors (C:\Users\ahmed\AndroidStudioProjects\MyApplication\.gradle\8.0\dependencies-accessors)" [_thread_blocked, id=15992, stack(0x0000005ed0a00000,0x0000005ed0b00000)]
  0x00000168f999ed60 JavaThread "Cache worker for Build Output Cleanup Cache (C:\Users\ahmed\AndroidStudioProjects\MyApplication\.gradle\buildOutputCleanup)" [_thread_blocked, id=1860, stack(0x0000005ed0b00000,0x0000005ed0c00000)]
  0x00000168f999c210 JavaThread "jar transforms Thread 5" [_thread_blocked, id=4888, stack(0x0000005ed0c00000,0x0000005ed0d00000)]
  0x00000168f999cbb0 JavaThread "Unconstrained build operations" [_thread_blocked, id=1744, stack(0x0000005ed0d00000,0x0000005ed0e00000)]
  0x00000168f999da20 JavaThread "Unconstrained build operations Thread 2" [_thread_blocked, id=15580, stack(0x0000005ed0e00000,0x0000005ed0f00000)]
  0x00000168f999a060 JavaThread "Unconstrained build operations Thread 3" [_thread_blocked, id=13648, stack(0x0000005ed0f00000,0x0000005ed1000000)]
  0x00000168fcf817a0 JavaThread "Unconstrained build operations Thread 4" [_thread_blocked, id=10496, stack(0x0000005ed1000000,0x0000005ed1100000)]
  0x00000168fcf7d440 JavaThread "Unconstrained build operations Thread 5" [_thread_blocked, id=14516, stack(0x0000005ed1100000,0x0000005ed1200000)]
  0x00000168fcf82140 JavaThread "Unconstrained build operations Thread 6" [_thread_blocked, id=9016, stack(0x0000005ed1200000,0x0000005ed1300000)]
  0x00000168fcf7cf70 JavaThread "Unconstrained build operations Thread 7" [_thread_blocked, id=10856, stack(0x0000005ed1300000,0x0000005ed1400000)]
  0x00000168fcf7fac0 JavaThread "Unconstrained build operations Thread 8" [_thread_blocked, id=15100, stack(0x0000005ed1400000,0x0000005ed1500000)]
  0x00000168fcf842f0 JavaThread "Unconstrained build operations Thread 9" [_thread_blocked, id=10936, stack(0x0000005ed1500000,0x0000005ed1600000)]
  0x00000168fcf7dde0 JavaThread "Unconstrained build operations Thread 10" [_thread_blocked, id=15892, stack(0x0000005ed1600000,0x0000005ed1700000)]
  0x00000168fcf7e2b0 JavaThread "Unconstrained build operations Thread 11" [_thread_blocked, id=9232, stack(0x0000005ed1700000,0x0000005ed1800000)]
  0x00000168fcf847c0 JavaThread "Unconstrained build operations Thread 12" [_thread_blocked, id=1972, stack(0x0000005ed1800000,0x0000005ed1900000)]
  0x00000168fcf82610 JavaThread "Unconstrained build operations Thread 13" [_thread_blocked, id=9072, stack(0x0000005ed1900000,0x0000005ed1a00000)]
  0x00000168fcf83e20 JavaThread "Unconstrained build operations Thread 14" [_thread_blocked, id=5488, stack(0x0000005ed1a00000,0x0000005ed1b00000)]
  0x00000168fcf82ae0 JavaThread "Unconstrained build operations Thread 15" [_thread_blocked, id=2928, stack(0x0000005ed1b00000,0x0000005ed1c00000)]
  0x00000168fcf83950 JavaThread "Unconstrained build operations Thread 16" [_thread_blocked, id=1632, stack(0x0000005ed1c00000,0x0000005ed1d00000)]
  0x00000168fcf82fb0 JavaThread "Unconstrained build operations Thread 17" [_thread_blocked, id=6928, stack(0x0000005ed1d00000,0x0000005ed1e00000)]
  0x00000168fcf7ff90 JavaThread "Unconstrained build operations Thread 18" [_thread_blocked, id=16240, stack(0x0000005ed1e00000,0x0000005ed1f00000)]
  0x00000168fcf7d910 JavaThread "Unconstrained build operations Thread 19" [_thread_blocked, id=15636, stack(0x0000005ed1f00000,0x0000005ed2000000)]
  0x00000168fcf7f120 JavaThread "Unconstrained build operations Thread 20" [_thread_blocked, id=11400, stack(0x0000005ed2000000,0x0000005ed2100000)]
  0x00000168fcf83480 JavaThread "Unconstrained build operations Thread 21" [_thread_blocked, id=9336, stack(0x0000005ed2100000,0x0000005ed2200000)]
  0x00000168fcf7e780 JavaThread "Unconstrained build operations Thread 22" [_thread_blocked, id=4636, stack(0x0000005ed2200000,0x0000005ed2300000)]
  0x00000168fcf7ec50 JavaThread "Unconstrained build operations Thread 23" [_thread_blocked, id=9644, stack(0x0000005ed2300000,0x0000005ed2400000)]
  0x00000168fcf7f5f0 JavaThread "Unconstrained build operations Thread 24" [_thread_blocked, id=10520, stack(0x0000005ed2400000,0x0000005ed2500000)]
  0x00000168fcf80460 JavaThread "Unconstrained build operations Thread 25" [_thread_blocked, id=7900, stack(0x0000005ed2500000,0x0000005ed2600000)]
  0x00000168fcf81c70 JavaThread "Unconstrained build operations Thread 26" [_thread_blocked, id=16124, stack(0x0000005ed2600000,0x0000005ed2700000)]
  0x00000168fcf80930 JavaThread "Unconstrained build operations Thread 27" [_thread_blocked, id=2240, stack(0x0000005ed2700000,0x0000005ed2800000)]
  0x00000168fcf80e00 JavaThread "Unconstrained build operations Thread 28" [_thread_blocked, id=5676, stack(0x0000005ed2800000,0x0000005ed2900000)]
  0x00000168fcf812d0 JavaThread "Unconstrained build operations Thread 29" [_thread_blocked, id=12188, stack(0x0000005ed2900000,0x0000005ed2a00000)]
  0x00000168f97f9410 JavaThread "Unconstrained build operations Thread 30" [_thread_blocked, id=10680, stack(0x0000005ed2a00000,0x0000005ed2b00000)]
  0x00000168f97fcdd0 JavaThread "Unconstrained build operations Thread 31" [_thread_blocked, id=15720, stack(0x0000005ed2b00000,0x0000005ed2c00000)]
  0x00000168f97fc900 JavaThread "Unconstrained build operations Thread 32" [_thread_blocked, id=10660, stack(0x0000005ed2c00000,0x0000005ed2d00000)]
  0x00000168f97ff450 JavaThread "Unconstrained build operations Thread 33" [_thread_blocked, id=9908, stack(0x0000005ed2d00000,0x0000005ed2e00000)]
  0x00000168f97ff920 JavaThread "Unconstrained build operations Thread 34" [_thread_blocked, id=7064, stack(0x0000005ed2e00000,0x0000005ed2f00000)]
  0x00000168f97f8f40 JavaThread "Unconstrained build operations Thread 35" [_thread_blocked, id=7592, stack(0x0000005ed2f00000,0x0000005ed3000000)]
  0x00000168f97fbf60 JavaThread "Unconstrained build operations Thread 36" [_thread_blocked, id=15164, stack(0x0000005ed3000000,0x0000005ed3100000)]
  0x00000168f97ffdf0 JavaThread "Unconstrained build operations Thread 37" [_thread_blocked, id=1696, stack(0x0000005ed3100000,0x0000005ed3200000)]
  0x00000168f97fb5c0 JavaThread "Unconstrained build operations Thread 38" [_thread_blocked, id=15520, stack(0x0000005ed3200000,0x0000005ed3300000)]
  0x00000168f97f8a70 JavaThread "Unconstrained build operations Thread 39" [_thread_blocked, id=8728, stack(0x0000005ed3300000,0x0000005ed3400000)]
  0x00000168f97fe110 JavaThread "Unconstrained build operations Thread 40" [_thread_blocked, id=9036, stack(0x0000005ed3400000,0x0000005ed3500000)]
  0x00000168f98002c0 JavaThread "Unconstrained build operations Thread 41" [_thread_blocked, id=8384, stack(0x0000005ed3500000,0x0000005ed3600000)]
  0x00000168f97fe5e0 JavaThread "Unconstrained build operations Thread 42" [_thread_blocked, id=10888, stack(0x0000005ed3600000,0x0000005ed3700000)]
  0x00000168f97fd2a0 JavaThread "Unconstrained build operations Thread 43" [_thread_blocked, id=1304, stack(0x0000005ed3700000,0x0000005ed3800000)]
  0x00000168f97f98e0 JavaThread "Unconstrained build operations Thread 44" [_thread_blocked, id=3484, stack(0x0000005ed3800000,0x0000005ed3900000)]
  0x00000168f97f9db0 JavaThread "Unconstrained build operations Thread 45" [_thread_blocked, id=2784, stack(0x0000005ed3900000,0x0000005ed3a00000)]
  0x00000168f97fef80 JavaThread "Unconstrained build operations Thread 46" [_thread_blocked, id=14028, stack(0x0000005ed3a00000,0x0000005ed3b00000)]
  0x00000168f97fd770 JavaThread "Unconstrained build operations Thread 47" [_thread_blocked, id=13528, stack(0x0000005ed3b00000,0x0000005ed3c00000)]
  0x00000168f97fa280 JavaThread "Unconstrained build operations Thread 48" [_thread_blocked, id=12540, stack(0x0000005ed3c00000,0x0000005ed3d00000)]
  0x00000168f97fb0f0 JavaThread "Unconstrained build operations Thread 49" [_thread_blocked, id=4752, stack(0x0000005ed3d00000,0x0000005ed3e00000)]
  0x00000168f97fa750 JavaThread "Unconstrained build operations Thread 50" [_thread_blocked, id=11860, stack(0x0000005ed3e00000,0x0000005ed3f00000)]
  0x00000168f97fdc40 JavaThread "Unconstrained build operations Thread 51" [_thread_blocked, id=6340, stack(0x0000005ed3f00000,0x0000005ed4000000)]
  0x00000168f97fba90 JavaThread "Unconstrained build operations Thread 52" [_thread_blocked, id=4892, stack(0x0000005ed4000000,0x0000005ed4100000)]
  0x00000168f97fc430 JavaThread "Unconstrained build operations Thread 53" [_thread_blocked, id=5140, stack(0x0000005ed4100000,0x0000005ed4200000)]
  0x00000168f97feab0 JavaThread "Unconstrained build operations Thread 54" [_thread_blocked, id=3492, stack(0x0000005ed4200000,0x0000005ed4300000)]
  0x00000168f97fac20 JavaThread "Unconstrained build operations Thread 55" [_thread_blocked, id=8124, stack(0x0000005ed4300000,0x0000005ed4400000)]
  0x00000168fa9d9530 JavaThread "Unconstrained build operations Thread 56" [_thread_blocked, id=13084, stack(0x0000005ed4400000,0x0000005ed4500000)]
  0x00000168fa9d7850 JavaThread "Unconstrained build operations Thread 57" [_thread_blocked, id=14260, stack(0x0000005ed4500000,0x0000005ed4600000)]
  0x00000168fa9d81f0 JavaThread "Unconstrained build operations Thread 58" [_thread_blocked, id=14244, stack(0x0000005ed4600000,0x0000005ed4700000)]
  0x00000168fa9d51d0 JavaThread "Unconstrained build operations Thread 59" [_thread_blocked, id=14476, stack(0x0000005ed4700000,0x0000005ed4800000)]
  0x00000168fa9d3020 JavaThread "Unconstrained build operations Thread 60" [_thread_blocked, id=10384, stack(0x0000005ed4800000,0x0000005ed4900000)]
  0x00000168fa9d2680 JavaThread "Unconstrained build operations Thread 61" [_thread_blocked, id=11816, stack(0x0000005ed4900000,0x0000005ed4a00000)]
  0x00000168fa9d6040 JavaThread "Unconstrained build operations Thread 62" [_thread_blocked, id=1728, stack(0x0000005ed4a00000,0x0000005ed4b00000)]
  0x00000168fa9d7d20 JavaThread "Unconstrained build operations Thread 63" [_thread_blocked, id=11452, stack(0x0000005ed4b00000,0x0000005ed4c00000)]
  0x00000168fa9d56a0 JavaThread "Unconstrained build operations Thread 64" [_thread_blocked, id=13232, stack(0x0000005ed4c00000,0x0000005ed4d00000)]
  0x00000168fa9d69e0 JavaThread "Unconstrained build operations Thread 65" [_thread_blocked, id=15708, stack(0x0000005ed4d00000,0x0000005ed4e00000)]
  0x00000168fa9d9060 JavaThread "Unconstrained build operations Thread 66" [_thread_blocked, id=11180, stack(0x0000005ed4e00000,0x0000005ed4f00000)]
  0x00000168fa9d1ce0 JavaThread "Unconstrained build operations Thread 67" [_thread_blocked, id=14924, stack(0x0000005ed4f00000,0x0000005ed5000000)]
  0x00000168fa9d2b50 JavaThread "Unconstrained build operations Thread 68" [_thread_blocked, id=5904, stack(0x0000005ed5000000,0x0000005ed5100000)]
  0x00000168fa9d5b70 JavaThread "Unconstrained build operations Thread 69" [_thread_blocked, id=9496, stack(0x0000005ed5100000,0x0000005ed5200000)]
  0x00000168fa9d4d00 JavaThread "Unconstrained build operations Thread 70" [_thread_blocked, id=8812, stack(0x0000005ed5200000,0x0000005ed5300000)]
  0x00000168fa9d6510 JavaThread "Unconstrained build operations Thread 71" [_thread_blocked, id=4316, stack(0x0000005ed5300000,0x0000005ed5400000)]
  0x00000168fa9d8b90 JavaThread "Unconstrained build operations Thread 72" [_thread_blocked, id=1608, stack(0x0000005ed5400000,0x0000005ed5500000)]
  0x00000168fa9d21b0 JavaThread "Unconstrained build operations Thread 73" [_thread_blocked, id=1280, stack(0x0000005ed5500000,0x0000005ed5600000)]
  0x00000168fa9d6eb0 JavaThread "Unconstrained build operations Thread 74" [_thread_blocked, id=11176, stack(0x0000005ed5600000,0x0000005ed5700000)]
  0x00000168fa9d34f0 JavaThread "Unconstrained build operations Thread 75" [_thread_blocked, id=10740, stack(0x0000005ed5700000,0x0000005ed5800000)]
  0x00000168fa9d7380 JavaThread "Unconstrained build operations Thread 76" [_thread_blocked, id=1968, stack(0x0000005ed5800000,0x0000005ed5900000)]
  0x00000168fa9d39c0 JavaThread "Unconstrained build operations Thread 77" [_thread_blocked, id=1460, stack(0x0000005ed5900000,0x0000005ed5a00000)]
  0x00000168fa9d86c0 JavaThread "Unconstrained build operations Thread 78" [_thread_blocked, id=16168, stack(0x0000005ed5a00000,0x0000005ed5b00000)]
  0x00000168fa9d3e90 JavaThread "Unconstrained build operations Thread 79" [_thread_blocked, id=7720, stack(0x0000005ed5b00000,0x0000005ed5c00000)]
  0x00000168fa9d4360 JavaThread "Unconstrained build operations Thread 80" [_thread_blocked, id=9604, stack(0x0000005ed5c00000,0x0000005ed5d00000)]
  0x00000168fa9d4830 JavaThread "jar transforms Thread 6" [_thread_blocked, id=2308, stack(0x0000005ed5d00000,0x0000005ed5e00000)]
  0x00000168fd0a1790 JavaThread "jar transforms Thread 7" [_thread_blocked, id=9580, stack(0x0000005ed5e00000,0x0000005ed5f00000)]
  0x00000168fd0a5150 JavaThread "jar transforms Thread 8" [_thread_blocked, id=5560, stack(0x0000005ed5f00000,0x0000005ed6000000)]
  0x00000168fd0a2600 JavaThread "build event listener" [_thread_blocked, id=560, stack(0x0000005ed6000000,0x0000005ed6100000)]
  0x00000168fd0a2fa0 JavaThread "Memory manager" [_thread_blocked, id=1852, stack(0x0000005ed6100000,0x0000005ed6200000)]
  0x00000168fcdfafc0 JavaThread "C2 CompilerThread1" daemon [_thread_in_native, id=6640, stack(0x0000005ece500000,0x0000005ece600000)]

Other Threads:
  0x00000168f46de2a0 VMThread "VM Thread" [stack: 0x0000005ecd800000,0x0000005ecd900000] [id=5520]
  0x00000168f5218440 WatcherThread [stack: 0x0000005ece400000,0x0000005ece500000] [id=8012]
  0x00000168da8ad210 GCTaskThread "GC Thread#0" [stack: 0x0000005ecd300000,0x0000005ecd400000] [id=13904]
  0x00000168f5fec9b0 GCTaskThread "GC Thread#1" [stack: 0x0000005ece600000,0x0000005ece700000] [id=11904]
  0x00000168f5fecc60 GCTaskThread "GC Thread#2" [stack: 0x0000005ece700000,0x0000005ece800000] [id=11136]
  0x00000168f5fecf10 GCTaskThread "GC Thread#3" [stack: 0x0000005ece800000,0x0000005ece900000] [id=10188]
  0x00000168f5cb33c0 GCTaskThread "GC Thread#4" [stack: 0x0000005ece900000,0x0000005ecea00000] [id=11952]
  0x00000168f55b3710 GCTaskThread "GC Thread#5" [stack: 0x0000005ecea00000,0x0000005eceb00000] [id=11104]
  0x00000168f7ec5b60 GCTaskThread "GC Thread#6" [stack: 0x0000005ecf500000,0x0000005ecf600000] [id=412]
  0x00000168f65b8270 GCTaskThread "GC Thread#7" [stack: 0x0000005ecf600000,0x0000005ecf700000] [id=1808]
  0x00000168da8be060 ConcurrentGCThread "G1 Main Marker" [stack: 0x0000005ecd400000,0x0000005ecd500000] [id=14316]
  0x00000168da8be980 ConcurrentGCThread "G1 Conc#0" [stack: 0x0000005ecd500000,0x0000005ecd600000] [id=11716]
  0x00000168f7692d30 ConcurrentGCThread "G1 Conc#1" [stack: 0x0000005ecf700000,0x0000005ecf800000] [id=2276]
  0x00000168da91ec10 ConcurrentGCThread "G1 Refine#0" [stack: 0x0000005ecd600000,0x0000005ecd700000] [id=15260]
  0x00000168fa25e520 ConcurrentGCThread "G1 Refine#1" [stack: 0x0000005ed0600000,0x0000005ed0700000] [id=3668]
  0x00000168f7d987a0 ConcurrentGCThread "G1 Refine#2" [stack: 0x0000005ed6200000,0x0000005ed6300000] [id=10824]
  0x00000168f7d98a80 ConcurrentGCThread "G1 Refine#3" [stack: 0x0000005ed6300000,0x0000005ed6400000] [id=7192]
  0x00000168fa0abd80 ConcurrentGCThread "G1 Refine#4" [stack: 0x0000005ed6400000,0x0000005ed6500000] [id=10092]
  0x00000168fa0ac620 ConcurrentGCThread "G1 Refine#5" [stack: 0x0000005ed6500000,0x0000005ed6600000] [id=10924]
  0x00000168f4561fc0 ConcurrentGCThread "G1 Service" [stack: 0x0000005ecd700000,0x0000005ecd800000] [id=2432]

Threads with active compile tasks:
C2 CompilerThread0    16466 11551       4       org.gradle.cache.internal.btree.CachingBlockStore::read (56 bytes)
C2 CompilerThread1    16466 11641       4       org.objectweb.asm.Type::getMethodDescriptor (66 bytes)

VM state: not at safepoint (normal execution)

VM Mutex/Monitor currently owned by a thread: None

Heap address: 0x0000000080000000, size: 2048 MB, Compressed Oops mode: 32-bit

CDS archive(s) not mapped
Compressed class space mapped at: 0x0000000100000000-0x0000000140000000, reserved size: 1073741824
Narrow klass base: 0x0000000000000000, Narrow klass shift: 3, Narrow klass range: 0x140000000

GC Precious Log:
 CPUs: 8 total, 8 available
 Memory: 16126M
 Large Page Support: Disabled
 NUMA Support: Disabled
 Compressed Oops: Enabled (32-bit)
 Heap Region Size: 1M
 Heap Min Capacity: 8M
 Heap Initial Capacity: 252M
 Heap Max Capacity: 2G
 Pre-touch: Disabled
 Parallel Workers: 8
 Concurrent Workers: 2
 Concurrent Refinement Workers: 8
 Periodic GC: Disabled

Heap:
 garbage-first heap   total 214016K, used 170344K [0x0000000080000000, 0x0000000100000000)
  region size 1024K, 61 young (62464K), 5 survivors (5120K)
 Metaspace       used 129142K, committed 129792K, reserved 1163264K
  class space    used 16637K, committed 16960K, reserved 1048576K

Heap Regions: E=young(eden), S=young(survivor), O=old, HS=humongous(starts), HC=humongous(continues), CS=collection set, F=free, OA=open archive, CA=closed archive, TAMS=top-at-mark-start (previous, next)
|   0|0x0000000080000000, 0x0000000080100000, 0x0000000080100000|100%|HS|  |TAMS 0x0000000080100000, 0x0000000080000000| Complete 
|   1|0x0000000080100000, 0x0000000080200000, 0x0000000080200000|100%|HC|  |TAMS 0x0000000080200000, 0x0000000080100000| Complete 
|   2|0x0000000080200000, 0x0000000080300000, 0x0000000080300000|100%|HC|  |TAMS 0x0000000080300000, 0x0000000080200000| Complete 
|   3|0x0000000080300000, 0x0000000080400000, 0x0000000080400000|100%|HC|  |TAMS 0x0000000080400000, 0x0000000080300000| Complete 
|   4|0x0000000080400000, 0x0000000080500000, 0x0000000080500000|100%| O|  |TAMS 0x0000000080500000, 0x0000000080400000| Untracked 
|   5|0x0000000080500000, 0x0000000080600000, 0x0000000080600000|100%| O|  |TAMS 0x0000000080600000, 0x0000000080500000| Untracked 
|   6|0x0000000080600000, 0x0000000080700000, 0x0000000080700000|100%| O|  |TAMS 0x0000000080700000, 0x0000000080600000| Untracked 
|   7|0x0000000080700000, 0x0000000080800000, 0x0000000080800000|100%| O|  |TAMS 0x0000000080800000, 0x0000000080700000| Untracked 
|   8|0x0000000080800000, 0x0000000080900000, 0x0000000080900000|100%| O|  |TAMS 0x0000000080900000, 0x0000000080800000| Untracked 
|   9|0x0000000080900000, 0x0000000080a00000, 0x0000000080a00000|100%| O|  |TAMS 0x0000000080a00000, 0x0000000080900000| Untracked 
|  10|0x0000000080a00000, 0x0000000080b00000, 0x0000000080b00000|100%| O|  |TAMS 0x0000000080b00000, 0x0000000080a00000| Untracked 
|  11|0x0000000080b00000, 0x0000000080c00000, 0x0000000080c00000|100%| O|  |TAMS 0x0000000080c00000, 0x0000000080b00000| Untracked 
|  12|0x0000000080c00000, 0x0000000080d00000, 0x0000000080d00000|100%| O|  |TAMS 0x0000000080d00000, 0x0000000080c00000| Untracked 
|  13|0x0000000080d00000, 0x0000000080e00000, 0x0000000080e00000|100%| O|  |TAMS 0x0000000080e00000, 0x0000000080d00000| Untracked 
|  14|0x0000000080e00000, 0x0000000080f00000, 0x0000000080f00000|100%| O|  |TAMS 0x0000000080f00000, 0x0000000080e00000| Untracked 
|  15|0x0000000080f00000, 0x0000000081000000, 0x0000000081000000|100%| O|  |TAMS 0x0000000081000000, 0x0000000080f00000| Untracked 
|  16|0x0000000081000000, 0x0000000081100000, 0x0000000081100000|100%| O|  |TAMS 0x0000000081100000, 0x0000000081000000| Untracked 
|  17|0x0000000081100000, 0x0000000081200000, 0x0000000081200000|100%| O|  |TAMS 0x0000000081200000, 0x0000000081100000| Untracked 
|  18|0x0000000081200000, 0x0000000081300000, 0x0000000081300000|100%| O|  |TAMS 0x0000000081300000, 0x0000000081200000| Untracked 
|  19|0x0000000081300000, 0x0000000081400000, 0x0000000081400000|100%| O|  |TAMS 0x0000000081400000, 0x0000000081300000| Untracked 
|  20|0x0000000081400000, 0x0000000081500000, 0x0000000081500000|100%| O|  |TAMS 0x0000000081500000, 0x0000000081400000| Untracked 
|  21|0x0000000081500000, 0x0000000081600000, 0x0000000081600000|100%| O|  |TAMS 0x0000000081600000, 0x0000000081500000| Untracked 
|  22|0x0000000081600000, 0x0000000081700000, 0x0000000081700000|100%| O|  |TAMS 0x0000000081700000, 0x0000000081600000| Untracked 
|  23|0x0000000081700000, 0x0000000081800000, 0x0000000081800000|100%| O|  |TAMS 0x0000000081800000, 0x0000000081700000| Untracked 
|  24|0x0000000081800000, 0x0000000081900000, 0x0000000081900000|100%| O|  |TAMS 0x0000000081900000, 0x0000000081800000| Untracked 
|  25|0x0000000081900000, 0x0000000081a00000, 0x0000000081a00000|100%| O|  |TAMS 0x0000000081a00000, 0x0000000081900000| Untracked 
|  26|0x0000000081a00000, 0x0000000081b00000, 0x0000000081b00000|100%| O|  |TAMS 0x0000000081b00000, 0x0000000081a00000| Untracked 
|  27|0x0000000081b00000, 0x0000000081c00000, 0x0000000081c00000|100%| O|  |TAMS 0x0000000081c00000, 0x0000000081b00000| Untracked 
|  28|0x0000000081c00000, 0x0000000081d00000, 0x0000000081d00000|100%| O|  |TAMS 0x0000000081d00000, 0x0000000081c00000| Untracked 
|  29|0x0000000081d00000, 0x0000000081e00000, 0x0000000081e00000|100%| O|  |TAMS 0x0000000081e00000, 0x0000000081d00000| Untracked 
|  30|0x0000000081e00000, 0x0000000081f00000, 0x0000000081f00000|100%| O|  |TAMS 0x0000000081f00000, 0x0000000081e00000| Untracked 
|  31|0x0000000081f00000, 0x0000000082000000, 0x0000000082000000|100%| O|  |TAMS 0x0000000082000000, 0x0000000081f00000| Untracked 
|  32|0x0000000082000000, 0x0000000082100000, 0x0000000082100000|100%| O|  |TAMS 0x0000000082100000, 0x0000000082000000| Untracked 
|  33|0x0000000082100000, 0x0000000082200000, 0x0000000082200000|100%|HS|  |TAMS 0x0000000082200000, 0x0000000082100000| Complete 
|  34|0x0000000082200000, 0x0000000082300000, 0x0000000082300000|100%|HS|  |TAMS 0x0000000082300000, 0x0000000082200000| Complete 
|  35|0x0000000082300000, 0x0000000082400000, 0x0000000082400000|100%|HS|  |TAMS 0x0000000082400000, 0x0000000082300000| Complete 
|  36|0x0000000082400000, 0x0000000082500000, 0x0000000082500000|100%| O|  |TAMS 0x0000000082500000, 0x0000000082400000| Untracked 
|  37|0x0000000082500000, 0x0000000082600000, 0x0000000082600000|100%| O|  |TAMS 0x0000000082600000, 0x0000000082500000| Untracked 
|  38|0x0000000082600000, 0x0000000082700000, 0x0000000082700000|100%| O|  |TAMS 0x0000000082700000, 0x0000000082600000| Untracked 
|  39|0x0000000082700000, 0x0000000082800000, 0x0000000082800000|100%| O|  |TAMS 0x0000000082800000, 0x0000000082700000| Complete 
|  40|0x0000000082800000, 0x0000000082900000, 0x0000000082900000|100%| O|  |TAMS 0x0000000082900000, 0x0000000082800000| Untracked 
|  41|0x0000000082900000, 0x0000000082a00000, 0x0000000082a00000|100%| O|  |TAMS 0x0000000082a00000, 0x0000000082900000| Untracked 
|  42|0x0000000082a00000, 0x0000000082b00000, 0x0000000082b00000|100%| O|  |TAMS 0x0000000082b00000, 0x0000000082a00000| Untracked 
|  43|0x0000000082b00000, 0x0000000082c00000, 0x0000000082c00000|100%| O|  |TAMS 0x0000000082c00000, 0x0000000082b00000| Untracked 
|  44|0x0000000082c00000, 0x0000000082d00000, 0x0000000082d00000|100%| O|  |TAMS 0x0000000082d00000, 0x0000000082c00000| Untracked 
|  45|0x0000000082d00000, 0x0000000082e00000, 0x0000000082e00000|100%| O|  |TAMS 0x0000000082e00000, 0x0000000082d00000| Untracked 
|  46|0x0000000082e00000, 0x0000000082f00000, 0x0000000082f00000|100%| O|  |TAMS 0x0000000082f00000, 0x0000000082e00000| Untracked 
|  47|0x0000000082f00000, 0x0000000083000000, 0x0000000083000000|100%| O|  |TAMS 0x0000000083000000, 0x0000000082f00000| Untracked 
|  48|0x0000000083000000, 0x0000000083100000, 0x0000000083100000|100%| O|  |TAMS 0x0000000083100000, 0x0000000083000000| Untracked 
|  49|0x0000000083100000, 0x0000000083200000, 0x0000000083200000|100%| O|  |TAMS 0x0000000083200000, 0x0000000083100000| Untracked 
|  50|0x0000000083200000, 0x0000000083300000, 0x0000000083300000|100%| O|  |TAMS 0x0000000083300000, 0x0000000083200000| Untracked 
|  51|0x0000000083300000, 0x0000000083400000, 0x0000000083400000|100%| O|  |TAMS 0x0000000083400000, 0x0000000083300000| Untracked 
|  52|0x0000000083400000, 0x0000000083500000, 0x0000000083500000|100%| O|  |TAMS 0x0000000083500000, 0x0000000083400000| Untracked 
|  53|0x0000000083500000, 0x0000000083600000, 0x0000000083600000|100%| O|  |TAMS 0x0000000083600000, 0x0000000083500000| Untracked 
|  54|0x0000000083600000, 0x0000000083700000, 0x0000000083700000|100%| O|  |TAMS 0x0000000083700000, 0x0000000083600000| Untracked 
|  55|0x0000000083700000, 0x0000000083800000, 0x0000000083800000|100%| O|  |TAMS 0x0000000083800000, 0x0000000083700000| Untracked 
|  56|0x0000000083800000, 0x0000000083900000, 0x0000000083900000|100%|HS|  |TAMS 0x0000000083900000, 0x0000000083800000| Complete 
|  57|0x0000000083900000, 0x0000000083a00000, 0x0000000083a00000|100%|HC|  |TAMS 0x0000000083a00000, 0x0000000083900000| Complete 
|  58|0x0000000083a00000, 0x0000000083b00000, 0x0000000083b00000|100%|HC|  |TAMS 0x0000000083b00000, 0x0000000083a00000| Complete 
|  59|0x0000000083b00000, 0x0000000083c00000, 0x0000000083c00000|100%|HC|  |TAMS 0x0000000083c00000, 0x0000000083b00000| Complete 
|  60|0x0000000083c00000, 0x0000000083d00000, 0x0000000083d00000|100%| O|  |TAMS 0x0000000083d00000, 0x0000000083c00000| Untracked 
|  61|0x0000000083d00000, 0x0000000083e00000, 0x0000000083e00000|100%| O|  |TAMS 0x0000000083e00000, 0x0000000083d00000| Untracked 
|  62|0x0000000083e00000, 0x0000000083f00000, 0x0000000083f00000|100%| O|  |TAMS 0x0000000083f00000, 0x0000000083e00000| Untracked 
|  63|0x0000000083f00000, 0x0000000084000000, 0x0000000084000000|100%| O|  |TAMS 0x0000000084000000, 0x0000000083f00000| Untracked 
|  64|0x0000000084000000, 0x0000000084100000, 0x0000000084100000|100%| O|  |TAMS 0x0000000084100000, 0x0000000084000000| Untracked 
|  65|0x0000000084100000, 0x0000000084200000, 0x0000000084200000|100%| O|  |TAMS 0x0000000084200000, 0x0000000084100000| Untracked 
|  66|0x0000000084200000, 0x0000000084300000, 0x0000000084300000|100%| O|  |TAMS 0x0000000084300000, 0x0000000084200000| Untracked 
|  67|0x0000000084300000, 0x0000000084400000, 0x0000000084400000|100%| O|  |TAMS 0x0000000084400000, 0x0000000084300000| Untracked 
|  68|0x0000000084400000, 0x0000000084500000, 0x0000000084500000|100%| O|  |TAMS 0x0000000084500000, 0x0000000084400000| Untracked 
|  69|0x0000000084500000, 0x0000000084600000, 0x0000000084600000|100%| O|  |TAMS 0x0000000084600000, 0x0000000084500000| Untracked 
|  70|0x0000000084600000, 0x0000000084700000, 0x0000000084700000|100%| O|  |TAMS 0x0000000084700000, 0x0000000084600000| Untracked 
|  71|0x0000000084700000, 0x0000000084800000, 0x0000000084800000|100%| O|  |TAMS 0x0000000084800000, 0x0000000084700000| Untracked 
|  72|0x0000000084800000, 0x0000000084900000, 0x0000000084900000|100%| O|  |TAMS 0x0000000084900000, 0x0000000084800000| Untracked 
|  73|0x0000000084900000, 0x0000000084a00000, 0x0000000084a00000|100%| O|  |TAMS 0x0000000084a00000, 0x0000000084900000| Untracked 
|  74|0x0000000084a00000, 0x0000000084b00000, 0x0000000084b00000|100%| O|  |TAMS 0x0000000084b00000, 0x0000000084a00000| Untracked 
|  75|0x0000000084b00000, 0x0000000084c00000, 0x0000000084c00000|100%| O|  |TAMS 0x0000000084c00000, 0x0000000084b00000| Untracked 
|  76|0x0000000084c00000, 0x0000000084d00000, 0x0000000084d00000|100%| O|  |TAMS 0x0000000084d00000, 0x0000000084c00000| Untracked 
|  77|0x0000000084d00000, 0x0000000084e00000, 0x0000000084e00000|100%| O|  |TAMS 0x0000000084e00000, 0x0000000084d00000| Untracked 
|  78|0x0000000084e00000, 0x0000000084f00000, 0x0000000084f00000|100%| O|  |TAMS 0x0000000084f00000, 0x0000000084e00000| Untracked 
|  79|0x0000000084f00000, 0x0000000085000000, 0x0000000085000000|100%| O|  |TAMS 0x0000000085000000, 0x0000000084f00000| Untracked 
|  80|0x0000000085000000, 0x0000000085100000, 0x0000000085100000|100%| O|  |TAMS 0x0000000085100000, 0x0000000085000000| Untracked 
|  81|0x0000000085100000, 0x0000000085200000, 0x0000000085200000|100%|HS|  |TAMS 0x0000000085200000, 0x0000000085100000| Complete 
|  82|0x0000000085200000, 0x0000000085300000, 0x0000000085300000|100%|HC|  |TAMS 0x0000000085300000, 0x0000000085200000| Complete 
|  83|0x0000000085300000, 0x0000000085400000, 0x0000000085400000|100%|HC|  |TAMS 0x0000000085400000, 0x0000000085300000| Complete 
|  84|0x0000000085400000, 0x0000000085500000, 0x0000000085500000|100%|HC|  |TAMS 0x0000000085500000, 0x0000000085400000| Complete 
|  85|0x0000000085500000, 0x0000000085600000, 0x0000000085600000|100%|HC|  |TAMS 0x0000000085600000, 0x0000000085500000| Complete 
|  86|0x0000000085600000, 0x0000000085700000, 0x0000000085700000|100%|HC|  |TAMS 0x0000000085700000, 0x0000000085600000| Complete 
|  87|0x0000000085700000, 0x0000000085800000, 0x0000000085800000|100%| O|  |TAMS 0x0000000085800000, 0x0000000085700000| Untracked 
|  88|0x0000000085800000, 0x0000000085900000, 0x0000000085900000|100%| O|  |TAMS 0x0000000085900000, 0x0000000085800000| Untracked 
|  89|0x0000000085900000, 0x0000000085a00000, 0x0000000085a00000|100%| O|  |TAMS 0x0000000085a00000, 0x0000000085900000| Untracked 
|  90|0x0000000085a00000, 0x0000000085b00000, 0x0000000085b00000|100%| O|  |TAMS 0x0000000085b00000, 0x0000000085a00000| Untracked 
|  91|0x0000000085b00000, 0x0000000085c00000, 0x0000000085c00000|100%| O|  |TAMS 0x0000000085c00000, 0x0000000085b00000| Untracked 
|  92|0x0000000085c00000, 0x0000000085d00000, 0x0000000085d00000|100%| O|  |TAMS 0x0000000085d00000, 0x0000000085c00000| Untracked 
|  93|0x0000000085d00000, 0x0000000085e00000, 0x0000000085e00000|100%| O|  |TAMS 0x0000000085e00000, 0x0000000085d00000| Untracked 
|  94|0x0000000085e00000, 0x0000000085f00000, 0x0000000085f00000|100%| O|  |TAMS 0x0000000085f00000, 0x0000000085e00000| Untracked 
|  95|0x0000000085f00000, 0x0000000086000000, 0x0000000086000000|100%| O|  |TAMS 0x0000000086000000, 0x0000000085f00000| Untracked 
|  96|0x0000000086000000, 0x0000000086100000, 0x0000000086100000|100%| O|  |TAMS 0x000000008609e200, 0x0000000086000000| Untracked 
|  97|0x0000000086100000, 0x0000000086200000, 0x0000000086200000|100%| O|  |TAMS 0x0000000086100000, 0x0000000086100000| Untracked 
|  98|0x0000000086200000, 0x0000000086300000, 0x0000000086300000|100%| O|  |TAMS 0x0000000086200000, 0x0000000086200000| Untracked 
|  99|0x0000000086300000, 0x0000000086400000, 0x0000000086400000|100%| O|  |TAMS 0x0000000086300000, 0x0000000086300000| Untracked 
| 100|0x0000000086400000, 0x0000000086500000, 0x0000000086500000|100%| O|  |TAMS 0x0000000086400000, 0x0000000086400000| Untracked 
| 101|0x0000000086500000, 0x0000000086600000, 0x0000000086600000|100%| O|  |TAMS 0x0000000086500000, 0x0000000086500000| Untracked 
| 102|0x0000000086600000, 0x0000000086700000, 0x0000000086700000|100%| O|  |TAMS 0x0000000086600000, 0x0000000086600000| Untracked 
| 103|0x0000000086700000, 0x0000000086800000, 0x0000000086800000|100%| O|  |TAMS 0x0000000086700000, 0x0000000086700000| Untracked 
| 104|0x0000000086800000, 0x0000000086900000, 0x0000000086900000|100%| O|  |TAMS 0x0000000086800000, 0x0000000086800000| Untracked 
| 105|0x0000000086900000, 0x0000000086a00000, 0x0000000086a00000|100%| O|  |TAMS 0x0000000086900000, 0x0000000086900000| Untracked 
| 106|0x0000000086a00000, 0x0000000086aac200, 0x0000000086b00000| 67%| O|  |TAMS 0x0000000086a00000, 0x0000000086a00000| Untracked 
| 107|0x0000000086b00000, 0x0000000086b00000, 0x0000000086c00000|  0%| F|  |TAMS 0x0000000086b00000, 0x0000000086b00000| Untracked 
| 108|0x0000000086c00000, 0x0000000086c00000, 0x0000000086d00000|  0%| F|  |TAMS 0x0000000086c00000, 0x0000000086c00000| Untracked 
| 109|0x0000000086d00000, 0x0000000086d00000, 0x0000000086e00000|  0%| F|  |TAMS 0x0000000086d00000, 0x0000000086d00000| Untracked 
| 110|0x0000000086e00000, 0x0000000086e00000, 0x0000000086f00000|  0%| F|  |TAMS 0x0000000086e00000, 0x0000000086e00000| Untracked 
| 111|0x0000000086f00000, 0x0000000086f00000, 0x0000000087000000|  0%| F|  |TAMS 0x0000000086f00000, 0x0000000086f00000| Untracked 
| 112|0x0000000087000000, 0x0000000087000000, 0x0000000087100000|  0%| F|  |TAMS 0x0000000087000000, 0x0000000087000000| Untracked 
| 113|0x0000000087100000, 0x0000000087100000, 0x0000000087200000|  0%| F|  |TAMS 0x0000000087100000, 0x0000000087100000| Untracked 
| 114|0x0000000087200000, 0x0000000087200000, 0x0000000087300000|  0%| F|  |TAMS 0x0000000087200000, 0x0000000087200000| Untracked 
| 115|0x0000000087300000, 0x0000000087300000, 0x0000000087400000|  0%| F|  |TAMS 0x0000000087300000, 0x0000000087300000| Untracked 
| 116|0x0000000087400000, 0x0000000087400000, 0x0000000087500000|  0%| F|  |TAMS 0x0000000087400000, 0x0000000087400000| Untracked 
| 117|0x0000000087500000, 0x0000000087500000, 0x0000000087600000|  0%| F|  |TAMS 0x0000000087500000, 0x0000000087500000| Untracked 
| 118|0x0000000087600000, 0x0000000087600000, 0x0000000087700000|  0%| F|  |TAMS 0x0000000087600000, 0x0000000087600000| Untracked 
| 119|0x0000000087700000, 0x0000000087700000, 0x0000000087800000|  0%| F|  |TAMS 0x0000000087700000, 0x0000000087700000| Untracked 
| 120|0x0000000087800000, 0x0000000087800000, 0x0000000087900000|  0%| F|  |TAMS 0x0000000087800000, 0x0000000087800000| Untracked 
| 121|0x0000000087900000, 0x0000000087900000, 0x0000000087a00000|  0%| F|  |TAMS 0x0000000087900000, 0x0000000087900000| Untracked 
| 122|0x0000000087a00000, 0x0000000087a00000, 0x0000000087b00000|  0%| F|  |TAMS 0x0000000087a00000, 0x0000000087a00000| Untracked 
| 123|0x0000000087b00000, 0x0000000087b00000, 0x0000000087c00000|  0%| F|  |TAMS 0x0000000087b00000, 0x0000000087b00000| Untracked 
| 124|0x0000000087c00000, 0x0000000087c00000, 0x0000000087d00000|  0%| F|  |TAMS 0x0000000087c00000, 0x0000000087c00000| Untracked 
| 125|0x0000000087d00000, 0x0000000087d00000, 0x0000000087e00000|  0%| F|  |TAMS 0x0000000087d00000, 0x0000000087d00000| Untracked 
| 126|0x0000000087e00000, 0x0000000087e00000, 0x0000000087f00000|  0%| F|  |TAMS 0x0000000087e00000, 0x0000000087e00000| Untracked 
| 127|0x0000000087f00000, 0x0000000087f00000, 0x0000000088000000|  0%| F|  |TAMS 0x0000000087f00000, 0x0000000087f00000| Untracked 
| 128|0x0000000088000000, 0x0000000088000000, 0x0000000088100000|  0%| F|  |TAMS 0x0000000088000000, 0x0000000088000000| Untracked 
| 129|0x0000000088100000, 0x0000000088100000, 0x0000000088200000|  0%| F|  |TAMS 0x0000000088100000, 0x0000000088100000| Untracked 
| 130|0x0000000088200000, 0x0000000088200000, 0x0000000088300000|  0%| F|  |TAMS 0x0000000088200000, 0x0000000088200000| Untracked 
| 131|0x0000000088300000, 0x0000000088300000, 0x0000000088400000|  0%| F|  |TAMS 0x0000000088300000, 0x0000000088300000| Untracked 
| 132|0x0000000088400000, 0x0000000088400000, 0x0000000088500000|  0%| F|  |TAMS 0x0000000088400000, 0x0000000088400000| Untracked 
| 133|0x0000000088500000, 0x0000000088500000, 0x0000000088600000|  0%| F|  |TAMS 0x0000000088500000, 0x0000000088500000| Untracked 
| 134|0x0000000088600000, 0x0000000088600000, 0x0000000088700000|  0%| F|  |TAMS 0x0000000088600000, 0x0000000088600000| Untracked 
| 135|0x0000000088700000, 0x0000000088700000, 0x0000000088800000|  0%| F|  |TAMS 0x0000000088700000, 0x0000000088700000| Untracked 
| 136|0x0000000088800000, 0x0000000088800000, 0x0000000088900000|  0%| F|  |TAMS 0x0000000088800000, 0x0000000088800000| Untracked 
| 137|0x0000000088900000, 0x00000000889ae018, 0x0000000088a00000| 67%| S|CS|TAMS 0x0000000088900000, 0x0000000088900000| Complete 
| 138|0x0000000088a00000, 0x0000000088b00000, 0x0000000088b00000|100%| S|CS|TAMS 0x0000000088a00000, 0x0000000088a00000| Complete 
| 139|0x0000000088b00000, 0x0000000088b00000, 0x0000000088c00000|  0%| F|  |TAMS 0x0000000088b00000, 0x0000000088b00000| Untracked 
| 140|0x0000000088c00000, 0x0000000088c00000, 0x0000000088d00000|  0%| F|  |TAMS 0x0000000088c00000, 0x0000000088c00000| Untracked 
| 141|0x0000000088d00000, 0x0000000088d00000, 0x0000000088e00000|  0%| F|  |TAMS 0x0000000088d00000, 0x0000000088d00000| Untracked 
| 142|0x0000000088e00000, 0x0000000088e00000, 0x0000000088f00000|  0%| F|  |TAMS 0x0000000088e00000, 0x0000000088e00000| Untracked 
| 143|0x0000000088f00000, 0x0000000088f00000, 0x0000000089000000|  0%| F|  |TAMS 0x0000000088f00000, 0x0000000088f00000| Untracked 
| 144|0x0000000089000000, 0x0000000089100000, 0x0000000089100000|100%| S|CS|TAMS 0x0000000089000000, 0x0000000089000000| Complete 
| 145|0x0000000089100000, 0x0000000089200000, 0x0000000089200000|100%| S|CS|TAMS 0x0000000089100000, 0x0000000089100000| Complete 
| 146|0x0000000089200000, 0x0000000089300000, 0x0000000089300000|100%| S|CS|TAMS 0x0000000089200000, 0x0000000089200000| Complete 
| 147|0x0000000089300000, 0x0000000089300000, 0x0000000089400000|  0%| F|  |TAMS 0x0000000089300000, 0x0000000089300000| Untracked 
| 148|0x0000000089400000, 0x0000000089400000, 0x0000000089500000|  0%| F|  |TAMS 0x0000000089400000, 0x0000000089400000| Untracked 
| 149|0x0000000089500000, 0x0000000089500000, 0x0000000089600000|  0%| F|  |TAMS 0x0000000089500000, 0x0000000089500000| Untracked 
| 150|0x0000000089600000, 0x0000000089600000, 0x0000000089700000|  0%| F|  |TAMS 0x0000000089600000, 0x0000000089600000| Untracked 
| 151|0x0000000089700000, 0x0000000089700000, 0x0000000089800000|  0%| F|  |TAMS 0x0000000089700000, 0x0000000089700000| Untracked 
| 152|0x0000000089800000, 0x0000000089880800, 0x0000000089900000| 50%| E|  |TAMS 0x0000000089800000, 0x0000000089800000| Complete 
| 153|0x0000000089900000, 0x0000000089a00000, 0x0000000089a00000|100%| E|CS|TAMS 0x0000000089900000, 0x0000000089900000| Complete 
| 154|0x0000000089a00000, 0x0000000089b00000, 0x0000000089b00000|100%| E|CS|TAMS 0x0000000089a00000, 0x0000000089a00000| Complete 
| 155|0x0000000089b00000, 0x0000000089c00000, 0x0000000089c00000|100%| E|CS|TAMS 0x0000000089b00000, 0x0000000089b00000| Complete 
| 156|0x0000000089c00000, 0x0000000089d00000, 0x0000000089d00000|100%| E|CS|TAMS 0x0000000089c00000, 0x0000000089c00000| Complete 
| 157|0x0000000089d00000, 0x0000000089e00000, 0x0000000089e00000|100%| E|CS|TAMS 0x0000000089d00000, 0x0000000089d00000| Complete 
| 158|0x0000000089e00000, 0x0000000089f00000, 0x0000000089f00000|100%| E|CS|TAMS 0x0000000089e00000, 0x0000000089e00000| Complete 
| 159|0x0000000089f00000, 0x000000008a000000, 0x000000008a000000|100%| E|CS|TAMS 0x0000000089f00000, 0x0000000089f00000| Complete 
| 160|0x000000008a000000, 0x000000008a100000, 0x000000008a100000|100%| E|CS|TAMS 0x000000008a000000, 0x000000008a000000| Complete 
| 161|0x000000008a100000, 0x000000008a200000, 0x000000008a200000|100%| E|CS|TAMS 0x000000008a100000, 0x000000008a100000| Complete 
| 162|0x000000008a200000, 0x000000008a300000, 0x000000008a300000|100%| E|CS|TAMS 0x000000008a200000, 0x000000008a200000| Complete 
| 163|0x000000008a300000, 0x000000008a400000, 0x000000008a400000|100%| E|CS|TAMS 0x000000008a300000, 0x000000008a300000| Complete 
| 164|0x000000008a400000, 0x000000008a500000, 0x000000008a500000|100%| E|CS|TAMS 0x000000008a400000, 0x000000008a400000| Complete 
| 165|0x000000008a500000, 0x000000008a600000, 0x000000008a600000|100%| E|CS|TAMS 0x000000008a500000, 0x000000008a500000| Complete 
| 166|0x000000008a600000, 0x000000008a700000, 0x000000008a700000|100%| E|CS|TAMS 0x000000008a600000, 0x000000008a600000| Complete 
| 167|0x000000008a700000, 0x000000008a800000, 0x000000008a800000|100%| E|CS|TAMS 0x000000008a700000, 0x000000008a700000| Complete 
| 168|0x000000008a800000, 0x000000008a900000, 0x000000008a900000|100%| E|CS|TAMS 0x000000008a800000, 0x000000008a800000| Complete 
| 169|0x000000008a900000, 0x000000008aa00000, 0x000000008aa00000|100%| E|CS|TAMS 0x000000008a900000, 0x000000008a900000| Complete 
| 170|0x000000008aa00000, 0x000000008ab00000, 0x000000008ab00000|100%| E|CS|TAMS 0x000000008aa00000, 0x000000008aa00000| Complete 
| 171|0x000000008ab00000, 0x000000008ac00000, 0x000000008ac00000|100%| E|CS|TAMS 0x000000008ab00000, 0x000000008ab00000| Complete 
| 172|0x000000008ac00000, 0x000000008ad00000, 0x000000008ad00000|100%| E|CS|TAMS 0x000000008ac00000, 0x000000008ac00000| Complete 
| 173|0x000000008ad00000, 0x000000008ae00000, 0x000000008ae00000|100%| E|CS|TAMS 0x000000008ad00000, 0x000000008ad00000| Complete 
| 174|0x000000008ae00000, 0x000000008af00000, 0x000000008af00000|100%| E|CS|TAMS 0x000000008ae00000, 0x000000008ae00000| Complete 
| 175|0x000000008af00000, 0x000000008b000000, 0x000000008b000000|100%| E|CS|TAMS 0x000000008af00000, 0x000000008af00000| Complete 
| 176|0x000000008b000000, 0x000000008b100000, 0x000000008b100000|100%| E|CS|TAMS 0x000000008b000000, 0x000000008b000000| Complete 
| 177|0x000000008b100000, 0x000000008b200000, 0x000000008b200000|100%| E|CS|TAMS 0x000000008b100000, 0x000000008b100000| Complete 
| 178|0x000000008b200000, 0x000000008b300000, 0x000000008b300000|100%| E|CS|TAMS 0x000000008b200000, 0x000000008b200000| Complete 
| 179|0x000000008b300000, 0x000000008b400000, 0x000000008b400000|100%| E|CS|TAMS 0x000000008b300000, 0x000000008b300000| Complete 
| 180|0x000000008b400000, 0x000000008b500000, 0x000000008b500000|100%| E|CS|TAMS 0x000000008b400000, 0x000000008b400000| Complete 
| 181|0x000000008b500000, 0x000000008b600000, 0x000000008b600000|100%| E|CS|TAMS 0x000000008b500000, 0x000000008b500000| Complete 
| 182|0x000000008b600000, 0x000000008b700000, 0x000000008b700000|100%| E|CS|TAMS 0x000000008b600000, 0x000000008b600000| Complete 
| 183|0x000000008b700000, 0x000000008b800000, 0x000000008b800000|100%| E|CS|TAMS 0x000000008b700000, 0x000000008b700000| Complete 
| 184|0x000000008b800000, 0x000000008b900000, 0x000000008b900000|100%| E|CS|TAMS 0x000000008b800000, 0x000000008b800000| Complete 
| 185|0x000000008b900000, 0x000000008ba00000, 0x000000008ba00000|100%| E|CS|TAMS 0x000000008b900000, 0x000000008b900000| Complete 
| 186|0x000000008ba00000, 0x000000008bb00000, 0x000000008bb00000|100%| E|CS|TAMS 0x000000008ba00000, 0x000000008ba00000| Complete 
| 187|0x000000008bb00000, 0x000000008bc00000, 0x000000008bc00000|100%| E|CS|TAMS 0x000000008bb00000, 0x000000008bb00000| Complete 
| 188|0x000000008bc00000, 0x000000008bd00000, 0x000000008bd00000|100%| E|CS|TAMS 0x000000008bc00000, 0x000000008bc00000| Complete 
| 189|0x000000008bd00000, 0x000000008be00000, 0x000000008be00000|100%| E|CS|TAMS 0x000000008bd00000, 0x000000008bd00000| Complete 
| 190|0x000000008be00000, 0x000000008bf00000, 0x000000008bf00000|100%| E|CS|TAMS 0x000000008be00000, 0x000000008be00000| Complete 
| 191|0x000000008bf00000, 0x000000008c000000, 0x000000008c000000|100%| E|CS|TAMS 0x000000008bf00000, 0x000000008bf00000| Complete 
| 192|0x000000008c000000, 0x000000008c100000, 0x000000008c100000|100%| E|CS|TAMS 0x000000008c000000, 0x000000008c000000| Complete 
| 193|0x000000008c100000, 0x000000008c200000, 0x000000008c200000|100%| E|CS|TAMS 0x000000008c100000, 0x000000008c100000| Complete 
| 194|0x000000008c200000, 0x000000008c300000, 0x000000008c300000|100%| E|CS|TAMS 0x000000008c200000, 0x000000008c200000| Complete 
| 195|0x000000008c300000, 0x000000008c400000, 0x000000008c400000|100%| E|CS|TAMS 0x000000008c300000, 0x000000008c300000| Complete 
| 196|0x000000008c400000, 0x000000008c500000, 0x000000008c500000|100%| E|CS|TAMS 0x000000008c400000, 0x000000008c400000| Complete 
| 197|0x000000008c500000, 0x000000008c600000, 0x000000008c600000|100%| E|CS|TAMS 0x000000008c500000, 0x000000008c500000| Complete 
| 198|0x000000008c600000, 0x000000008c700000, 0x000000008c700000|100%| E|CS|TAMS 0x000000008c600000, 0x000000008c600000| Complete 
| 199|0x000000008c700000, 0x000000008c800000, 0x000000008c800000|100%| E|CS|TAMS 0x000000008c700000, 0x000000008c700000| Complete 
| 203|0x000000008cb00000, 0x000000008cc00000, 0x000000008cc00000|100%| E|CS|TAMS 0x000000008cb00000, 0x000000008cb00000| Complete 
| 204|0x000000008cc00000, 0x000000008cd00000, 0x000000008cd00000|100%| E|CS|TAMS 0x000000008cc00000, 0x000000008cc00000| Complete 
| 205|0x000000008cd00000, 0x000000008ce00000, 0x000000008ce00000|100%| E|CS|TAMS 0x000000008cd00000, 0x000000008cd00000| Complete 
| 206|0x000000008ce00000, 0x000000008cf00000, 0x000000008cf00000|100%| E|CS|TAMS 0x000000008ce00000, 0x000000008ce00000| Complete 
| 207|0x000000008cf00000, 0x000000008d000000, 0x000000008d000000|100%| E|CS|TAMS 0x000000008cf00000, 0x000000008cf00000| Complete 
| 208|0x000000008d000000, 0x000000008d100000, 0x000000008d100000|100%| E|CS|TAMS 0x000000008d000000, 0x000000008d000000| Complete 
| 209|0x000000008d100000, 0x000000008d200000, 0x000000008d200000|100%| E|CS|TAMS 0x000000008d100000, 0x000000008d100000| Complete 
| 210|0x000000008d200000, 0x000000008d300000, 0x000000008d300000|100%| E|CS|TAMS 0x000000008d200000, 0x000000008d200000| Complete 
| 251|0x000000008fb00000, 0x000000008fc00000, 0x000000008fc00000|100%| E|CS|TAMS 0x000000008fb00000, 0x000000008fb00000| Complete 

Card table byte_map: [0x00000168ed460000,0x00000168ed860000] _byte_map_base: 0x00000168ed060000

Marking Bits (Prev, Next): (CMBitMap*) 0x00000168da8ad730, (CMBitMap*) 0x00000168da8ad770
 Prev Bits: [0x00000168edc60000, 0x00000168efc60000)
 Next Bits: [0x00000168efc60000, 0x00000168f1c60000)

Polling page: 0x00000168d87b0000

Metaspace:

Usage:
  Non-class:    109.88 MB used.
      Class:     16.25 MB used.
       Both:    126.13 MB used.

Virtual space:
  Non-class space:      112.00 MB reserved,     110.25 MB ( 98%) committed,  14 nodes.
      Class space:        1.00 GB reserved,      16.56 MB (  2%) committed,  1 nodes.
             Both:        1.11 GB reserved,     126.81 MB ( 11%) committed. 

Chunk freelists:
   Non-Class:  1.48 MB
       Class:  3.36 MB
        Both:  4.84 MB

MaxMetaspaceSize: unlimited
CompressedClassSpaceSize: 1.00 GB
Initial GC threshold: 21.00 MB
Current GC threshold: 196.56 MB
CDS: off
MetaspaceReclaimPolicy: balanced
 - commit_granule_bytes: 65536.
 - commit_granule_words: 8192.
 - virtual_space_node_default_size: 1048576.
 - enlarge_chunks_in_place: 1.
 - new_chunks_are_fully_committed: 0.
 - uncommit_free_chunks: 1.
 - use_allocation_guard: 0.
 - handle_deallocations: 1.


Internal statistics:

num_allocs_failed_limit: 6.
num_arena_births: 850.
num_arena_deaths: 0.
num_vsnodes_births: 15.
num_vsnodes_deaths: 0.
num_space_committed: 2027.
num_space_uncommitted: 0.
num_chunks_returned_to_freelist: 6.
num_chunks_taken_from_freelist: 5096.
num_chunk_merges: 6.
num_chunk_splits: 3931.
num_chunks_enlarged: 3238.
num_purges: 0.
num_inconsistent_stats: 0.

CodeHeap 'non-profiled nmethods': size=120000Kb used=5991Kb max_used=5991Kb free=114008Kb
 bounds [0x00000168e57f0000, 0x00000168e5dd0000, 0x00000168ecd20000]
CodeHeap 'profiled nmethods': size=120000Kb used=20887Kb max_used=20887Kb free=99112Kb
 bounds [0x00000168ddd20000, 0x00000168df190000, 0x00000168e5250000]
CodeHeap 'non-nmethods': size=5760Kb used=2533Kb max_used=2627Kb free=3226Kb
 bounds [0x00000168e5250000, 0x00000168e54f0000, 0x00000168e57f0000]
 total_blobs=11181 nmethods=10102 adapters=989
 compilation: enabled
              stopped_count=0, restarted_count=0
 full_count=0

Compilation events (20 events):
Event: 16.417 Thread 0x00000168f508ab90 11631       3       java.lang.invoke.StringConcatFactory::parseRecipe (198 bytes)
Event: 16.419 Thread 0x00000168f508ab90 nmethod 11631 0x00000168df179890 code [0x00000168df179d00, 0x00000168df17c1b8]
Event: 16.419 Thread 0x00000168f508ab90 11632       3       org.gradle.api.internal.artifacts.ivyservice.moduleconverter.DefaultRootComponentMetadataBuilder$MetadataHolder::validateMutation (68 bytes)
Event: 16.420 Thread 0x00000168f508ab90 nmethod 11632 0x00000168df17d010 code [0x00000168df17d200, 0x00000168df17d898]
Event: 16.420 Thread 0x00000168f508ab90 11633       3       com.google.common.cache.LocalCache$LocalLoadingCache::get (9 bytes)
Event: 16.420 Thread 0x00000168f508ab90 nmethod 11633 0x00000168df17da90 code [0x00000168df17dc40, 0x00000168df17de08]
Event: 16.420 Thread 0x00000168f508ab90 11634       3       com.google.common.cache.LocalCache::getOrLoad (10 bytes)
Event: 16.420 Thread 0x00000168f508ab90 nmethod 11634 0x00000168df17df10 code [0x00000168df17e0c0, 0x00000168df17e208]
Event: 16.420 Thread 0x00000168f508ab90 11635       1       org.gradle.api.internal.project.DefaultProjectStateRegistry::access$300 (5 bytes)
Event: 16.420 Thread 0x00000168f508ab90 nmethod 11635 0x00000168e5dc2990 code [0x00000168e5dc2b20, 0x00000168e5dc2bd8]
Event: 16.422 Thread 0x00000168f508ab90 11636       3       org.gradle.api.internal.artifacts.configurations.DefaultConfiguration::validateMutationType (8 bytes)
Event: 16.422 Thread 0x00000168f508ab90 nmethod 11636 0x00000168df17e290 code [0x00000168df17e480, 0x00000168df17eac8]
Event: 16.422 Thread 0x00000168f508ab90 11640   !   3       java.net.URL::<init> (543 bytes)
Event: 16.427 Thread 0x00000168f508ab90 nmethod 11640 0x00000168df17ed10 code [0x00000168df17f3c0, 0x00000168df182ee8]
Event: 16.427 Thread 0x00000168f508ab90 11638       3       org.gradle.internal.operations.DefaultBuildOperationListenerManager$1::finished (48 bytes)
Event: 16.428 Thread 0x00000168f508ab90 nmethod 11638 0x00000168df185190 code [0x00000168df185380, 0x00000168df1858a8]
Event: 16.428 Thread 0x00000168f508ab90 11637       3       org.gradle.api.internal.artifacts.configurations.DefaultConfiguration$$Lambda$539/0x00000001005fdda8::<init> (15 bytes)
Event: 16.428 Thread 0x00000168f508ab90 nmethod 11637 0x00000168df185a90 code [0x00000168df185c40, 0x00000168df185e58]
Event: 16.440 Thread 0x00000168fcdfafc0 nmethod 11594 0x00000168e5dc2c90 code [0x00000168e5dc2fe0, 0x00000168e5dc5f98]
Event: 16.440 Thread 0x00000168fcdfafc0 11639   !   4       java.net.URLClassLoader::findClass (47 bytes)

GC Heap History (20 events):
Event: 10.705 GC heap before
{Heap before GC invocations=34 (full 0):
 garbage-first heap   total 128000K, used 108608K [0x0000000080000000, 0x0000000100000000)
  region size 1024K, 42 young (43008K), 3 survivors (3072K)
 Metaspace       used 86722K, committed 87424K, reserved 1130496K
  class space    used 11916K, committed 12224K, reserved 1048576K
}
Event: 10.715 GC heap after
{Heap after GC invocations=35 (full 0):
 garbage-first heap   total 128000K, used 74057K [0x0000000080000000, 0x0000000100000000)
  region size 1024K, 6 young (6144K), 6 survivors (6144K)
 Metaspace       used 86722K, committed 87424K, reserved 1130496K
  class space    used 11916K, committed 12224K, reserved 1048576K
}
Event: 10.890 GC heap before
{Heap before GC invocations=35 (full 0):
 garbage-first heap   total 128000K, used 99657K [0x0000000080000000, 0x0000000100000000)
  region size 1024K, 32 young (32768K), 6 survivors (6144K)
 Metaspace       used 86970K, committed 87552K, reserved 1130496K
  class space    used 11941K, committed 12224K, reserved 1048576K
}
Event: 10.900 GC heap after
{Heap after GC invocations=36 (full 0):
 garbage-first heap   total 128000K, used 81587K [0x0000000080000000, 0x0000000100000000)
  region size 1024K, 4 young (4096K), 4 survivors (4096K)
 Metaspace       used 86970K, committed 87552K, reserved 1130496K
  class space    used 11941K, committed 12224K, reserved 1048576K
}
Event: 11.142 GC heap before
{Heap before GC invocations=37 (full 0):
 garbage-first heap   total 147456K, used 101043K [0x0000000080000000, 0x0000000100000000)
  region size 1024K, 23 young (23552K), 4 survivors (4096K)
 Metaspace       used 89612K, committed 90176K, reserved 1130496K
  class space    used 12267K, committed 12544K, reserved 1048576K
}
Event: 11.146 GC heap after
{Heap after GC invocations=38 (full 0):
 garbage-first heap   total 147456K, used 83531K [0x0000000080000000, 0x0000000100000000)
  region size 1024K, 2 young (2048K), 2 survivors (2048K)
 Metaspace       used 89612K, committed 90176K, reserved 1130496K
  class space    used 12267K, committed 12544K, reserved 1048576K
}
Event: 11.284 GC heap before
{Heap before GC invocations=38 (full 0):
 garbage-first heap   total 147456K, used 94795K [0x0000000080000000, 0x0000000100000000)
  region size 1024K, 14 young (14336K), 2 survivors (2048K)
 Metaspace       used 90967K, committed 91584K, reserved 1130496K
  class space    used 12418K, committed 12736K, reserved 1048576K
}
Event: 11.286 GC heap after
{Heap after GC invocations=39 (full 0):
 garbage-first heap   total 147456K, used 84446K [0x0000000080000000, 0x0000000100000000)
  region size 1024K, 3 young (3072K), 3 survivors (3072K)
 Metaspace       used 90967K, committed 91584K, reserved 1130496K
  class space    used 12418K, committed 12736K, reserved 1048576K
}
Event: 11.669 GC heap before
{Heap before GC invocations=40 (full 0):
 garbage-first heap   total 162816K, used 123358K [0x0000000080000000, 0x0000000100000000)
  region size 1024K, 35 young (35840K), 3 survivors (3072K)
 Metaspace       used 94613K, committed 95296K, reserved 1138688K
  class space    used 12783K, committed 13120K, reserved 1048576K
}
Event: 11.675 GC heap after
{Heap after GC invocations=41 (full 0):
 garbage-first heap   total 214016K, used 94491K [0x0000000080000000, 0x0000000100000000)
  region size 1024K, 5 young (5120K), 5 survivors (5120K)
 Metaspace       used 94613K, committed 95296K, reserved 1138688K
  class space    used 12783K, committed 13120K, reserved 1048576K
}
Event: 11.728 GC heap before
{Heap before GC invocations=41 (full 0):
 garbage-first heap   total 214016K, used 99611K [0x0000000080000000, 0x0000000100000000)
  region size 1024K, 10 young (10240K), 5 survivors (5120K)
 Metaspace       used 95445K, committed 96064K, reserved 1138688K
  class space    used 12829K, committed 13120K, reserved 1048576K
}
Event: 11.732 GC heap after
{Heap after GC invocations=42 (full 0):
 garbage-first heap   total 214016K, used 95303K [0x0000000080000000, 0x0000000100000000)
  region size 1024K, 1 young (1024K), 1 survivors (1024K)
 Metaspace       used 95445K, committed 96064K, reserved 1138688K
  class space    used 12829K, committed 13120K, reserved 1048576K
}
Event: 12.471 GC heap before
{Heap before GC invocations=42 (full 0):
 garbage-first heap   total 214016K, used 155719K [0x0000000080000000, 0x0000000100000000)
  region size 1024K, 60 young (61440K), 1 survivors (1024K)
 Metaspace       used 103990K, committed 104640K, reserved 1146880K
  class space    used 13860K, committed 14144K, reserved 1048576K
}
Event: 12.475 GC heap after
{Heap after GC invocations=43 (full 0):
 garbage-first heap   total 214016K, used 98870K [0x0000000080000000, 0x0000000100000000)
  region size 1024K, 5 young (5120K), 5 survivors (5120K)
 Metaspace       used 103990K, committed 104640K, reserved 1146880K
  class space    used 13860K, committed 14144K, reserved 1048576K
}
Event: 13.238 GC heap before
{Heap before GC invocations=43 (full 0):
 garbage-first heap   total 214016K, used 166454K [0x0000000080000000, 0x0000000100000000)
  region size 1024K, 70 young (71680K), 5 survivors (5120K)
 Metaspace       used 107463K, committed 108096K, reserved 1146880K
  class space    used 14243K, committed 14528K, reserved 1048576K
}
Event: 13.247 GC heap after
{Heap after GC invocations=44 (full 0):
 garbage-first heap   total 214016K, used 103465K [0x0000000080000000, 0x0000000100000000)
  region size 1024K, 9 young (9216K), 9 survivors (9216K)
 Metaspace       used 107463K, committed 108096K, reserved 1146880K
  class space    used 14243K, committed 14528K, reserved 1048576K
}
Event: 14.309 GC heap before
{Heap before GC invocations=44 (full 0):
 garbage-first heap   total 214016K, used 170025K [0x0000000080000000, 0x0000000100000000)
  region size 1024K, 74 young (75776K), 9 survivors (9216K)
 Metaspace       used 111429K, committed 112000K, reserved 1146880K
  class space    used 14630K, committed 14912K, reserved 1048576K
}
Event: 14.318 GC heap after
{Heap after GC invocations=45 (full 0):
 garbage-first heap   total 214016K, used 109176K [0x0000000080000000, 0x0000000100000000)
  region size 1024K, 10 young (10240K), 10 survivors (10240K)
 Metaspace       used 111429K, committed 112000K, reserved 1146880K
  class space    used 14630K, committed 14912K, reserved 1048576K
}
Event: 15.260 GC heap before
{Heap before GC invocations=45 (full 0):
 garbage-first heap   total 214016K, used 172664K [0x0000000080000000, 0x0000000100000000)
  region size 1024K, 72 young (73728K), 10 survivors (10240K)
 Metaspace       used 119569K, committed 120192K, reserved 1155072K
  class space    used 15599K, committed 15872K, reserved 1048576K
}
Event: 15.270 GC heap after
{Heap after GC invocations=46 (full 0):
 garbage-first heap   total 214016K, used 114024K [0x0000000080000000, 0x0000000100000000)
  region size 1024K, 5 young (5120K), 5 survivors (5120K)
 Metaspace       used 119569K, committed 120192K, reserved 1155072K
  class space    used 15599K, committed 15872K, reserved 1048576K
}

Dll operation events (2 events):
Event: 0.006 Loaded shared library C:\Program Files\Android\Android Studio\jbr\bin\java.dll
Event: 0.422 Loaded shared library C:\Program Files\Android\Android Studio\jbr\bin\verify.dll

Deoptimization events (20 events):
Event: 16.341 Thread 0x00000168f6921040 Uncommon trap: trap_request=0xffffffde fr.pc=0x00000168e5d5da08 relative=0x0000000000004628
Event: 16.341 Thread 0x00000168f6921040 Uncommon trap: reason=class_check action=maybe_recompile pc=0x00000168e5d5da08 method=jdk.internal.loader.URLClassPath.getResource(Ljava/lang/String;Z)Ljdk/internal/loader/Resource; @ 53 c2
Event: 16.341 Thread 0x00000168f6921040 DEOPT PACKING pc=0x00000168e5d5da08 sp=0x0000005ecf1f87a0
Event: 16.342 Thread 0x00000168f6921040 DEOPT UNPACKING pc=0x00000168e52aa1a3 sp=0x0000005ecf1f85e0 mode 2
Event: 16.342 Thread 0x00000168f6921040 Uncommon trap: trap_request=0xffffffde fr.pc=0x00000168e5b5dac8 relative=0x0000000000002568
Event: 16.342 Thread 0x00000168f6921040 Uncommon trap: reason=class_check action=maybe_recompile pc=0x00000168e5b5dac8 method=jdk.internal.loader.Resource.getBytes()[B @ 10 c2
Event: 16.342 Thread 0x00000168f6921040 DEOPT PACKING pc=0x00000168e5b5dac8 sp=0x0000005ecf1f8450
Event: 16.342 Thread 0x00000168f6921040 DEOPT UNPACKING pc=0x00000168e52aa1a3 sp=0x0000005ecf1f8468 mode 2
Event: 16.343 Thread 0x00000168f6921040 Uncommon trap: trap_request=0xffffffde fr.pc=0x00000168e5c84adc relative=0x00000000000025fc
Event: 16.343 Thread 0x00000168f6921040 Uncommon trap: reason=class_check action=maybe_recompile pc=0x00000168e5c84adc method=jdk.internal.loader.URLClassPath.getLoader(I)Ljdk/internal/loader/URLClassPath$Loader; @ 190 c2
Event: 16.343 Thread 0x00000168f6921040 DEOPT PACKING pc=0x00000168e5c84adc sp=0x0000005ecf1f86d0
Event: 16.343 Thread 0x00000168f6921040 DEOPT UNPACKING pc=0x00000168e52aa1a3 sp=0x0000005ecf1f86d0 mode 2
Event: 16.343 Thread 0x00000168f6921040 Uncommon trap: trap_request=0xffffffde fr.pc=0x00000168e5d5da08 relative=0x0000000000004628
Event: 16.343 Thread 0x00000168f6921040 Uncommon trap: reason=class_check action=maybe_recompile pc=0x00000168e5d5da08 method=jdk.internal.loader.URLClassPath.getResource(Ljava/lang/String;Z)Ljdk/internal/loader/Resource; @ 53 c2
Event: 16.343 Thread 0x00000168f6921040 DEOPT PACKING pc=0x00000168e5d5da08 sp=0x0000005ecf1f87a0
Event: 16.343 Thread 0x00000168f6921040 DEOPT UNPACKING pc=0x00000168e52aa1a3 sp=0x0000005ecf1f85e0 mode 2
Event: 16.343 Thread 0x00000168f6921040 Uncommon trap: trap_request=0xffffffde fr.pc=0x00000168e5b5dac8 relative=0x0000000000002568
Event: 16.343 Thread 0x00000168f6921040 Uncommon trap: reason=class_check action=maybe_recompile pc=0x00000168e5b5dac8 method=jdk.internal.loader.Resource.getBytes()[B @ 10 c2
Event: 16.343 Thread 0x00000168f6921040 DEOPT PACKING pc=0x00000168e5b5dac8 sp=0x0000005ecf1f8450
Event: 16.343 Thread 0x00000168f6921040 DEOPT UNPACKING pc=0x00000168e52aa1a3 sp=0x0000005ecf1f8468 mode 2

Classes unloaded (0 events):
No events

Classes redefined (0 events):
No events

Internal exceptions (20 events):
Event: 7.488 Thread 0x00000168f6921040 Exception <a 'java/lang/NoSuchMethodError'{0x00000000844ce638}: 'java.lang.Object java.lang.invoke.Invokers$Holder.linkToTargetMethod(java.lang.Object, java.lang.Object, java.lang.Object, int, java.lang.Object)'> (0x00000000844ce638) 
thrown [s\src\hotspot\share\interpreter\linkResolver.cpp, line 771]
Event: 7.688 Thread 0x00000168f6921040 Exception <a 'java/lang/NoSuchMethodError'{0x000000008cd5fe68}: 'int java.lang.invoke.DirectMethodHandle$Holder.invokeInterface(java.lang.Object, java.lang.Object, java.lang.Object, java.lang.Object)'> (0x000000008cd5fe68) 
thrown [s\src\hotspot\share\interpreter\linkResolver.cpp, line 771]
Event: 8.127 Thread 0x00000168f6921040 Exception <a 'java/lang/IncompatibleClassChangeError'{0x00000000846b7888}: Found class java.lang.Object, but interface was expected> (0x00000000846b7888) 
thrown [s\src\hotspot\share\interpreter\linkResolver.cpp, line 838]
Event: 8.177 Thread 0x00000168f6921040 Implicit null exception at 0x00000168e5a2dcd9 to 0x00000168e5a2de74
Event: 8.177 Thread 0x00000168f6921040 Implicit null exception at 0x00000168e5a2a33a to 0x00000168e5a2aa60
Event: 8.323 Thread 0x00000168f6921040 Implicit null exception at 0x00000168e59aed8c to 0x00000168e59aeebe
Event: 8.543 Thread 0x00000168f6921040 Exception <a 'sun/nio/fs/WindowsException'{0x000000008d01b408}> (0x000000008d01b408) 
thrown [s\src\hotspot\share\prims\jni.cpp, line 517]
Event: 9.022 Thread 0x00000168f6921040 Implicit null exception at 0x00000168e5b57848 to 0x00000168e5b57934
Event: 9.900 Thread 0x00000168f6921040 Exception <a 'java/lang/NoSuchMethodError'{0x000000008fb34c10}: 'long java.lang.invoke.DirectMethodHandle$Holder.invokeStatic(java.lang.Object)'> (0x000000008fb34c10) 
thrown [s\src\hotspot\share\interpreter\linkResolver.cpp, line 771]
Event: 9.901 Thread 0x00000168f6921040 Exception <a 'java/lang/NoSuchMethodError'{0x000000008fb397b0}: 'long java.lang.invoke.DirectMethodHandle$Holder.invokeStaticInit(java.lang.Object)'> (0x000000008fb397b0) 
thrown [s\src\hotspot\share\interpreter\linkResolver.cpp, line 771]
Event: 10.436 Thread 0x00000168f6921040 Exception <a 'java/lang/NoSuchMethodError'{0x0000000085639ec0}: 'java.lang.Object java.lang.invoke.Invokers$Holder.invoke_MT(java.lang.Object, java.lang.Object, java.lang.Object)'> (0x0000000085639ec0) 
thrown [s\src\hotspot\share\interpreter\linkResolver.cpp, line 771]
Event: 10.673 Thread 0x00000168f6921040 Implicit null exception at 0x00000168e5c05c5b to 0x00000168e5c07be4
Event: 12.302 Thread 0x00000168f6921040 Exception <a 'java/lang/NoSuchMethodError'{0x000000008a1223f8}: 'java.lang.Object java.lang.invoke.DirectMethodHandle$Holder.newInvokeSpecial(java.lang.Object, java.lang.Object, int)'> (0x000000008a1223f8) 
thrown [s\src\hotspot\share\interpreter\linkResolver.cpp, line 771]
Event: 12.429 Thread 0x00000168f6921040 Exception <a 'java/lang/NoSuchMethodError'{0x0000000089716dd8}: 'java.lang.Object java.lang.invoke.DirectMethodHandle$Holder.invokeStatic(java.lang.Object, java.lang.Object, java.lang.Object, java.lang.Object, int)'> (0x0000000089716dd8) 
thrown [s\src\hotspot\share\interpreter\linkResolver.cpp, line 771]
Event: 13.633 Thread 0x00000168f6921040 Exception <a 'java/lang/IncompatibleClassChangeError'{0x000000008a9e51f8}: Found class java.lang.Object, but interface was expected> (0x000000008a9e51f8) 
thrown [s\src\hotspot\share\interpreter\linkResolver.cpp, line 838]
Event: 13.643 Thread 0x00000168f6921040 Exception <a 'java/lang/NoSuchMethodError'{0x000000008a8691f0}: 'int java.lang.invoke.DirectMethodHandle$Holder.invokeStaticInit(java.lang.Object, int)'> (0x000000008a8691f0) 
thrown [s\src\hotspot\share\interpreter\linkResolver.cpp, line 771]
Event: 14.731 Thread 0x00000168f6921040 Exception <a 'java/lang/NoSuchMethodError'{0x000000008b0c5010}: 'java.lang.Object java.lang.invoke.DirectMethodHandle$Holder.newInvokeSpecial(java.lang.Object, java.lang.Object, java.lang.Object, int, int, java.lang.Object, java.lang.Object)'> (0x000000008b0c5010) 
thrown [s\src\hotspot\share\interpreter\linkResolver.cpp, line 771]
Event: 16.306 Thread 0x00000168f999b3a0 Exception <a 'sun/nio/fs/WindowsException'{0x000000008a1b90b0}> (0x000000008a1b90b0) 
thrown [s\src\hotspot\share\prims\jni.cpp, line 517]
Event: 16.317 Thread 0x00000168f999b3a0 Exception <a 'sun/nio/fs/WindowsException'{0x000000008a00f4e0}> (0x000000008a00f4e0) 
thrown [s\src\hotspot\share\prims\jni.cpp, line 517]
Event: 16.318 Thread 0x00000168f999b3a0 Exception <a 'sun/nio/fs/WindowsException'{0x000000008a00f658}> (0x000000008a00f658) 
thrown [s\src\hotspot\share\prims\jni.cpp, line 517]

VM Operations (20 events):
Event: 15.474 Executing VM operation: HandshakeAllThreads
Event: 15.474 Executing VM operation: HandshakeAllThreads done
Event: 15.516 Executing VM operation: HandshakeAllThreads
Event: 15.516 Executing VM operation: HandshakeAllThreads done
Event: 15.748 Executing VM operation: HandshakeAllThreads
Event: 15.748 Executing VM operation: HandshakeAllThreads done
Event: 15.763 Executing VM operation: HandshakeAllThreads
Event: 15.764 Executing VM operation: HandshakeAllThreads done
Event: 15.802 Executing VM operation: ICBufferFull
Event: 15.803 Executing VM operation: ICBufferFull done
Event: 15.830 Executing VM operation: HandshakeAllThreads
Event: 15.830 Executing VM operation: HandshakeAllThreads done
Event: 15.919 Executing VM operation: HandshakeAllThreads
Event: 15.919 Executing VM operation: HandshakeAllThreads done
Event: 16.142 Executing VM operation: HandshakeAllThreads
Event: 16.142 Executing VM operation: HandshakeAllThreads done
Event: 16.217 Executing VM operation: ICBufferFull
Event: 16.217 Executing VM operation: ICBufferFull done
Event: 16.290 Executing VM operation: HandshakeAllThreads
Event: 16.290 Executing VM operation: HandshakeAllThreads done

Events (20 events):
Event: 13.205 Thread 0x00000168f508e990 flushing nmethod 0x00000168decbfb90
Event: 13.212 Thread 0x00000168fa519740 Thread added: 0x00000168fa519740
Event: 13.429 loading class java/util/AbstractList$RandomAccessSubList
Event: 13.429 loading class java/util/AbstractList$RandomAccessSubList done
Event: 15.478 Thread 0x00000168f508e990 flushing nmethod 0x00000168de12d410
Event: 15.485 Thread 0x00000168f508e990 flushing nmethod 0x00000168deafea10
Event: 15.485 Thread 0x00000168f508e990 flushing nmethod 0x00000168deb00790
Event: 15.485 Thread 0x00000168f508e990 flushing nmethod 0x00000168deb09610
Event: 15.485 Thread 0x00000168f508e990 flushing nmethod 0x00000168deb31310
Event: 15.485 Thread 0x00000168f508e990 flushing nmethod 0x00000168deb40590
Event: 15.485 Thread 0x00000168f508e990 flushing nmethod 0x00000168debe9590
Event: 15.485 Thread 0x00000168f508e990 flushing nmethod 0x00000168dec13710
Event: 15.486 Thread 0x00000168f508e990 flushing nmethod 0x00000168dec53690
Event: 16.001 Thread 0x00000168fa519740 Thread exited: 0x00000168fa519740
Event: 16.024 Thread 0x00000168fd642f30 Thread exited: 0x00000168fd642f30
Event: 16.327 loading class jdk/internal/loader/URLClassPath$FileLoader
Event: 16.327 loading class jdk/internal/loader/URLClassPath$FileLoader done
Event: 16.328 loading class jdk/internal/loader/URLClassPath$FileLoader$1
Event: 16.329 loading class jdk/internal/loader/URLClassPath$FileLoader$1 done
Event: 16.330 Thread 0x00000168fcdfafc0 Thread added: 0x00000168fcdfafc0


Dynamic libraries:
0x00007ff7d7780000 - 0x00007ff7d778a000 	C:\Program Files\Android\Android Studio\jbr\bin\java.exe
0x00007ffec9c30000 - 0x00007ffec9e28000 	C:\Windows\SYSTEM32\ntdll.dll
0x00007ffec8ad0000 - 0x00007ffec8b8f000 	C:\Windows\System32\KERNEL32.DLL
0x00007ffec7800000 - 0x00007ffec7ad2000 	C:\Windows\System32\KERNELBASE.dll
0x00007ffec7ae0000 - 0x00007ffec7be0000 	C:\Windows\System32\ucrtbase.dll
0x00007ffe60ef0000 - 0x00007ffe60f07000 	C:\Program Files\Android\Android Studio\jbr\bin\jli.dll
0x00007ffeb4470000 - 0x00007ffeb448b000 	C:\Program Files\Android\Android Studio\jbr\bin\VCRUNTIME140.dll
0x00007ffec8b90000 - 0x00007ffec8d2d000 	C:\Windows\System32\USER32.dll
0x00007ffeaf220000 - 0x00007ffeaf4ba000 	C:\Windows\WinSxS\amd64_microsoft.windows.common-controls_6595b64144ccf1df_6.0.19041.1110_none_60b5254171f9507e\COMCTL32.dll
0x00007ffec7710000 - 0x00007ffec7732000 	C:\Windows\System32\win32u.dll
0x00007ffec9b10000 - 0x00007ffec9bae000 	C:\Windows\System32\msvcrt.dll
0x00007ffec9bb0000 - 0x00007ffec9bdb000 	C:\Windows\System32\GDI32.dll
0x00007ffec74e0000 - 0x00007ffec75ef000 	C:\Windows\System32\gdi32full.dll
0x00007ffec7be0000 - 0x00007ffec7c7d000 	C:\Windows\System32\msvcp_win.dll
0x00007ffec9790000 - 0x00007ffec97c2000 	C:\Windows\System32\IMM32.DLL
0x00007ffec1520000 - 0x00007ffec152c000 	C:\Program Files\Android\Android Studio\jbr\bin\vcruntime140_1.dll
0x00007ffe97170000 - 0x00007ffe971fd000 	C:\Program Files\Android\Android Studio\jbr\bin\msvcp140.dll
0x00007ffe61230000 - 0x00007ffe61e9e000 	C:\Program Files\Android\Android Studio\jbr\bin\server\jvm.dll
0x00007ffec97d0000 - 0x00007ffec987e000 	C:\Windows\System32\ADVAPI32.dll
0x00007ffec8da0000 - 0x00007ffec8e3c000 	C:\Windows\System32\sechost.dll
0x00007ffec8f10000 - 0x00007ffec9035000 	C:\Windows\System32\RPCRT4.dll
0x00007ffead320000 - 0x00007ffead329000 	C:\Windows\SYSTEM32\WSOCK32.dll
0x00007ffeb63b0000 - 0x00007ffeb63d7000 	C:\Windows\SYSTEM32\WINMM.dll
0x00007ffec9a40000 - 0x00007ffec9aab000 	C:\Windows\System32\WS2_32.dll
0x00007ffeb7c60000 - 0x00007ffeb7c6a000 	C:\Windows\SYSTEM32\VERSION.dll
0x00007ffec5b80000 - 0x00007ffec5b92000 	C:\Windows\SYSTEM32\kernel.appcore.dll
0x00007ffe717f0000 - 0x00007ffe717fa000 	C:\Program Files\Android\Android Studio\jbr\bin\jimage.dll
0x00007ffec4f20000 - 0x00007ffec5104000 	C:\Windows\SYSTEM32\DBGHELP.DLL
0x00007ffeafc70000 - 0x00007ffeafc9c000 	C:\Windows\SYSTEM32\dbgcore.DLL
0x00007ffec7770000 - 0x00007ffec77f2000 	C:\Windows\System32\bcryptPrimitives.dll
0x00007ffe61200000 - 0x00007ffe61225000 	C:\Program Files\Android\Android Studio\jbr\bin\java.dll
0x00007ffe6deb0000 - 0x00007ffe6dec8000 	C:\Program Files\Android\Android Studio\jbr\bin\zip.dll
0x00007ffec7e30000 - 0x00007ffec8573000 	C:\Windows\System32\SHELL32.dll
0x00007ffec53d0000 - 0x00007ffec5b62000 	C:\Windows\SYSTEM32\windows.storage.dll
0x00007ffec8580000 - 0x00007ffec88d4000 	C:\Windows\System32\combase.dll
0x00007ffec6d90000 - 0x00007ffec6dc0000 	C:\Windows\SYSTEM32\Wldp.dll
0x00007ffec9600000 - 0x00007ffec96ad000 	C:\Windows\System32\SHCORE.dll
0x00007ffec90a0000 - 0x00007ffec90f5000 	C:\Windows\System32\shlwapi.dll
0x00007ffec7270000 - 0x00007ffec728f000 	C:\Windows\SYSTEM32\profapi.dll
0x00007ffe611e0000 - 0x00007ffe611f9000 	C:\Program Files\Android\Android Studio\jbr\bin\net.dll
0x00007ffec25b0000 - 0x00007ffec26bc000 	C:\Windows\SYSTEM32\WINHTTP.dll
0x00007ffec6af0000 - 0x00007ffec6b5a000 	C:\Windows\system32\mswsock.dll
0x00007ffe611c0000 - 0x00007ffe611d6000 	C:\Program Files\Android\Android Studio\jbr\bin\nio.dll
0x00007ffe60f40000 - 0x00007ffe60f50000 	C:\Program Files\Android\Android Studio\jbr\bin\verify.dll
0x00007ffec14c0000 - 0x00007ffec14e7000 	C:\Users\ahmed\.gradle\native\68d5fa5c4cc2d200863cafc0d521ce42e7d3e7ee720ec0a83991735586a16f82\windows-amd64\native-platform.dll
0x00007ffe94960000 - 0x00007ffe94aa4000 	C:\Users\ahmed\.gradle\native\e376f236ea51e6404a007f0833ffe2c6e607c4080706a723a18a27aeea778392\windows-amd64\native-platform-file-events.dll
0x00007ffea0190000 - 0x00007ffea0199000 	C:\Program Files\Android\Android Studio\jbr\bin\management.dll
0x00007ffe60f30000 - 0x00007ffe60f3b000 	C:\Program Files\Android\Android Studio\jbr\bin\management_ext.dll
0x00007ffec9be0000 - 0x00007ffec9be8000 	C:\Windows\System32\PSAPI.DLL
0x00007ffec6ce0000 - 0x00007ffec6cf8000 	C:\Windows\SYSTEM32\CRYPTSP.dll
0x00007ffec63a0000 - 0x00007ffec63d4000 	C:\Windows\system32\rsaenh.dll
0x00007ffec7740000 - 0x00007ffec7767000 	C:\Windows\System32\bcrypt.dll
0x00007ffec7230000 - 0x00007ffec725e000 	C:\Windows\SYSTEM32\USERENV.dll
0x00007ffec6d00000 - 0x00007ffec6d0c000 	C:\Windows\SYSTEM32\CRYPTBASE.dll
0x00007ffec6790000 - 0x00007ffec67cb000 	C:\Windows\SYSTEM32\IPHLPAPI.DLL
0x00007ffec9a30000 - 0x00007ffec9a38000 	C:\Windows\System32\NSI.dll
0x00007ffebfcd0000 - 0x00007ffebfce7000 	C:\Windows\SYSTEM32\dhcpcsvc6.DLL
0x00007ffebfcb0000 - 0x00007ffebfccd000 	C:\Windows\SYSTEM32\dhcpcsvc.DLL
0x00007ffec67d0000 - 0x00007ffec689a000 	C:\Windows\SYSTEM32\DNSAPI.dll
0x00007ffe60f20000 - 0x00007ffe60f27000 	C:\Windows\system32\wshunix.dll

dbghelp: loaded successfully - version: 4.0.5 - missing functions: none
symbol engine: initialized successfully - sym options: 0x614 - pdb path: .;C:\Program Files\Android\Android Studio\jbr\bin;C:\Windows\SYSTEM32;C:\Windows\WinSxS\amd64_microsoft.windows.common-controls_6595b64144ccf1df_6.0.19041.1110_none_60b5254171f9507e;C:\Program Files\Android\Android Studio\jbr\bin\server;C:\Users\ahmed\.gradle\native\68d5fa5c4cc2d200863cafc0d521ce42e7d3e7ee720ec0a83991735586a16f82\windows-amd64;C:\Users\ahmed\.gradle\native\e376f236ea51e6404a007f0833ffe2c6e607c4080706a723a18a27aeea778392\windows-amd64

VM Arguments:
jvm_args: --add-opens=java.base/java.util=ALL-UNNAMED --add-opens=java.base/java.lang=ALL-UNNAMED --add-opens=java.base/java.lang.invoke=ALL-UNNAMED --add-opens=java.prefs/java.util.prefs=ALL-UNNAMED --add-opens=java.base/java.nio.charset=ALL-UNNAMED --add-opens=java.base/java.net=ALL-UNNAMED --add-opens=java.base/java.util.concurrent.atomic=ALL-UNNAMED -Xmx2048m -Dfile.encoding=UTF-8 -Duser.country=US -Duser.language=en -Duser.variant 
java_command: org.gradle.launcher.daemon.bootstrap.GradleDaemon 8.0
java_class_path (initial): C:\Users\ahmed\.gradle\wrapper\dists\gradle-8.0-bin\ca5e32bp14vu59qr306oxotwh\gradle-8.0\lib\gradle-launcher-8.0.jar
Launcher Type: SUN_STANDARD

[Global flags]
     intx CICompilerCount                          = 4                                         {product} {ergonomic}
     uint ConcGCThreads                            = 2                                         {product} {ergonomic}
     uint G1ConcRefinementThreads                  = 8                                         {product} {ergonomic}
   size_t G1HeapRegionSize                         = 1048576                                   {product} {ergonomic}
    uintx GCDrainStackTargetSize                   = 64                                        {product} {ergonomic}
   size_t InitialHeapSize                          = 264241152                                 {product} {ergonomic}
   size_t MarkStackSize                            = 4194304                                   {product} {ergonomic}
   size_t MaxHeapSize                              = 2147483648                                {product} {command line}
   size_t MaxNewSize                               = 1287651328                                {product} {ergonomic}
   size_t MinHeapDeltaBytes                        = 1048576                                   {product} {ergonomic}
   size_t MinHeapSize                              = 8388608                                   {product} {ergonomic}
    uintx NonNMethodCodeHeapSize                   = 5839372                                {pd product} {ergonomic}
    uintx NonProfiledCodeHeapSize                  = 122909434                              {pd product} {ergonomic}
    uintx ProfiledCodeHeapSize                     = 122909434                              {pd product} {ergonomic}
    uintx ReservedCodeCacheSize                    = 251658240                              {pd product} {ergonomic}
     bool SegmentedCodeCache                       = true                                      {product} {ergonomic}
   size_t SoftMaxHeapSize                          = 2147483648                             {manageable} {ergonomic}
     bool UseCompressedClassPointers               = true                           {product lp64_product} {ergonomic}
     bool UseCompressedOops                        = true                           {product lp64_product} {ergonomic}
     bool UseG1GC                                  = true                                      {product} {ergonomic}
     bool UseLargePagesIndividualAllocation        = false                                  {pd product} {ergonomic}

Logging:
Log output configuration:
 #0: stdout all=warning uptime,level,tags
 #1: stderr all=off uptime,level,tags

Environment Variables:
PATH=C:\Program Files\Python310\Scripts\;C:\Program Files\Python310\;C:\Program Files\Microsoft MPI\Bin\;D:\oracle\app\oracle\product\11.2.0\server\bin;C:\Program Files (x86)\Common Files\Oracle\Java\javapath;C:\Windows\system32;C:\Windows;C:\Windows\System32\Wbem;C:\Windows\System32\WindowsPowerShell\v1.0\;C:\Windows\System32\OpenSSH\;C:\Program Files\Microsoft VS Code\bin;C:\xampp\php;C:\Program Files\Java;C:\ProgramData\ComposerSetup\bin;C:\Users\ahmed\scoop\apps\symfony-cli\5.5.1;C:\Program Files\Git\cmd;C:\Program Files (x86)\Microsoft SQL Server\160\Tools\Binn\;C:\Program Files\Microsoft SQL Server\160\Tools\Binn\;C:\Program Files\Microsoft SQL Server\Client SDK\ODBC\170\Tools\Binn\;C:\Program Files\Microsoft SQL Server\160\DTS\Binn\;C:\Program Files (x86)\Microsoft SQL Server\160\DTS\Binn\;C:\Program Files\Azure Data Studio\bin;D:\nvm;D:\nodejs;D:\MogoDB\Server\6.0\data;C:\Program Files\Microsoft SQL Server\130\Tools\Binn\;C:\Program Files (x86)\Microsoft SQL Server\110\DTS\Binn\;C:\Program Files (x86)\Microsoft SQL Server\120\DTS\Binn\;C:\Program Files (x86)\Microsoft SQL Server\130\DTS\Binn\;C:\Program Files (x86)\Microsoft SQL Server\140\DTS\Binn\;C:\Program Files (x86)\Microsoft SQL Server\150\DTS\Binn\;C:\Program Files\Microsoft MPI\Bin\;D:\oracle\app\oracle\product\11.2.0\server\bin;C:\Program Files (x86)\Common Files\Oracle\Java\javapath;C:\Windows\system32;C:\Windows;C:\Windows\System32\Wbem;C:\Windows\System32\WindowsPowerShell\v1.0\;C:\Windows\System32\OpenSSH\;C:\Program Files\Microsoft VS Code\bin;C:\xampp\php;C:\Program Files\Java;C:\Program Files\nodejs\;C:\ProgramData\ComposerSetup\bin;C:\Users\ahmed\scoop\apps\symfony-cli\5.5.1;C:\Program Files\Git\cmd;C:\Program Files (x86)\Microsoft SQL Server\160\Tools\Binn\;C:\Program Files\Microsoft SQL Server\160\Tools\Binn\;C:\Program Files\Microsoft SQL Server\Client SDK\ODBC\170\Tools\Binn\;C:\Program Files\Microsoft SQL Server\160\DTS\Binn\;C:\Program Files (x86)\Microsoft SQL Server\160\DTS\Binn\;C:\Pr
USERNAME=ahmed
OS=Windows_NT
PROCESSOR_IDENTIFIER=Intel64 Family 6 Model 140 Stepping 1, GenuineIntel
TMP=C:\Users\ahmed\AppData\Local\Temp
TEMP=C:\Users\ahmed\AppData\Local\Temp


JNI global refs:
JNI global refs: 27, weak refs: 0

JNI global refs memory usage: 843, weak refs: 841


---------------  S Y S T E M  ---------------

OS:
 Windows 10 , 64 bit Build 19041 (10.0.19041.2251)
OS uptime: 0 days 3:37 hours

CPU: total 8 (initial active 8) (4 cores per cpu, 2 threads per core) family 6 model 140 stepping 1 microcode 0xa4, cx8, cmov, fxsr, ht, mmx, 3dnowpref, sse, sse2, sse3, ssse3, sse4.1, sse4.2, popcnt, lzcnt, tsc, tscinvbit, avx, avx2, aes, erms, clmul, bmi1, bmi2, adx, avx512f, avx512dq, avx512cd, avx512bw, avx512vl, sha, fma, vzeroupper, avx512_vpopcntdq, avx512_vpclmulqdq, avx512_vaes, avx512_vnni, clflush, clflushopt, clwb, avx512_vbmi2, avx512_vbmi

Memory: 4k page, system-wide physical 16126M (1950M free)
TotalPageFile size 16126M (AvailPageFile size 5M)
current process WorkingSet (physical memory assigned to process): 539M, peak: 541M
current process commit charge ("private bytes"): 579M, peak: 580M

vm_info: OpenJDK 64-Bit Server VM (17.0.6+0-b2043.56-10027231) for windows-amd64 JRE (17.0.6+0-b2043.56-10027231), built on Apr 28 2023 00:43:19 by "androidbuild" with MS VC++ 16.10 / 16.11 (VS2019)

END.
