#
# There is insufficient memory for the Java Runtime Environment to continue.
# Native memory allocation (mmap) failed to map 264241152 bytes for G1 virtual space
# Possible reasons:
#   The system is out of physical RAM or swap space
#   The process is running with CompressedOops enabled, and the Java Heap may be blocking the growth of the native heap
# Possible solutions:
#   Reduce memory load on the system
#   Increase physical memory or swap space
#   Check if swap backing store is full
#   Decrease Java heap size (-Xmx/-Xms)
#   Decrease number of Java threads
#   Decrease Java thread stack sizes (-Xss)
#   Set larger code cache with -XX:ReservedCodeCacheSize=
#   JVM is running with Unscaled Compressed Oops mode in which the Java heap is
#     placed in the first 4GB address space. The Java Heap base address is the
#     maximum limit for the native heap growth. Please use -XX:HeapBaseMinAddress
#     to set the Java Heap base and to place the Java Heap above 4GB virtual address.
# This output file may be truncated or incomplete.
#
#  Out of Memory Error (os_windows.cpp:3769), pid=10772, tid=3196
#
# JRE version:  (17.0.6) (build )
# Java VM: OpenJDK 64-Bit Server VM (17.0.6+0-b2043.56-10027231, mixed mode, sharing, tiered, compressed oops, compressed class ptrs, g1 gc, windows-amd64)
# No core dump will be written. Minidumps are not enabled by default on client versions of Windows
#

---------------  S U M M A R Y ------------

Command Line: -Djava.awt.headless=true -Dorg.gradle.internal.worker.tmpdir=C:\Users\ahmed\AndroidStudioProjects\MyApplication\app\build\tmp\testDebugUnitTest\work -Dorg.gradle.native=false -Xmx512m -Dfile.encoding=UTF-8 -Duser.country=US -Duser.language=en -Duser.variant -ea worker.org.gradle.process.internal.worker.GradleWorkerMain 'Gradle Test Executor 1'

Host: 11th Gen Intel(R) Core(TM) i5-1135G7 @ 2.40GHz, 8 cores, 15G,  Windows 10 , 64 bit Build 19041 (10.0.19041.2251)
Time: Mon Oct  2 03:16:20 2023 W. Central Africa Standard Time elapsed time: 0.008166 seconds (0d 0h 0m 0s)

---------------  T H R E A D  ---------------

Current thread (0x000002d6f902ab00):  JavaThread "Unknown thread" [_thread_in_vm, id=3196, stack(0x000000efa5600000,0x000000efa5700000)]

Stack: [0x000000efa5600000,0x000000efa5700000]
Native frames: (J=compiled Java code, j=interpreted, Vv=VM code, C=native code)
V  [jvm.dll+0x683c9a]
V  [jvm.dll+0x8427a4]
V  [jvm.dll+0x843f9e]
V  [jvm.dll+0x844603]
V  [jvm.dll+0x249b75]
V  [jvm.dll+0x680b69]
V  [jvm.dll+0x67505a]
V  [jvm.dll+0x309acb]
V  [jvm.dll+0x310f86]
V  [jvm.dll+0x3608ee]
V  [jvm.dll+0x360b1f]
V  [jvm.dll+0x2dfbf8]
V  [jvm.dll+0x2e0b64]
V  [jvm.dll+0x814091]
V  [jvm.dll+0x36e6a1]
V  [jvm.dll+0x7f35cc]
V  [jvm.dll+0x3f0e8f]
V  [jvm.dll+0x3f29d1]
C  [jli.dll+0x526b]
C  [ucrtbase.dll+0x21bb2]
C  [KERNEL32.DLL+0x174b4]
C  [ntdll.dll+0x526a1]


---------------  P R O C E S S  ---------------

Threads class SMR info:
_java_thread_list=0x00007ffe61d6c058, length=0, elements={
}

Java Threads: ( => current thread )

Other Threads:
  0x000002d6f9059570 GCTaskThread "GC Thread#0" [stack: 0x000000efa5700000,0x000000efa5800000] [id=6732]
  0x000002d6f905e3c0 ConcurrentGCThread "G1 Main Marker" [stack: 0x000000efa5800000,0x000000efa5900000] [id=2336]
  0x000002d6f905ece0 ConcurrentGCThread "G1 Conc#0" [stack: 0x000000efa5900000,0x000000efa5a00000] [id=6284]

[error occurred during error reporting (printing all threads), id 0xc0000005, EXCEPTION_ACCESS_VIOLATION (0xc0000005) at pc=0x00007ffe61520797]

VM state: not at safepoint (not fully initialized)

VM Mutex/Monitor currently owned by a thread:  ([mutex/lock_event])
[0x000002d6f90253a0] Heap_lock - owner thread: 0x000002d6f902ab00

Heap address: 0x00000000e0000000, size: 512 MB, Compressed Oops mode: 32-bit

CDS archive(s) mapped at: [0x0000000000000000-0x0000000000000000-0x0000000000000000), size 0, SharedBaseAddress: 0x0000000800000000, ArchiveRelocationMode: 0.
Narrow klass base: 0x0000000000000000, Narrow klass shift: 0, Narrow klass range: 0x0

GC Precious Log:
<Empty>

Heap:
 garbage-first heap   total 0K, used 0K [0x00000000e0000000, 0x0000000100000000)
  region size 1024K, 0 young (0K), 0 survivors (0K)

[error occurred during error reporting (printing heap information), id 0xc0000005, EXCEPTION_ACCESS_VIOLATION (0xc0000005) at pc=0x00007ffe6190da89]

GC Heap History (0 events):
No events

Dll operation events (1 events):
Event: 0.005 Loaded shared library C:\Program Files\Android\Android Studio\jbr\bin\java.dll

Deoptimization events (0 events):
No events

Classes unloaded (0 events):
No events

Classes redefined (0 events):
No events

Internal exceptions (0 events):
No events

VM Operations (0 events):
No events

Events (0 events):
No events


Dynamic libraries:
0x00007ff7d7780000 - 0x00007ff7d778a000 	C:\Program Files\Android\Android Studio\jbr\bin\java.exe
0x00007ffec9c30000 - 0x00007ffec9e28000 	C:\Windows\SYSTEM32\ntdll.dll
0x00007ffec8ad0000 - 0x00007ffec8b8f000 	C:\Windows\System32\KERNEL32.DLL
0x00007ffec7800000 - 0x00007ffec7ad2000 	C:\Windows\System32\KERNELBASE.dll
0x00007ffec7ae0000 - 0x00007ffec7be0000 	C:\Windows\System32\ucrtbase.dll
0x00007ffe423e0000 - 0x00007ffe423fb000 	C:\Program Files\Android\Android Studio\jbr\bin\VCRUNTIME140.dll
0x00007ffe60ef0000 - 0x00007ffe60f07000 	C:\Program Files\Android\Android Studio\jbr\bin\jli.dll
0x00007ffec8b90000 - 0x00007ffec8d2d000 	C:\Windows\System32\USER32.dll
0x00007ffeaf220000 - 0x00007ffeaf4ba000 	C:\Windows\WinSxS\amd64_microsoft.windows.common-controls_6595b64144ccf1df_6.0.19041.1110_none_60b5254171f9507e\COMCTL32.dll
0x00007ffec7710000 - 0x00007ffec7732000 	C:\Windows\System32\win32u.dll
0x00007ffec9b10000 - 0x00007ffec9bae000 	C:\Windows\System32\msvcrt.dll
0x00007ffec9bb0000 - 0x00007ffec9bdb000 	C:\Windows\System32\GDI32.dll
0x00007ffec74e0000 - 0x00007ffec75ef000 	C:\Windows\System32\gdi32full.dll
0x00007ffec7be0000 - 0x00007ffec7c7d000 	C:\Windows\System32\msvcp_win.dll
0x00007ffec9790000 - 0x00007ffec97c2000 	C:\Windows\System32\IMM32.DLL
0x00007ffe423d0000 - 0x00007ffe423dc000 	C:\Program Files\Android\Android Studio\jbr\bin\vcruntime140_1.dll
0x00007ffe42340000 - 0x00007ffe423cd000 	C:\Program Files\Android\Android Studio\jbr\bin\msvcp140.dll
0x00007ffe61230000 - 0x00007ffe61e9e000 	C:\Program Files\Android\Android Studio\jbr\bin\server\jvm.dll
0x00007ffec97d0000 - 0x00007ffec987e000 	C:\Windows\System32\ADVAPI32.dll
0x00007ffec8da0000 - 0x00007ffec8e3c000 	C:\Windows\System32\sechost.dll
0x00007ffec8f10000 - 0x00007ffec9035000 	C:\Windows\System32\RPCRT4.dll
0x00007ffeb63b0000 - 0x00007ffeb63d7000 	C:\Windows\SYSTEM32\WINMM.dll
0x00007ffead320000 - 0x00007ffead329000 	C:\Windows\SYSTEM32\WSOCK32.dll
0x00007ffeb7c60000 - 0x00007ffeb7c6a000 	C:\Windows\SYSTEM32\VERSION.dll
0x00007ffec9a40000 - 0x00007ffec9aab000 	C:\Windows\System32\WS2_32.dll
0x00007ffec5b80000 - 0x00007ffec5b92000 	C:\Windows\SYSTEM32\kernel.appcore.dll
0x00007ffe717f0000 - 0x00007ffe717fa000 	C:\Program Files\Android\Android Studio\jbr\bin\jimage.dll
0x00007ffec4f20000 - 0x00007ffec5104000 	C:\Windows\SYSTEM32\DBGHELP.DLL
0x00007ffeafc70000 - 0x00007ffeafc9c000 	C:\Windows\SYSTEM32\dbgcore.DLL
0x00007ffec7770000 - 0x00007ffec77f2000 	C:\Windows\System32\bcryptPrimitives.dll
0x00007ffe61200000 - 0x00007ffe61225000 	C:\Program Files\Android\Android Studio\jbr\bin\java.dll

dbghelp: loaded successfully - version: 4.0.5 - missing functions: none
symbol engine: initialized successfully - sym options: 0x614 - pdb path: .;C:\Program Files\Android\Android Studio\jbr\bin;C:\Windows\SYSTEM32;C:\Windows\WinSxS\amd64_microsoft.windows.common-controls_6595b64144ccf1df_6.0.19041.1110_none_60b5254171f9507e;C:\Program Files\Android\Android Studio\jbr\bin\server

VM Arguments:
jvm_args: -Djava.awt.headless=true -Dorg.gradle.internal.worker.tmpdir=C:\Users\ahmed\AndroidStudioProjects\MyApplication\app\build\tmp\testDebugUnitTest\work -Dorg.gradle.native=false -Xmx512m -Dfile.encoding=UTF-8 -Duser.country=US -Duser.language=en -Duser.variant -ea 
java_command: worker.org.gradle.process.internal.worker.GradleWorkerMain 'Gradle Test Executor 1'
java_class_path (initial): C:\\Users\\ahmed\\.gradle\\caches\\8.0\\workerMain\\gradle-worker.jar;C:\\Users\\ahmed\\AndroidStudioProjects\\MyApplication\\app\\build\\intermediates\\javac\\debugUnitTest\\classes;C:\\Users\\ahmed\\AndroidStudioProjects\\MyApplication\\app\\build\\intermediates\\runtime_app_classes_jar\\debug\\classes.jar;C:\\Users\\ahmed\\.gradle\\caches\\modules-2\\files-2.1\\junit\\junit\\4.13.2\\8ac9e16d933b6fb43bc7f576336b8f4d7eb5ba12\\junit-4.13.2.jar;C:\\Users\\ahmed\\.gradle\\caches\\transforms-3\\c2cd5a31e5d014920c2d46206c457ce4\\transformed\\viewbinding-8.1.2-runtime.jar;C:\\Users\\ahmed\\.gradle\\caches\\transforms-3\\7b1170aba4c987c77f6bd882a86f8644\\transformed\\navigation-ui-2.5.3-runtime.jar;C:\\Users\\ahmed\\.gradle\\caches\\transforms-3\\0add3b1eb61cac3012166877c79e4425\\transformed\\material-1.8.0-runtime.jar;C:\\Users\\ahmed\\.gradle\\caches\\transforms-3\\ef544f861c19b7ffd27a2d93186056d7\\transformed\\constraintlayout-2.1.4-runtime.jar;C:\\Users\\ahmed\\.gradle\\caches\\transforms-3\\ecd42777b1a8a38b2873b25a07204b4f\\transformed\\appcompat-resources-1.6.1-runtime.jar;C:\\Users\\ahmed\\.gradle\\caches\\transforms-3\\ccbe6844cc388b5717318a3a7d6b272e\\transformed\\appcompat-1.6.1-runtime.jar;C:\\Users\\ahmed\\.gradle\\caches\\transforms-3\\a9acfca621fdd93e505b673d571d5dbd\\transformed\\navigation-fragment-2.5.3-runtime.jar;C:\\Users\\ahmed\\.gradle\\caches\\modules-2\\files-2.1\\org.hamcrest\\hamcrest-core\\1.3\\42a25dc3219429f0e5d060061f71acb49bf010a0\\hamcrest-core-1.3.jar;C:\\Users\\ahmed\\.gradle\\caches\\transforms-3\\76177c243c46abb9bea7d7391751890b\\transformed\\viewpager2-1.0.0-runtime.jar;C:\\Users\\ahmed\\.gradle\\caches\\transforms-3\\7c8cb1cdec94c64151a4ecd38719d895\\transformed\\fragment-ktx-1.5.4-runtime.jar;C:\\Users\\ahmed\\.gradle\\caches\\transforms-3\\8192d9b06b26bec19384aa3bd3919c04\\transformed\\fragment-1.5.4-runtime.jar;C:\\Users\\ahmed\\.gradle\\caches\\transforms-3\\4b98b02eccddde3b5f0b761626a314b5\\transforme
Launcher Type: SUN_STANDARD

[Global flags]
     intx CICompilerCount                          = 4                                         {product} {ergonomic}
     uint ConcGCThreads                            = 2                                         {product} {ergonomic}
     uint G1ConcRefinementThreads                  = 8                                         {product} {ergonomic}
   size_t G1HeapRegionSize                         = 1048576                                   {product} {ergonomic}
    uintx GCDrainStackTargetSize                   = 64                                        {product} {ergonomic}
   size_t InitialHeapSize                          = 264241152                                 {product} {ergonomic}
   size_t MarkStackSize                            = 4194304                                   {product} {ergonomic}
   size_t MaxHeapSize                              = 536870912                                 {product} {command line}
   size_t MinHeapDeltaBytes                        = 1048576                                   {product} {ergonomic}
   size_t MinHeapSize                              = 8388608                                   {product} {ergonomic}
    uintx NonNMethodCodeHeapSize                   = 5839372                                {pd product} {ergonomic}
    uintx NonProfiledCodeHeapSize                  = 122909434                              {pd product} {ergonomic}
    uintx ProfiledCodeHeapSize                     = 122909434                              {pd product} {ergonomic}
    uintx ReservedCodeCacheSize                    = 251658240                              {pd product} {ergonomic}
     bool SegmentedCodeCache                       = true                                      {product} {ergonomic}
   size_t SoftMaxHeapSize                          = 536870912                              {manageable} {ergonomic}
     bool UseCompressedClassPointers               = true                           {product lp64_product} {ergonomic}
     bool UseCompressedOops                        = true                           {product lp64_product} {ergonomic}
     bool UseG1GC                                  = true                                      {product} {ergonomic}
     bool UseLargePagesIndividualAllocation        = false                                  {pd product} {ergonomic}

Logging:
Log output configuration:
 #0: stdout all=warning uptime,level,tags
 #1: stderr all=off uptime,level,tags

Environment Variables:
PATH=C:\Program Files\Python310\Scripts\;C:\Program Files\Python310\;C:\Program Files\Microsoft MPI\Bin\;D:\oracle\app\oracle\product\11.2.0\server\bin;C:\Program Files (x86)\Common Files\Oracle\Java\javapath;C:\Windows\system32;C:\Windows;C:\Windows\System32\Wbem;C:\Windows\System32\WindowsPowerShell\v1.0\;C:\Windows\System32\OpenSSH\;C:\Program Files\Microsoft VS Code\bin;C:\xampp\php;C:\Program Files\Java;C:\ProgramData\ComposerSetup\bin;C:\Users\ahmed\scoop\apps\symfony-cli\5.5.1;C:\Program Files\Git\cmd;C:\Program Files (x86)\Microsoft SQL Server\160\Tools\Binn\;C:\Program Files\Microsoft SQL Server\160\Tools\Binn\;C:\Program Files\Microsoft SQL Server\Client SDK\ODBC\170\Tools\Binn\;C:\Program Files\Microsoft SQL Server\160\DTS\Binn\;C:\Program Files (x86)\Microsoft SQL Server\160\DTS\Binn\;C:\Program Files\Azure Data Studio\bin;D:\nvm;D:\nodejs;D:\MogoDB\Server\6.0\data;C:\Program Files\Microsoft SQL Server\130\Tools\Binn\;C:\Program Files (x86)\Microsoft SQL Server\110\DTS\Binn\;C:\Program Files (x86)\Microsoft SQL Server\120\DTS\Binn\;C:\Program Files (x86)\Microsoft SQL Server\130\DTS\Binn\;C:\Program Files (x86)\Microsoft SQL Server\140\DTS\Binn\;C:\Program Files (x86)\Microsoft SQL Server\150\DTS\Binn\;C:\Program Files\Microsoft MPI\Bin\;D:\oracle\app\oracle\product\11.2.0\server\bin;C:\Program Files (x86)\Common Files\Oracle\Java\javapath;C:\Windows\system32;C:\Windows;C:\Windows\System32\Wbem;C:\Windows\System32\WindowsPowerShell\v1.0\;C:\Windows\System32\OpenSSH\;C:\Program Files\Microsoft VS Code\bin;C:\xampp\php;C:\Program Files\Java;C:\Program Files\nodejs\;C:\ProgramData\ComposerSetup\bin;C:\Users\ahmed\scoop\apps\symfony-cli\5.5.1;C:\Program Files\Git\cmd;C:\Program Files (x86)\Microsoft SQL Server\160\Tools\Binn\;C:\Program Files\Microsoft SQL Server\160\Tools\Binn\;C:\Program Files\Microsoft SQL Server\Client SDK\ODBC\170\Tools\Binn\;C:\Program Files\Microsoft SQL Server\160\DTS\Binn\;C:\Program Files (x86)\Microsoft SQL Server\160\DTS\Binn\;C:\Pr
USERNAME=ahmed
OS=Windows_NT
PROCESSOR_IDENTIFIER=Intel64 Family 6 Model 140 Stepping 1, GenuineIntel
TMP=C:\Users\ahmed\AppData\Local\Temp
TEMP=C:\Users\ahmed\AppData\Local\Temp


JNI global refs:

[error occurred during error reporting (JNI global references), id 0xc0000005, EXCEPTION_ACCESS_VIOLATION (0xc0000005) at pc=0x00007ffe612e7a10]


---------------  S Y S T E M  ---------------

OS:
 Windows 10 , 64 bit Build 19041 (10.0.19041.2251)
OS uptime: 0 days 2:39 hours

CPU: total 8 (initial active 8) (4 cores per cpu, 2 threads per core) family 6 model 140 stepping 1 microcode 0xa4, cx8, cmov, fxsr, ht, mmx, 3dnowpref, sse, sse2, sse3, ssse3, sse4.1, sse4.2, popcnt, lzcnt, tsc, tscinvbit, avx, avx2, aes, erms, clmul, bmi1, bmi2, adx, avx512f, avx512dq, avx512cd, avx512bw, avx512vl, sha, fma, vzeroupper, avx512_vpopcntdq, avx512_vpclmulqdq, avx512_vaes, avx512_vnni, clflush, clflushopt, clwb, avx512_vbmi2, avx512_vbmi

Memory: 4k page, system-wide physical 16126M (2067M free)
TotalPageFile size 16126M (AvailPageFile size 123M)
current process WorkingSet (physical memory assigned to process): 10M, peak: 10M
current process commit charge ("private bytes"): 59M, peak: 311M

vm_info: OpenJDK 64-Bit Server VM (17.0.6+0-b2043.56-10027231) for windows-amd64 JRE (17.0.6+0-b2043.56-10027231), built on Apr 28 2023 00:43:19 by "androidbuild" with MS VC++ 16.10 / 16.11 (VS2019)

END.
